<?xml version="1.0" encoding="UTF-8"?>
<testsuite xmlns:xsi="http://www.w3.org/2001/XMLSchema-instance" xsi:noNamespaceSchemaLocation="https://maven.apache.org/surefire/maven-surefire-plugin/xsd/surefire-test-report-3.0.xsd" version="3.0" name="TestSuite" time="29.898" tests="6" errors="0" skipped="0" failures="6">
  <properties>
    <property name="sun.desktop" value="windows"/>
    <property name="awt.toolkit" value="sun.awt.windows.WToolkit"/>
    <property name="file.encoding.pkg" value="sun.io"/>
    <property name="java.specification.version" value="1.8"/>
    <property name="sun.cpu.isalist" value="amd64"/>
    <property name="sun.jnu.encoding" value="Cp1252"/>
    <property name="java.class.path" value="C:\Users\FD329\OneDrive\Desktop\QF_Mobile3_1_24\target\test-classes;C:\Users\FD329\OneDrive\Desktop\QF_Mobile3_1_24\target\classes;C:\Users\FD329\.m2\repository\net\masterthought\cucumber-reporting\5.6.1\cucumber-reporting-5.6.1.jar;C:\Users\FD329\.m2\repository\com\fasterxml\jackson\core\jackson-databind\2.12.1\jackson-databind-2.12.1.jar;C:\Users\FD329\.m2\repository\com\fasterxml\jackson\core\jackson-annotations\2.12.1\jackson-annotations-2.12.1.jar;C:\Users\FD329\.m2\repository\com\fasterxml\jackson\core\jackson-core\2.12.1\jackson-core-2.12.1.jar;C:\Users\FD329\.m2\repository\com\fasterxml\jackson\datatype\jackson-datatype-jsr310\2.12.1\jackson-datatype-jsr310-2.12.1.jar;C:\Users\FD329\.m2\repository\org\apache\velocity\velocity-engine-core\2.3\velocity-engine-core-2.3.jar;C:\Users\FD329\.m2\repository\commons-collections\commons-collections\3.2.2\commons-collections-3.2.2.jar;C:\Users\FD329\.m2\repository\joda-time\joda-time\2.10.10\joda-time-2.10.10.jar;C:\Users\FD329\.m2\repository\org\apache\commons\commons-lang3\3.12.0\commons-lang3-3.12.0.jar;C:\Users\FD329\.m2\repository\commons-io\commons-io\2.7\commons-io-2.7.jar;C:\Users\FD329\.m2\repository\org\codehaus\plexus\plexus-utils\3.3.0\plexus-utils-3.3.0.jar;C:\Users\FD329\.m2\repository\org\jsoup\jsoup\1.14.2\jsoup-1.14.2.jar;C:\Users\FD329\.m2\repository\com\googlecode\owasp-java-html-sanitizer\owasp-java-html-sanitizer\20211018.2\owasp-java-html-sanitizer-20211018.2.jar;C:\Users\FD329\.m2\repository\commons-configuration\commons-configuration\1.10\commons-configuration-1.10.jar;C:\Users\FD329\.m2\repository\commons-lang\commons-lang\2.6\commons-lang-2.6.jar;C:\Users\FD329\.m2\repository\commons-logging\commons-logging\1.1.1\commons-logging-1.1.1.jar;C:\Users\FD329\.m2\repository\org\yaml\snakeyaml\1.29\snakeyaml-1.29.jar;C:\Users\FD329\.m2\repository\junit\junit\3.8.1\junit-3.8.1.jar;C:\Users\FD329\.m2\repository\com\google\guava\guava\31.1-jre\guava-31.1-jre.jar;C:\Users\FD329\.m2\repository\com\google\guava\failureaccess\1.0.1\failureaccess-1.0.1.jar;C:\Users\FD329\.m2\repository\com\google\guava\listenablefuture\9999.0-empty-to-avoid-conflict-with-guava\listenablefuture-9999.0-empty-to-avoid-conflict-with-guava.jar;C:\Users\FD329\.m2\repository\com\google\code\findbugs\jsr305\3.0.2\jsr305-3.0.2.jar;C:\Users\FD329\.m2\repository\org\checkerframework\checker-qual\3.12.0\checker-qual-3.12.0.jar;C:\Users\FD329\.m2\repository\com\google\errorprone\error_prone_annotations\2.11.0\error_prone_annotations-2.11.0.jar;C:\Users\FD329\.m2\repository\com\google\j2objc\j2objc-annotations\1.3\j2objc-annotations-1.3.jar;C:\Users\FD329\.m2\repository\io\cucumber\cucumber-java\6.9.1\cucumber-java-6.9.1.jar;C:\Users\FD329\.m2\repository\org\apiguardian\apiguardian-api\1.1.0\apiguardian-api-1.1.0.jar;C:\Users\FD329\.m2\repository\io\cucumber\cucumber-core\6.9.1\cucumber-core-6.9.1.jar;C:\Users\FD329\.m2\repository\io\cucumber\cucumber-gherkin\6.9.1\cucumber-gherkin-6.9.1.jar;C:\Users\FD329\.m2\repository\io\cucumber\cucumber-gherkin-messages\6.9.1\cucumber-gherkin-messages-6.9.1.jar;C:\Users\FD329\.m2\repository\io\cucumber\messages\13.2.1\messages-13.2.1.jar;C:\Users\FD329\.m2\repository\io\cucumber\tag-expressions\3.0.0\tag-expressions-3.0.0.jar;C:\Users\FD329\.m2\repository\io\cucumber\cucumber-expressions\10.3.0\cucumber-expressions-10.3.0.jar;C:\Users\FD329\.m2\repository\io\cucumber\datatable\3.5.0\datatable-3.5.0.jar;C:\Users\FD329\.m2\repository\io\cucumber\cucumber-plugin\6.9.1\cucumber-plugin-6.9.1.jar;C:\Users\FD329\.m2\repository\io\cucumber\docstring\6.9.1\docstring-6.9.1.jar;C:\Users\FD329\.m2\repository\io\cucumber\html-formatter\9.0.0\html-formatter-9.0.0.jar;C:\Users\FD329\.m2\repository\io\cucumber\create-meta\2.0.4\create-meta-2.0.4.jar;C:\Users\FD329\.m2\repository\io\cucumber\cucumber-junit\6.9.1\cucumber-junit-6.9.1.jar;C:\Users\FD329\.m2\repository\io\cucumber\cucumber-testng\6.9.1\cucumber-testng-6.9.1.jar;C:\Users\FD329\.m2\repository\info\cukes\cucumber-java\1.2.5\cucumber-java-1.2.5.jar;C:\Users\FD329\.m2\repository\info\cukes\cucumber-core\1.2.5\cucumber-core-1.2.5.jar;C:\Users\FD329\.m2\repository\info\cukes\cucumber-html\0.2.3\cucumber-html-0.2.3.jar;C:\Users\FD329\.m2\repository\org\testng\testng\7.0.0\testng-7.0.0.jar;C:\Users\FD329\.m2\repository\com\beust\jcommander\1.72\jcommander-1.72.jar;C:\Users\FD329\.m2\repository\org\apache\logging\log4j\log4j-core\2.15.0\log4j-core-2.15.0.jar;C:\Users\FD329\.m2\repository\org\apache\logging\log4j\log4j-api\2.15.0\log4j-api-2.15.0.jar;C:\Users\FD329\.m2\repository\io\cucumber\cucumber-picocontainer\7.1.0\cucumber-picocontainer-7.1.0.jar;C:\Users\FD329\.m2\repository\org\picocontainer\picocontainer\2.15\picocontainer-2.15.jar;C:\Users\FD329\.m2\repository\info\cukes\cucumber-picocontainer\1.2.5\cucumber-picocontainer-1.2.5.jar;C:\Users\FD329\.m2\repository\info\cukes\cucumber-jvm-deps\1.0.5\cucumber-jvm-deps-1.0.5.jar;C:\Users\FD329\.m2\repository\info\cukes\gherkin\2.12.2\gherkin-2.12.2.jar;C:\Users\FD329\.m2\repository\com\aventstack\extentreports\5.0.9\extentreports-5.0.9.jar;C:\Users\FD329\.m2\repository\io\reactivex\rxjava3\rxjava\3.0.4\rxjava-3.0.4.jar;C:\Users\FD329\.m2\repository\org\reactivestreams\reactive-streams\1.0.3\reactive-streams-1.0.3.jar;C:\Users\FD329\.m2\repository\org\freemarker\freemarker\2.3.30\freemarker-2.3.30.jar;C:\Users\FD329\.m2\repository\org\projectlombok\lombok\1.18.12\lombok-1.18.12.jar;C:\Users\FD329\.m2\repository\com\google\code\gson\gson\2.8.6\gson-2.8.6.jar;C:\Users\FD329\.m2\repository\tech\grasshopper\extentreports-cucumber6-adapter\2.13.0\extentreports-cucumber6-adapter-2.13.0.jar;C:\Users\FD329\.m2\repository\tech\grasshopper\extent-pdf-report\2.7.0\extent-pdf-report-2.7.0.jar;C:\Users\FD329\.m2\repository\tech\grasshopper\cucumber-pdf-report\2.10.0\cucumber-pdf-report-2.10.0.jar;C:\Users\FD329\.m2\repository\org\apache\pdfbox\pdfbox\2.0.26\pdfbox-2.0.26.jar;C:\Users\FD329\.m2\repository\org\apache\pdfbox\fontbox\2.0.26\fontbox-2.0.26.jar;C:\Users\FD329\.m2\repository\org\knowm\xchart\xchart\3.8.0\xchart-3.8.0.jar;C:\Users\FD329\.m2\repository\de\erichseifert\vectorgraphics2d\VectorGraphics2D\0.13\VectorGraphics2D-0.13.jar;C:\Users\FD329\.m2\repository\de\rototor\pdfbox\graphics2d\0.30\graphics2d-0.30.jar;C:\Users\FD329\.m2\repository\com\madgag\animated-gif-lib\1.4\animated-gif-lib-1.4.jar;C:\Users\FD329\.m2\repository\tech\grasshopper\table-layout\1.5.1\table-layout-1.5.1.jar;C:\Users\FD329\.m2\repository\tech\grasshopper\rest-assured-cucumber-pdf-report\1.4.1\rest-assured-cucumber-pdf-report-1.4.1.jar;C:\Users\FD329\.m2\repository\com\aventstack\klov-reporter\5.0.9\klov-reporter-5.0.9.jar;C:\Users\FD329\.m2\repository\org\mongodb\bson\3.6.4\bson-3.6.4.jar;C:\Users\FD329\.m2\repository\org\apache\httpcomponents\httpmime\4.5.13\httpmime-4.5.13.jar;C:\Users\FD329\.m2\repository\tech\grasshopper\htmlextentreporter\1.0.1\htmlextentreporter-1.0.1.jar;C:\Users\FD329\.m2\repository\org\mongodb\mongodb-driver\3.3.0\mongodb-driver-3.3.0.jar;C:\Users\FD329\.m2\repository\org\mongodb\mongodb-driver-core\3.3.0\mongodb-driver-core-3.3.0.jar;C:\Users\FD329\.m2\repository\io\appium\java-client\7.5.1\java-client-7.5.1.jar;C:\Users\FD329\.m2\repository\org\seleniumhq\selenium\selenium-java\3.141.59\selenium-java-3.141.59.jar;C:\Users\FD329\.m2\repository\org\seleniumhq\selenium\selenium-chrome-driver\3.141.59\selenium-chrome-driver-3.141.59.jar;C:\Users\FD329\.m2\repository\org\seleniumhq\selenium\selenium-edge-driver\3.141.59\selenium-edge-driver-3.141.59.jar;C:\Users\FD329\.m2\repository\org\seleniumhq\selenium\selenium-firefox-driver\3.141.59\selenium-firefox-driver-3.141.59.jar;C:\Users\FD329\.m2\repository\org\seleniumhq\selenium\selenium-ie-driver\3.141.59\selenium-ie-driver-3.141.59.jar;C:\Users\FD329\.m2\repository\org\seleniumhq\selenium\selenium-opera-driver\3.141.59\selenium-opera-driver-3.141.59.jar;C:\Users\FD329\.m2\repository\org\seleniumhq\selenium\selenium-remote-driver\3.141.59\selenium-remote-driver-3.141.59.jar;C:\Users\FD329\.m2\repository\org\seleniumhq\selenium\selenium-safari-driver\3.141.59\selenium-safari-driver-3.141.59.jar;C:\Users\FD329\.m2\repository\net\bytebuddy\byte-buddy\1.8.15\byte-buddy-1.8.15.jar;C:\Users\FD329\.m2\repository\org\apache\commons\commons-exec\1.3\commons-exec-1.3.jar;C:\Users\FD329\.m2\repository\com\squareup\okhttp3\okhttp\3.11.0\okhttp-3.11.0.jar;C:\Users\FD329\.m2\repository\com\squareup\okio\okio\1.14.0\okio-1.14.0.jar;C:\Users\FD329\.m2\repository\org\seleniumhq\selenium\selenium-support\3.141.59\selenium-support-3.141.59.jar;C:\Users\FD329\.m2\repository\org\seleniumhq\selenium\selenium-api\3.141.59\selenium-api-3.141.59.jar;C:\Users\FD329\.m2\repository\org\apache\httpcomponents\httpclient\4.5.13\httpclient-4.5.13.jar;C:\Users\FD329\.m2\repository\org\apache\httpcomponents\httpcore\4.4.13\httpcore-4.4.13.jar;C:\Users\FD329\.m2\repository\cglib\cglib\3.3.0\cglib-3.3.0.jar;C:\Users\FD329\.m2\repository\org\ow2\asm\asm\7.1\asm-7.1.jar;C:\Users\FD329\.m2\repository\commons-validator\commons-validator\1.7\commons-validator-1.7.jar;C:\Users\FD329\.m2\repository\commons-beanutils\commons-beanutils\1.9.4\commons-beanutils-1.9.4.jar;C:\Users\FD329\.m2\repository\commons-digester\commons-digester\2.1\commons-digester-2.1.jar;C:\Users\FD329\.m2\repository\org\springframework\spring-context\5.3.4\spring-context-5.3.4.jar;C:\Users\FD329\.m2\repository\org\springframework\spring-aop\5.3.4\spring-aop-5.3.4.jar;C:\Users\FD329\.m2\repository\org\springframework\spring-beans\5.3.4\spring-beans-5.3.4.jar;C:\Users\FD329\.m2\repository\org\springframework\spring-core\5.3.4\spring-core-5.3.4.jar;C:\Users\FD329\.m2\repository\org\springframework\spring-jcl\5.3.4\spring-jcl-5.3.4.jar;C:\Users\FD329\.m2\repository\org\springframework\spring-expression\5.3.4\spring-expression-5.3.4.jar;C:\Users\FD329\.m2\repository\org\aspectj\aspectjweaver\1.9.6\aspectjweaver-1.9.6.jar;C:\Users\FD329\.m2\repository\org\slf4j\slf4j-api\1.7.30\slf4j-api-1.7.30.jar;C:\Users\FD329\.m2\repository\com\github\temyers\cucumber-jvm-parallel-plugin\5.0.0\cucumber-jvm-parallel-plugin-5.0.0.jar;C:\Users\FD329\.m2\repository\org\apache\velocity\velocity\1.7\velocity-1.7.jar;C:\Users\FD329\.m2\repository\io\cucumber\gherkin\5.0.0\gherkin-5.0.0.jar;C:\Users\FD329\.m2\repository\io\cucumber\gherkin-jvm-deps\1.0.4\gherkin-jvm-deps-1.0.4.jar;C:\Users\FD329\.m2\repository\org\json\json\20190722\json-20190722.jar;C:\Users\FD329\.m2\repository\com\googlecode\json-simple\json-simple\1.1.1\json-simple-1.1.1.jar;C:\Users\FD329\.m2\repository\com\github\javafaker\javafaker\0.12\javafaker-0.12.jar;C:\Users\FD329\.m2\repository\com\github\mifmif\generex\1.0.2\generex-1.0.2.jar;C:\Users\FD329\.m2\repository\dk\brics\automaton\automaton\1.11-8\automaton-1.11-8.jar;C:\Users\FD329\.m2\repository\org\im4java\im4java\1.4.0\im4java-1.4.0.jar;C:\Users\FD329\.m2\repository\log4j\log4j\1.2.17\log4j-1.2.17.jar;C:\Users\FD329\.m2\repository\org\apache\poi\poi\4.0.1\poi-4.0.1.jar;C:\Users\FD329\.m2\repository\commons-codec\commons-codec\1.11\commons-codec-1.11.jar;C:\Users\FD329\.m2\repository\org\apache\commons\commons-collections4\4.2\commons-collections4-4.2.jar;C:\Users\FD329\.m2\repository\org\apache\commons\commons-math3\3.6.1\commons-math3-3.6.1.jar;C:\Users\FD329\.m2\repository\org\apache\poi\poi-ooxml\4.0.1\poi-ooxml-4.0.1.jar;C:\Users\FD329\.m2\repository\org\apache\poi\poi-ooxml-schemas\4.0.1\poi-ooxml-schemas-4.0.1.jar;C:\Users\FD329\.m2\repository\org\apache\xmlbeans\xmlbeans\3.0.2\xmlbeans-3.0.2.jar;C:\Users\FD329\.m2\repository\org\apache\commons\commons-compress\1.18\commons-compress-1.18.jar;C:\Users\FD329\.m2\repository\com\github\virtuald\curvesapi\1.05\curvesapi-1.05.jar;C:\Users\FD329\.m2\repository\com\google\api-client\google-api-client\1.30.9\google-api-client-1.30.9.jar;C:\Users\FD329\.m2\repository\com\google\oauth-client\google-oauth-client\1.30.5\google-oauth-client-1.30.5.jar;C:\Users\FD329\.m2\repository\com\google\http-client\google-http-client\1.34.0\google-http-client-1.34.0.jar;C:\Users\FD329\.m2\repository\io\opencensus\opencensus-api\0.24.0\opencensus-api-0.24.0.jar;C:\Users\FD329\.m2\repository\io\grpc\grpc-context\1.22.1\grpc-context-1.22.1.jar;C:\Users\FD329\.m2\repository\io\opencensus\opencensus-contrib-http-util\0.24.0\opencensus-contrib-http-util-0.24.0.jar;C:\Users\FD329\.m2\repository\com\google\http-client\google-http-client-jackson2\1.34.2\google-http-client-jackson2-1.34.2.jar;C:\Users\FD329\.m2\repository\com\google\oauth-client\google-oauth-client-jetty\1.30.6\google-oauth-client-jetty-1.30.6.jar;C:\Users\FD329\.m2\repository\com\google\oauth-client\google-oauth-client-java6\1.30.6\google-oauth-client-java6-1.30.6.jar;C:\Users\FD329\.m2\repository\com\google\apis\google-api-services-sheets\v4-rev612-1.25.0\google-api-services-sheets-v4-rev612-1.25.0.jar;"/>
    <property name="java.vm.vendor" value="Oracle Corporation"/>
    <property name="sun.arch.data.model" value="64"/>
    <property name="user.variant" value=""/>
    <property name="java.vendor.url" value="http://java.oracle.com/"/>
    <property name="user.timezone" value="Asia/Calcutta"/>
    <property name="java.vm.specification.version" value="1.8"/>
    <property name="os.name" value="Windows 10"/>
    <property name="user.country" value="US"/>
    <property name="sun.java.launcher" value="SUN_STANDARD"/>
    <property name="sun.boot.library.path" value="C:\Program Files\Java\jdk1.8.0_291\jre\bin"/>
    <property name="sun.java.command" value="C:\Users\FD329\AppData\Local\Temp\surefire2447426996333339840\surefirebooter3405363455703063148.jar C:\Users\FD329\AppData\Local\Temp\surefire2447426996333339840 2024-03-05T12-02-21_555-jvmRun1 surefire5132312775420230389tmp surefire_0874583591983059699tmp"/>
    <property name="surefire.test.class.path" value="C:\Users\FD329\OneDrive\Desktop\QF_Mobile3_1_24\target\test-classes;C:\Users\FD329\OneDrive\Desktop\QF_Mobile3_1_24\target\classes;C:\Users\FD329\.m2\repository\net\masterthought\cucumber-reporting\5.6.1\cucumber-reporting-5.6.1.jar;C:\Users\FD329\.m2\repository\com\fasterxml\jackson\core\jackson-databind\2.12.1\jackson-databind-2.12.1.jar;C:\Users\FD329\.m2\repository\com\fasterxml\jackson\core\jackson-annotations\2.12.1\jackson-annotations-2.12.1.jar;C:\Users\FD329\.m2\repository\com\fasterxml\jackson\core\jackson-core\2.12.1\jackson-core-2.12.1.jar;C:\Users\FD329\.m2\repository\com\fasterxml\jackson\datatype\jackson-datatype-jsr310\2.12.1\jackson-datatype-jsr310-2.12.1.jar;C:\Users\FD329\.m2\repository\org\apache\velocity\velocity-engine-core\2.3\velocity-engine-core-2.3.jar;C:\Users\FD329\.m2\repository\commons-collections\commons-collections\3.2.2\commons-collections-3.2.2.jar;C:\Users\FD329\.m2\repository\joda-time\joda-time\2.10.10\joda-time-2.10.10.jar;C:\Users\FD329\.m2\repository\org\apache\commons\commons-lang3\3.12.0\commons-lang3-3.12.0.jar;C:\Users\FD329\.m2\repository\commons-io\commons-io\2.7\commons-io-2.7.jar;C:\Users\FD329\.m2\repository\org\codehaus\plexus\plexus-utils\3.3.0\plexus-utils-3.3.0.jar;C:\Users\FD329\.m2\repository\org\jsoup\jsoup\1.14.2\jsoup-1.14.2.jar;C:\Users\FD329\.m2\repository\com\googlecode\owasp-java-html-sanitizer\owasp-java-html-sanitizer\20211018.2\owasp-java-html-sanitizer-20211018.2.jar;C:\Users\FD329\.m2\repository\commons-configuration\commons-configuration\1.10\commons-configuration-1.10.jar;C:\Users\FD329\.m2\repository\commons-lang\commons-lang\2.6\commons-lang-2.6.jar;C:\Users\FD329\.m2\repository\commons-logging\commons-logging\1.1.1\commons-logging-1.1.1.jar;C:\Users\FD329\.m2\repository\org\yaml\snakeyaml\1.29\snakeyaml-1.29.jar;C:\Users\FD329\.m2\repository\junit\junit\3.8.1\junit-3.8.1.jar;C:\Users\FD329\.m2\repository\com\google\guava\guava\31.1-jre\guava-31.1-jre.jar;C:\Users\FD329\.m2\repository\com\google\guava\failureaccess\1.0.1\failureaccess-1.0.1.jar;C:\Users\FD329\.m2\repository\com\google\guava\listenablefuture\9999.0-empty-to-avoid-conflict-with-guava\listenablefuture-9999.0-empty-to-avoid-conflict-with-guava.jar;C:\Users\FD329\.m2\repository\com\google\code\findbugs\jsr305\3.0.2\jsr305-3.0.2.jar;C:\Users\FD329\.m2\repository\org\checkerframework\checker-qual\3.12.0\checker-qual-3.12.0.jar;C:\Users\FD329\.m2\repository\com\google\errorprone\error_prone_annotations\2.11.0\error_prone_annotations-2.11.0.jar;C:\Users\FD329\.m2\repository\com\google\j2objc\j2objc-annotations\1.3\j2objc-annotations-1.3.jar;C:\Users\FD329\.m2\repository\io\cucumber\cucumber-java\6.9.1\cucumber-java-6.9.1.jar;C:\Users\FD329\.m2\repository\org\apiguardian\apiguardian-api\1.1.0\apiguardian-api-1.1.0.jar;C:\Users\FD329\.m2\repository\io\cucumber\cucumber-core\6.9.1\cucumber-core-6.9.1.jar;C:\Users\FD329\.m2\repository\io\cucumber\cucumber-gherkin\6.9.1\cucumber-gherkin-6.9.1.jar;C:\Users\FD329\.m2\repository\io\cucumber\cucumber-gherkin-messages\6.9.1\cucumber-gherkin-messages-6.9.1.jar;C:\Users\FD329\.m2\repository\io\cucumber\messages\13.2.1\messages-13.2.1.jar;C:\Users\FD329\.m2\repository\io\cucumber\tag-expressions\3.0.0\tag-expressions-3.0.0.jar;C:\Users\FD329\.m2\repository\io\cucumber\cucumber-expressions\10.3.0\cucumber-expressions-10.3.0.jar;C:\Users\FD329\.m2\repository\io\cucumber\datatable\3.5.0\datatable-3.5.0.jar;C:\Users\FD329\.m2\repository\io\cucumber\cucumber-plugin\6.9.1\cucumber-plugin-6.9.1.jar;C:\Users\FD329\.m2\repository\io\cucumber\docstring\6.9.1\docstring-6.9.1.jar;C:\Users\FD329\.m2\repository\io\cucumber\html-formatter\9.0.0\html-formatter-9.0.0.jar;C:\Users\FD329\.m2\repository\io\cucumber\create-meta\2.0.4\create-meta-2.0.4.jar;C:\Users\FD329\.m2\repository\io\cucumber\cucumber-junit\6.9.1\cucumber-junit-6.9.1.jar;C:\Users\FD329\.m2\repository\io\cucumber\cucumber-testng\6.9.1\cucumber-testng-6.9.1.jar;C:\Users\FD329\.m2\repository\info\cukes\cucumber-java\1.2.5\cucumber-java-1.2.5.jar;C:\Users\FD329\.m2\repository\info\cukes\cucumber-core\1.2.5\cucumber-core-1.2.5.jar;C:\Users\FD329\.m2\repository\info\cukes\cucumber-html\0.2.3\cucumber-html-0.2.3.jar;C:\Users\FD329\.m2\repository\org\testng\testng\7.0.0\testng-7.0.0.jar;C:\Users\FD329\.m2\repository\com\beust\jcommander\1.72\jcommander-1.72.jar;C:\Users\FD329\.m2\repository\org\apache\logging\log4j\log4j-core\2.15.0\log4j-core-2.15.0.jar;C:\Users\FD329\.m2\repository\org\apache\logging\log4j\log4j-api\2.15.0\log4j-api-2.15.0.jar;C:\Users\FD329\.m2\repository\io\cucumber\cucumber-picocontainer\7.1.0\cucumber-picocontainer-7.1.0.jar;C:\Users\FD329\.m2\repository\org\picocontainer\picocontainer\2.15\picocontainer-2.15.jar;C:\Users\FD329\.m2\repository\info\cukes\cucumber-picocontainer\1.2.5\cucumber-picocontainer-1.2.5.jar;C:\Users\FD329\.m2\repository\info\cukes\cucumber-jvm-deps\1.0.5\cucumber-jvm-deps-1.0.5.jar;C:\Users\FD329\.m2\repository\info\cukes\gherkin\2.12.2\gherkin-2.12.2.jar;C:\Users\FD329\.m2\repository\com\aventstack\extentreports\5.0.9\extentreports-5.0.9.jar;C:\Users\FD329\.m2\repository\io\reactivex\rxjava3\rxjava\3.0.4\rxjava-3.0.4.jar;C:\Users\FD329\.m2\repository\org\reactivestreams\reactive-streams\1.0.3\reactive-streams-1.0.3.jar;C:\Users\FD329\.m2\repository\org\freemarker\freemarker\2.3.30\freemarker-2.3.30.jar;C:\Users\FD329\.m2\repository\org\projectlombok\lombok\1.18.12\lombok-1.18.12.jar;C:\Users\FD329\.m2\repository\com\google\code\gson\gson\2.8.6\gson-2.8.6.jar;C:\Users\FD329\.m2\repository\tech\grasshopper\extentreports-cucumber6-adapter\2.13.0\extentreports-cucumber6-adapter-2.13.0.jar;C:\Users\FD329\.m2\repository\tech\grasshopper\extent-pdf-report\2.7.0\extent-pdf-report-2.7.0.jar;C:\Users\FD329\.m2\repository\tech\grasshopper\cucumber-pdf-report\2.10.0\cucumber-pdf-report-2.10.0.jar;C:\Users\FD329\.m2\repository\org\apache\pdfbox\pdfbox\2.0.26\pdfbox-2.0.26.jar;C:\Users\FD329\.m2\repository\org\apache\pdfbox\fontbox\2.0.26\fontbox-2.0.26.jar;C:\Users\FD329\.m2\repository\org\knowm\xchart\xchart\3.8.0\xchart-3.8.0.jar;C:\Users\FD329\.m2\repository\de\erichseifert\vectorgraphics2d\VectorGraphics2D\0.13\VectorGraphics2D-0.13.jar;C:\Users\FD329\.m2\repository\de\rototor\pdfbox\graphics2d\0.30\graphics2d-0.30.jar;C:\Users\FD329\.m2\repository\com\madgag\animated-gif-lib\1.4\animated-gif-lib-1.4.jar;C:\Users\FD329\.m2\repository\tech\grasshopper\table-layout\1.5.1\table-layout-1.5.1.jar;C:\Users\FD329\.m2\repository\tech\grasshopper\rest-assured-cucumber-pdf-report\1.4.1\rest-assured-cucumber-pdf-report-1.4.1.jar;C:\Users\FD329\.m2\repository\com\aventstack\klov-reporter\5.0.9\klov-reporter-5.0.9.jar;C:\Users\FD329\.m2\repository\org\mongodb\bson\3.6.4\bson-3.6.4.jar;C:\Users\FD329\.m2\repository\org\apache\httpcomponents\httpmime\4.5.13\httpmime-4.5.13.jar;C:\Users\FD329\.m2\repository\tech\grasshopper\htmlextentreporter\1.0.1\htmlextentreporter-1.0.1.jar;C:\Users\FD329\.m2\repository\org\mongodb\mongodb-driver\3.3.0\mongodb-driver-3.3.0.jar;C:\Users\FD329\.m2\repository\org\mongodb\mongodb-driver-core\3.3.0\mongodb-driver-core-3.3.0.jar;C:\Users\FD329\.m2\repository\io\appium\java-client\7.5.1\java-client-7.5.1.jar;C:\Users\FD329\.m2\repository\org\seleniumhq\selenium\selenium-java\3.141.59\selenium-java-3.141.59.jar;C:\Users\FD329\.m2\repository\org\seleniumhq\selenium\selenium-chrome-driver\3.141.59\selenium-chrome-driver-3.141.59.jar;C:\Users\FD329\.m2\repository\org\seleniumhq\selenium\selenium-edge-driver\3.141.59\selenium-edge-driver-3.141.59.jar;C:\Users\FD329\.m2\repository\org\seleniumhq\selenium\selenium-firefox-driver\3.141.59\selenium-firefox-driver-3.141.59.jar;C:\Users\FD329\.m2\repository\org\seleniumhq\selenium\selenium-ie-driver\3.141.59\selenium-ie-driver-3.141.59.jar;C:\Users\FD329\.m2\repository\org\seleniumhq\selenium\selenium-opera-driver\3.141.59\selenium-opera-driver-3.141.59.jar;C:\Users\FD329\.m2\repository\org\seleniumhq\selenium\selenium-remote-driver\3.141.59\selenium-remote-driver-3.141.59.jar;C:\Users\FD329\.m2\repository\org\seleniumhq\selenium\selenium-safari-driver\3.141.59\selenium-safari-driver-3.141.59.jar;C:\Users\FD329\.m2\repository\net\bytebuddy\byte-buddy\1.8.15\byte-buddy-1.8.15.jar;C:\Users\FD329\.m2\repository\org\apache\commons\commons-exec\1.3\commons-exec-1.3.jar;C:\Users\FD329\.m2\repository\com\squareup\okhttp3\okhttp\3.11.0\okhttp-3.11.0.jar;C:\Users\FD329\.m2\repository\com\squareup\okio\okio\1.14.0\okio-1.14.0.jar;C:\Users\FD329\.m2\repository\org\seleniumhq\selenium\selenium-support\3.141.59\selenium-support-3.141.59.jar;C:\Users\FD329\.m2\repository\org\seleniumhq\selenium\selenium-api\3.141.59\selenium-api-3.141.59.jar;C:\Users\FD329\.m2\repository\org\apache\httpcomponents\httpclient\4.5.13\httpclient-4.5.13.jar;C:\Users\FD329\.m2\repository\org\apache\httpcomponents\httpcore\4.4.13\httpcore-4.4.13.jar;C:\Users\FD329\.m2\repository\cglib\cglib\3.3.0\cglib-3.3.0.jar;C:\Users\FD329\.m2\repository\org\ow2\asm\asm\7.1\asm-7.1.jar;C:\Users\FD329\.m2\repository\commons-validator\commons-validator\1.7\commons-validator-1.7.jar;C:\Users\FD329\.m2\repository\commons-beanutils\commons-beanutils\1.9.4\commons-beanutils-1.9.4.jar;C:\Users\FD329\.m2\repository\commons-digester\commons-digester\2.1\commons-digester-2.1.jar;C:\Users\FD329\.m2\repository\org\springframework\spring-context\5.3.4\spring-context-5.3.4.jar;C:\Users\FD329\.m2\repository\org\springframework\spring-aop\5.3.4\spring-aop-5.3.4.jar;C:\Users\FD329\.m2\repository\org\springframework\spring-beans\5.3.4\spring-beans-5.3.4.jar;C:\Users\FD329\.m2\repository\org\springframework\spring-core\5.3.4\spring-core-5.3.4.jar;C:\Users\FD329\.m2\repository\org\springframework\spring-jcl\5.3.4\spring-jcl-5.3.4.jar;C:\Users\FD329\.m2\repository\org\springframework\spring-expression\5.3.4\spring-expression-5.3.4.jar;C:\Users\FD329\.m2\repository\org\aspectj\aspectjweaver\1.9.6\aspectjweaver-1.9.6.jar;C:\Users\FD329\.m2\repository\org\slf4j\slf4j-api\1.7.30\slf4j-api-1.7.30.jar;C:\Users\FD329\.m2\repository\com\github\temyers\cucumber-jvm-parallel-plugin\5.0.0\cucumber-jvm-parallel-plugin-5.0.0.jar;C:\Users\FD329\.m2\repository\org\apache\velocity\velocity\1.7\velocity-1.7.jar;C:\Users\FD329\.m2\repository\io\cucumber\gherkin\5.0.0\gherkin-5.0.0.jar;C:\Users\FD329\.m2\repository\io\cucumber\gherkin-jvm-deps\1.0.4\gherkin-jvm-deps-1.0.4.jar;C:\Users\FD329\.m2\repository\org\json\json\20190722\json-20190722.jar;C:\Users\FD329\.m2\repository\com\googlecode\json-simple\json-simple\1.1.1\json-simple-1.1.1.jar;C:\Users\FD329\.m2\repository\com\github\javafaker\javafaker\0.12\javafaker-0.12.jar;C:\Users\FD329\.m2\repository\com\github\mifmif\generex\1.0.2\generex-1.0.2.jar;C:\Users\FD329\.m2\repository\dk\brics\automaton\automaton\1.11-8\automaton-1.11-8.jar;C:\Users\FD329\.m2\repository\org\im4java\im4java\1.4.0\im4java-1.4.0.jar;C:\Users\FD329\.m2\repository\log4j\log4j\1.2.17\log4j-1.2.17.jar;C:\Users\FD329\.m2\repository\org\apache\poi\poi\4.0.1\poi-4.0.1.jar;C:\Users\FD329\.m2\repository\commons-codec\commons-codec\1.11\commons-codec-1.11.jar;C:\Users\FD329\.m2\repository\org\apache\commons\commons-collections4\4.2\commons-collections4-4.2.jar;C:\Users\FD329\.m2\repository\org\apache\commons\commons-math3\3.6.1\commons-math3-3.6.1.jar;C:\Users\FD329\.m2\repository\org\apache\poi\poi-ooxml\4.0.1\poi-ooxml-4.0.1.jar;C:\Users\FD329\.m2\repository\org\apache\poi\poi-ooxml-schemas\4.0.1\poi-ooxml-schemas-4.0.1.jar;C:\Users\FD329\.m2\repository\org\apache\xmlbeans\xmlbeans\3.0.2\xmlbeans-3.0.2.jar;C:\Users\FD329\.m2\repository\org\apache\commons\commons-compress\1.18\commons-compress-1.18.jar;C:\Users\FD329\.m2\repository\com\github\virtuald\curvesapi\1.05\curvesapi-1.05.jar;C:\Users\FD329\.m2\repository\com\google\api-client\google-api-client\1.30.9\google-api-client-1.30.9.jar;C:\Users\FD329\.m2\repository\com\google\oauth-client\google-oauth-client\1.30.5\google-oauth-client-1.30.5.jar;C:\Users\FD329\.m2\repository\com\google\http-client\google-http-client\1.34.0\google-http-client-1.34.0.jar;C:\Users\FD329\.m2\repository\io\opencensus\opencensus-api\0.24.0\opencensus-api-0.24.0.jar;C:\Users\FD329\.m2\repository\io\grpc\grpc-context\1.22.1\grpc-context-1.22.1.jar;C:\Users\FD329\.m2\repository\io\opencensus\opencensus-contrib-http-util\0.24.0\opencensus-contrib-http-util-0.24.0.jar;C:\Users\FD329\.m2\repository\com\google\http-client\google-http-client-jackson2\1.34.2\google-http-client-jackson2-1.34.2.jar;C:\Users\FD329\.m2\repository\com\google\oauth-client\google-oauth-client-jetty\1.30.6\google-oauth-client-jetty-1.30.6.jar;C:\Users\FD329\.m2\repository\com\google\oauth-client\google-oauth-client-java6\1.30.6\google-oauth-client-java6-1.30.6.jar;C:\Users\FD329\.m2\repository\com\google\apis\google-api-services-sheets\v4-rev612-1.25.0\google-api-services-sheets-v4-rev612-1.25.0.jar;"/>
    <property name="sun.cpu.endian" value="little"/>
    <property name="user.home" value="C:\Users\FD329"/>
    <property name="user.language" value="en"/>
    <property name="java.specification.vendor" value="Oracle Corporation"/>
    <property name="java.home" value="C:\Program Files\Java\jdk1.8.0_291\jre"/>
    <property name="basedir" value="C:\Users\FD329\OneDrive\Desktop\QF_Mobile3_1_24"/>
    <property name="file.separator" value="\"/>
    <property name="line.separator" value="&#10;"/>
    <property name="java.vm.specification.vendor" value="Oracle Corporation"/>
    <property name="java.specification.name" value="Java Platform API Specification"/>
    <property name="java.awt.graphicsenv" value="sun.awt.Win32GraphicsEnvironment"/>
    <property name="surefire.real.class.path" value="C:\Users\FD329\AppData\Local\Temp\surefire2447426996333339840\surefirebooter3405363455703063148.jar"/>
    <property name="sun.boot.class.path" value="C:\Program Files\Java\jdk1.8.0_291\jre\lib\resources.jar;C:\Program Files\Java\jdk1.8.0_291\jre\lib\rt.jar;C:\Program Files\Java\jdk1.8.0_291\jre\lib\sunrsasign.jar;C:\Program Files\Java\jdk1.8.0_291\jre\lib\jsse.jar;C:\Program Files\Java\jdk1.8.0_291\jre\lib\jce.jar;C:\Program Files\Java\jdk1.8.0_291\jre\lib\charsets.jar;C:\Program Files\Java\jdk1.8.0_291\jre\lib\jfr.jar;C:\Program Files\Java\jdk1.8.0_291\jre\classes"/>
    <property name="user.script" value=""/>
    <property name="sun.management.compiler" value="HotSpot 64-Bit Tiered Compilers"/>
    <property name="java.runtime.version" value="1.8.0_291-b10"/>
    <property name="user.name" value="FD329"/>
    <property name="path.separator" value=";"/>
    <property name="os.version" value="10.0"/>
    <property name="java.endorsed.dirs" value="C:\Program Files\Java\jdk1.8.0_291\jre\lib\endorsed"/>
    <property name="java.runtime.name" value="Java(TM) SE Runtime Environment"/>
    <property name="file.encoding" value="Cp1252"/>
    <property name="java.vm.name" value="Java HotSpot(TM) 64-Bit Server VM"/>
    <property name="localRepository" value="C:\Users\FD329\.m2\repository"/>
    <property name="java.vendor.url.bug" value="http://bugreport.sun.com/bugreport/"/>
    <property name="java.io.tmpdir" value="C:\Users\FD329\AppData\Local\Temp\"/>
    <property name="idea.version" value="2021.3"/>
    <property name="java.version" value="1.8.0_291"/>
    <property name="user.dir" value="C:\Users\FD329\OneDrive\Desktop\QF_Mobile3_1_24"/>
    <property name="os.arch" value="amd64"/>
    <property name="java.vm.specification.name" value="Java Virtual Machine Specification"/>
    <property name="java.awt.printerjob" value="sun.awt.windows.WPrinterJob"/>
    <property name="sun.os.patch.level" value=""/>
    <property name="java.library.path" value="C:\Program Files\Java\jdk1.8.0_291\jre\bin;C:\WINDOWS\Sun\Java\bin;C:\WINDOWS\system32;C:\WINDOWS;C:\Program Files\Java\jdk1.8.0_291\bin;C:\Program Files\Common Files\Oracle\Java\javapath;C:\WINDOWS\system32;C:\WINDOWS;C:\WINDOWS\System32\Wbem;C:\WINDOWS\System32\WindowsPowerShell\v1.0\;C:\WINDOWS\System32\OpenSSH\;C:\Program Files\Intel\WiFi\bin\;C:\Program Files\Common Files\Intel\WirelessCommon\;C:\Program Files (x86)\CheckPoint\Endpoint Security\Endpoint Common\bin;C:\Program Files\Docker\Docker\resources\bin;C:\Program Files\nodejs\;C:\Program Files\apache-maven-3.8.4\bin;C:\Program Files\Git\cmd;C:\Users\FD329\AppData\Local\Android\Sdk\tools\bin;C:\Users\FD329\AppData\Local\Android\Sdk\tools;C:\Users\FD329\AppData\Local\Android\Sdk\platform-tools;C:\Users\FD329\AppData\Local\Android\Sdk\build-tools\34.0.0;C:\Users\FD329\AppData\Local\Android\Sdk\build-tools\34.0.0\lld-bin;C:\Users\FD329\AppData\Local\Android\Sdk\emulator;C:\Users\FD329\AppData\Local\Android\Sdk\emulator\bin64;C:\Users\FD329\AppData\Local\Microsoft\WindowsApps;C:\Users\FD329\AppData\Local\GitHubDesktop\bin;C:\Users\FD329\AppData\Local\Google\Cloud SDK\google-cloud-sdk\bin;C:\Users\FD329\AppData\Roaming\npm;C:\Users\FD329\AppData\Local\Android\Sdk\tools\bin;C:\Users\FD329\AppData\Local\Android\Sdk\tools;C:\Users\FD329\AppData\Local\Android\Sdk\platform-tools;C:\Users\FD329\AppData\Local\Android\Sdk\build-tools\34.0.0;C:\Users\FD329\AppData\Local\Android\Sdk\build-tools\34.0.0\lld-bin;C:\Users\FD329\AppData\Local\Android\Sdk\emulator;C:\Users\FD329\AppData\Local\Android\Sdk\emulator\bin64;C:\Program Files\Java\jdk1.8.0_291\bin;;."/>
    <property name="java.vm.info" value="mixed mode"/>
    <property name="java.vendor" value="Oracle Corporation"/>
    <property name="java.vm.version" value="25.291-b10"/>
    <property name="java.ext.dirs" value="C:\Program Files\Java\jdk1.8.0_291\jre\lib\ext;C:\WINDOWS\Sun\Java\lib\ext"/>
    <property name="sun.io.unicode.encoding" value="UnicodeLittle"/>
    <property name="java.class.version" value="52.0"/>
  </properties>
  <testcase name="scenario[&quot;pick the Picker1SevenItemsAndLoadBoxAndDispatchType&quot;, &quot;Optional[online BoxAndDispatchType:Pick the items in Delivery and load the Delivery into the truck]&quot;](1)" classname="com.DmartLabs.bdd.Runner.TestNgRunner" time="5.562">
    <failure message="Can not set io.appium.java_client.MobileElement field com.DmartLabs.bdd.pages.GenericLoginPage.username to null value" type="java.lang.IllegalArgumentException"><![CDATA[java.lang.IllegalArgumentException: Can not set io.appium.java_client.MobileElement field com.DmartLabs.bdd.pages.GenericLoginPage.username to null value
	at com.DmartLabs.bdd.Runner.TestNgRunner.scenario(TestNgRunner.java:44)
]]></failure>
    <system-out><![CDATA[
@PickingSevenItemsOnlineBoxAndDispatchType
Scenario Outline: pick the Picker1SevenItemsAndLoadBoxAndDispatchType                        # src/test/resources/TestNg/11_PWP_PickerAndLoaderFlow_Online.feature:32
AlterSuite
prop.capabilities: null
Hooks: Set Appium Manager
size is1
@Start: ITestContext
list size***[com.DmartLabs.commonutils.AppiumManager@5fb97279]
divise
AppiumJSPath: C:\Users\FD329\AppData\Roaming\npm\node_modules\appium\build\lib\main.js
nodePath: C:\Program Files\nodejs\node.exe
&amp#27;[35m[Appium]&amp#27;[39m Welcome to Appium v1.22.3
&amp#27;[35m[Appium]&amp#27;[39m Non-default server args:
&amp#27;[35m[Appium]&amp#27;[39m   address: 127.0.0.1
&amp#27;[35m[Appium]&amp#27;[39m   port: 58826
&amp#27;[35m[Appium]&amp#27;[39m   bootstrapPort: 58824
&amp#27;[35m[Appium]&amp#27;[39m   logFile: C:\Users\FD329\OneDrive\Desktop\QF_Mobile3_1_24\reports\Report_2024-03-05 12-02-24\22315523022723\logs\appium_log_1709620344476.txt
&amp#27;[35m[Appium]&amp#27;[39m   chromedriverPort: 58825
&amp#27;[35m[Appium]&amp#27;[39m Deprecated server args:
&amp#27;[35m[Appium]&amp#27;[39m   &amp#27;[31m--chromedriver-port&amp#27;[39m => --default-capabilities
&amp#27;[35m[Appium]&amp#27;[39m Default capabilities, which will be added to each request unless overridden by desired capabilities:
&amp#27;[35m[Appium]&amp#27;[39m   chromedriverPort: 58825
&amp#27;[35m[Appium]&amp#27;[39m Appium REST http interface listener started on 127.0.0.1:58826
&amp#27;[35m[HTTP]&amp#27;[39m &amp#27;[37m-->&amp#27;[39m &amp#27;[37mGET&amp#27;[39m &amp#27;[37m/wd/hub/status&amp#27;[39m
&amp#27;[35m[HTTP]&amp#27;[39m &amp#27;[90m{}&amp#27;[39m
[debug] &amp#27;[35m[GENERIC]&amp#27;[39m Calling AppiumDriver.getStatus() with args: []
[debug] &amp#27;[35m[GENERIC]&amp#27;[39m Responding to client with driver.getStatus() result: {"build":{"version":"1.22.3"}}
&amp#27;[35m[HTTP]&amp#27;[39m &amp#27;[37m<-- GET /wd/hub/status &amp#27;[39m&amp#27;[32m200&amp#27;[39m &amp#27;[90m6 ms - 68&amp#27;[39m
&amp#27;[35m[HTTP]&amp#27;[39m &amp#27;[90m&amp#27;[39m
Appium Server Started
in side before
Create Driver...
true
Entering Set Caps Local Execution....
setting capabilities
setting isAndroid: true
configJSON: {"server":{"port":1234,"host":"localhost"},"cloudCapabilities":{"app":"lt://APP10160281841703072392455169","build":"krushna","w3c":"true","platformVersion":"13","name":"usa","video":"true","isRealMobile":"true","platformName":"android","region":"AP","deviceName":"Galaxy .*"},"capabilities":{"android":{"appPackage":"com.dlabs.meradmart.mobile","appActivity":"com.dlabs.meradmart.mobile.MainActivity","newCommandTimeout":600,"platformName":"Android","launchTimeout":90000}},"devices":[{"name":"22315523022723","version":"11.0.0","platform":"Android"}],"cloud_server":{"accessKey":"ZyDVxJ8RZPug8JkwdwdwdmTnWaMLcLf1LPTMxkWzwX6nIWWPbgfrQyjT","host":"@mobile-hub.lambdadwwtest.com/wd/hub","userName":"krushna.jenwdwwdwdwaqualitrix"},"properties":{"environment":"local","reportName":"Qualitrix Automation Report"}}Debug ....2
Entering Set Driver Local Execution....
Exception: Unable to create a new remote session. Please check the server log for more details. Original error: An unknown server-side error occurred while processing the command. Original error: Device 22315523022723 was not in the list of connected devices
Build info: version: '3.141.59', revision: 'e82be7d358', time: '2018-11-14T08:17:03'
System info: host: 'DESKTOP-9RT33CF', ip: '172.16.1.138', os.name: 'Windows 10', os.arch: 'amd64', os.version: '10.0', java.version: '1.8.0_291'
Driver info: driver.version: AndroidDriver
remote stacktrace: UnknownError: An unknown server-side error occurred while processing the command. Original error: Device 22315523022723 was not in the list of connected devices
    at getResponseForW3CError (C:\Users\FD329\AppData\Roaming\npm\node_modules\appium\node_modules\appium-base-driver\lib\protocol\errors.js:804:9)
    at asyncHandler (C:\Users\FD329\AppData\Roaming\npm\node_modules\appium\node_modules\appium-base-driver\lib\protocol\protocol.js:380:37)
Build info: version: '3.141.59', revision: 'e82be7d358', time: '2018-11-14T08:17:03'
System info: host: 'DESKTOP-9RT33CF', ip: '172.16.1.138', os.name: 'Windows 10', os.arch: 'amd64', os.version: '10.0', java.version: '1.8.0_291'
Driver info: driver.version: AndroidDriver
  Given Enter username "121346" and password "Sweety123@" to login to the picker application # com.DmartLabs.stepdefinitions.GenericStep.enterUsernameAndPasswordToLoginToThePickerApplication(java.lang.String,java.lang.String)
      java.lang.IllegalArgumentException: Can not set io.appium.java_client.MobileElement field com.DmartLabs.bdd.pages.GenericLoginPage.username to null value
	at sun.reflect.UnsafeFieldAccessorImpl.throwSetIllegalArgumentException(UnsafeFieldAccessorImpl.java:167)
	at sun.reflect.UnsafeFieldAccessorImpl.throwSetIllegalArgumentException(UnsafeFieldAccessorImpl.java:171)
	at sun.reflect.UnsafeObjectFieldAccessorImpl.set(UnsafeObjectFieldAccessorImpl.java:81)
	at java.lang.reflect.Field.set(Field.java:764)
	at org.openqa.selenium.support.PageFactory.proxyFields(PageFactory.java:117)
	at org.openqa.selenium.support.PageFactory.initElements(PageFactory.java:105)
	at com.DmartLabs.bdd.pages.GenericLoginPage.<init>(GenericLoginPage.java:15)
	at com.DmartLabs.stepdefinitions.GenericStep.<init>(GenericStep.java:9)
	at sun.reflect.NativeConstructorAccessorImpl.newInstance0(Native Method)
	at sun.reflect.NativeConstructorAccessorImpl.newInstance(NativeConstructorAccessorImpl.java:62)
	at sun.reflect.DelegatingConstructorAccessorImpl.newInstance(DelegatingConstructorAccessorImpl.java:45)
	at java.lang.reflect.Constructor.newInstance(Constructor.java:423)
	at org.picocontainer.injectors.AbstractInjector.newInstance(AbstractInjector.java:145)
	at org.picocontainer.injectors.ConstructorInjector$1.run(ConstructorInjector.java:342)
	at org.picocontainer.injectors.AbstractInjector$ThreadLocalCyclicDependencyGuard.observe(AbstractInjector.java:270)
	at org.picocontainer.injectors.ConstructorInjector.getComponentInstance(ConstructorInjector.java:364)
	at org.picocontainer.injectors.AbstractInjectionFactory$LifecycleAdapter.getComponentInstance(AbstractInjectionFactory.java:56)
	at org.picocontainer.behaviors.AbstractBehavior.getComponentInstance(AbstractBehavior.java:64)
	at org.picocontainer.behaviors.Stored.getComponentInstance(Stored.java:91)
	at org.picocontainer.DefaultPicoContainer.getInstance(DefaultPicoContainer.java:699)
	at org.picocontainer.DefaultPicoContainer.getComponent(DefaultPicoContainer.java:647)
	at org.picocontainer.DefaultPicoContainer.getComponent(DefaultPicoContainer.java:678)
	at io.cucumber.picocontainer.PicoFactory.getInstance(PicoFactory.java:49)
	at io.cucumber.java.AbstractGlueDefinition.invokeMethod(AbstractGlueDefinition.java:47)
	at io.cucumber.java.JavaStepDefinition.execute(JavaStepDefinition.java:29)
	at io.cucumber.core.runner.CoreStepDefinition.execute(CoreStepDefinition.java:66)
	at io.cucumber.core.runner.PickleStepDefinitionMatch.runStep(PickleStepDefinitionMatch.java:63)
	at io.cucumber.core.runner.ExecutionMode$1.execute(ExecutionMode.java:10)
	at io.cucumber.core.runner.TestStep.executeStep(TestStep.java:92)
	at io.cucumber.core.runner.TestStep.run(TestStep.java:64)
	at io.cucumber.core.runner.PickleStepTestStep.run(PickleStepTestStep.java:51)
	at io.cucumber.core.runner.TestCase.run(TestCase.java:104)
	at io.cucumber.core.runner.Runner.runPickle(Runner.java:71)
	at io.cucumber.testng.TestNGCucumberRunner.lambda$runScenario$0(TestNGCucumberRunner.java:116)
	at io.cucumber.core.runtime.CucumberExecutionContext.runTestCase(CucumberExecutionContext.java:117)
	at io.cucumber.testng.TestNGCucumberRunner.runScenario(TestNGCucumberRunner.java:113)
	at com.DmartLabs.bdd.Runner.TestNgRunner.scenario(TestNgRunner.java:44)
	at sun.reflect.NativeMethodAccessorImpl.invoke0(Native Method)
	at sun.reflect.NativeMethodAccessorImpl.invoke(NativeMethodAccessorImpl.java:62)
	at sun.reflect.DelegatingMethodAccessorImpl.invoke(DelegatingMethodAccessorImpl.java:43)
	at java.lang.reflect.Method.invoke(Method.java:498)
	at org.testng.internal.MethodInvocationHelper.invokeMethod(MethodInvocationHelper.java:133)
	at org.testng.internal.TestInvoker.invokeMethod(TestInvoker.java:584)
	at org.testng.internal.TestInvoker.invokeTestMethod(TestInvoker.java:172)
	at org.testng.internal.MethodRunner.runInSequence(MethodRunner.java:46)
	at org.testng.internal.TestInvoker$MethodInvocationAgent.invoke(TestInvoker.java:804)
	at org.testng.internal.TestInvoker.invokeTestMethods(TestInvoker.java:145)
	at org.testng.internal.TestMethodWorker.invokeTestMethods(TestMethodWorker.java:146)
	at org.testng.internal.TestMethodWorker.run(TestMethodWorker.java:128)
	at java.util.ArrayList.forEach(ArrayList.java:1259)
	at org.testng.TestRunner.privateRun(TestRunner.java:770)
	at org.testng.TestRunner.run(TestRunner.java:591)
	at org.testng.SuiteRunner.runTest(SuiteRunner.java:402)
	at org.testng.SuiteRunner.runSequentially(SuiteRunner.java:396)
	at org.testng.SuiteRunner.privateRun(SuiteRunner.java:355)
	at org.testng.SuiteRunner.run(SuiteRunner.java:304)
	at org.testng.SuiteRunnerWorker.runSuite(SuiteRunnerWorker.java:53)
	at org.testng.SuiteRunnerWorker.run(SuiteRunnerWorker.java:96)
	at org.testng.TestNG.runSuitesSequentially(TestNG.java:1180)
	at org.testng.TestNG.runSuitesLocally(TestNG.java:1102)
	at org.testng.TestNG.runSuites(TestNG.java:1032)
	at org.testng.TestNG.run(TestNG.java:1000)
	at org.apache.maven.surefire.testng.TestNGExecutor.run(TestNGExecutor.java:284)
	at org.apache.maven.surefire.testng.TestNGXmlTestSuite.execute(TestNGXmlTestSuite.java:75)
	at org.apache.maven.surefire.testng.TestNGProvider.invoke(TestNGProvider.java:119)
	at org.apache.maven.surefire.booter.ForkedBooter.runSuitesInProcess(ForkedBooter.java:428)
	at org.apache.maven.surefire.booter.ForkedBooter.execute(ForkedBooter.java:162)
	at org.apache.maven.surefire.booter.ForkedBooter.run(ForkedBooter.java:562)
	at org.apache.maven.surefire.booter.ForkedBooter.main(ForkedBooter.java:548)

      java.lang.NullPointerException
	at com.DmartLabs.stepdefinitions.Hooks.addScreenshot(Hooks.java:173)

  When user verify the items one By One  and move to PickerSevenItems BoxAndDispatchType     # com.DmartLabs.stepdefinitions.pickerOnlineFlowBoxAndPalletType11Step.userVerifyTheItemsOneByOneAndMoveToPickerSevenItemsBoxAndDispatchType()
  Then verify Items picked or not                                                            # com.DmartLabs.stepdefinitions.GenericStep.verifyItemsPickedOrNot()
  And Logout the user from application                                                       # com.DmartLabs.stepdefinitions.LogoutSteps.logoutTheUserFromApplication()
  Given Enter username "121346" and password "Sweety123@" to login to the picker application # com.DmartLabs.stepdefinitions.GenericStep.enterUsernameAndPasswordToLoginToThePickerApplication(java.lang.String,java.lang.String)
  And Verify that User is in PWP application's Home Page                                     # com.DmartLabs.stepdefinitions.HomePageSteps.verifyThatUserIsInHomePage()
  And Click on Loader Module to perform Loading operations                                   # com.DmartLabs.stepdefinitions.HomePageSteps.clickOnLoaderModuleToPerformLoadingOperations()
  And Verify that Loader is in Loader Page                                                   # com.DmartLabs.stepdefinitions.LoaderSteps.verifyThatLoaderIsInLoaderPage()
  When Get the delivery number to load the Delivery into the truck                           # com.DmartLabs.stepdefinitions.LoaderSteps.getTheDeliveryNumberToLoadTheDeliveryIntoTheTruck()
  And Search the delivery in a Loader Page                                                   # com.DmartLabs.stepdefinitions.LoaderSteps.searchTheDeliveryInALoaderPage()
  And Verify that vehicle is assigned for a Delivery                                         # com.DmartLabs.stepdefinitions.LoaderSteps.verifyThatTruckIsAssignedForADelivery()
  And Verify the dispatch type of a delivery                                                 # com.DmartLabs.stepdefinitions.LoaderSteps.verifyTheDispatchTypeOfADelivery()
  And Check the picking progress of a delivery                                               # com.DmartLabs.stepdefinitions.LoaderSteps.checkThePickingProgressOfADelivery()
  And Click on Delivery Card                                                                 # com.DmartLabs.stepdefinitions.LoaderSteps.clickOnDeliveryCard1()
  And Verify that loader is in Delivery Details Page                                         # com.DmartLabs.stepdefinitions.LoaderSteps.verifyThatLoaderIsInDeliveryDetailsPage()
  And Load the delivery into the truck                                                       # com.DmartLabs.stepdefinitions.LoaderSteps.loadTheDeliveryIntoTheTruck()
  And Confirm the loading                                                                    # com.DmartLabs.stepdefinitions.LoaderSteps.confirmTheLoading()
  Then Verify that loading operation is completed                                            # com.DmartLabs.stepdefinitions.LoaderSteps.verifyThatLoadingOperationIsCompleted()
  And Search the delivery in a Loader Page                                                   # com.DmartLabs.stepdefinitions.LoaderSteps.searchTheDeliveryInALoaderPage()
  And Verify that no results found message is displayed                                      # com.DmartLabs.stepdefinitions.LoaderSteps.verifyThatNoResultsFoundMessageIsDisplayed()
  And Logout the user from Loader application                                                # com.DmartLabs.stepdefinitions.LogoutSteps.logoutTheUserFromLoaderApplication()
@OnFinish: ITestContext
@Stop Appium Server
Stopped appium server...
]]></system-out>
    <system-err><![CDATA[SLF4J: Failed to load class "org.slf4j.impl.StaticLoggerBinder".
SLF4J: Defaulting to no-operation (NOP) logger implementation
SLF4J: See http://www.slf4j.org/codes.html#StaticLoggerBinder for further details.
org.openqa.selenium.SessionNotCreatedException: Unable to create a new remote session. Please check the server log for more details. Original error: An unknown server-side error occurred while processing the command. Original error: Device 22315523022723 was not in the list of connected devices
Build info: version: '3.141.59', revision: 'e82be7d358', time: '2018-11-14T08:17:03'
System info: host: 'DESKTOP-9RT33CF', ip: '172.16.1.138', os.name: 'Windows 10', os.arch: 'amd64', os.version: '10.0', java.version: '1.8.0_291'
Driver info: driver.version: AndroidDriver
remote stacktrace: UnknownError: An unknown server-side error occurred while processing the command. Original error: Device 22315523022723 was not in the list of connected devices
    at getResponseForW3CError (C:\Users\FD329\AppData\Roaming\npm\node_modules\appium\node_modules\appium-base-driver\lib\protocol\errors.js:804:9)
    at asyncHandler (C:\Users\FD329\AppData\Roaming\npm\node_modules\appium\node_modules\appium-base-driver\lib\protocol\protocol.js:380:37)
Build info: version: '3.141.59', revision: 'e82be7d358', time: '2018-11-14T08:17:03'
System info: host: 'DESKTOP-9RT33CF', ip: '172.16.1.138', os.name: 'Windows 10', os.arch: 'amd64', os.version: '10.0', java.version: '1.8.0_291'
Driver info: driver.version: AndroidDriver
	at io.appium.java_client.remote.AppiumCommandExecutor$1.createSession(AppiumCommandExecutor.java:216)
	at io.appium.java_client.remote.AppiumCommandExecutor.createSession(AppiumCommandExecutor.java:225)
	at io.appium.java_client.remote.AppiumCommandExecutor.execute(AppiumCommandExecutor.java:247)
	at org.openqa.selenium.remote.RemoteWebDriver.execute(RemoteWebDriver.java:552)
	at io.appium.java_client.DefaultGenericMobileDriver.execute(DefaultGenericMobileDriver.java:41)
	at io.appium.java_client.AppiumDriver.execute(AppiumDriver.java:1)
	at io.appium.java_client.android.AndroidDriver.execute(AndroidDriver.java:1)
	at org.openqa.selenium.remote.RemoteWebDriver.startSession(RemoteWebDriver.java:213)
	at io.appium.java_client.AppiumDriver.startSession(AppiumDriver.java:338)
	at org.openqa.selenium.remote.RemoteWebDriver.<init>(RemoteWebDriver.java:131)
	at io.appium.java_client.DefaultGenericMobileDriver.<init>(DefaultGenericMobileDriver.java:37)
	at io.appium.java_client.AppiumDriver.<init>(AppiumDriver.java:89)
	at io.appium.java_client.AppiumDriver.<init>(AppiumDriver.java:99)
	at io.appium.java_client.android.AndroidDriver.<init>(AndroidDriver.java:96)
	at com.DmartLabs.commonutils.AppiumManager.setDriver(AppiumManager.java:176)
	at com.DmartLabs.commonutils.AppiumManager.createDriver(AppiumManager.java:127)
	at com.DmartLabs.stepdefinitions.Hooks.setUp(Hooks.java:74)
	at sun.reflect.NativeMethodAccessorImpl.invoke0(Native Method)
	at sun.reflect.NativeMethodAccessorImpl.invoke(NativeMethodAccessorImpl.java:62)
	at sun.reflect.DelegatingMethodAccessorImpl.invoke(DelegatingMethodAccessorImpl.java:43)
	at java.lang.reflect.Method.invoke(Method.java:498)
	at io.cucumber.java.Invoker.doInvoke(Invoker.java:66)
	at io.cucumber.java.Invoker.invoke(Invoker.java:24)
	at io.cucumber.java.AbstractGlueDefinition.invokeMethod(AbstractGlueDefinition.java:47)
	at io.cucumber.java.JavaHookDefinition.execute(JavaHookDefinition.java:59)
	at io.cucumber.core.runner.CoreHookDefinition.execute(CoreHookDefinition.java:46)
	at io.cucumber.core.runner.HookDefinitionMatch.runStep(HookDefinitionMatch.java:21)
	at io.cucumber.core.runner.ExecutionMode$1.execute(ExecutionMode.java:10)
	at io.cucumber.core.runner.TestStep.executeStep(TestStep.java:92)
	at io.cucumber.core.runner.TestStep.run(TestStep.java:64)
	at io.cucumber.core.runner.TestCase.run(TestCase.java:98)
	at io.cucumber.core.runner.Runner.runPickle(Runner.java:71)
	at io.cucumber.testng.TestNGCucumberRunner.lambda$runScenario$0(TestNGCucumberRunner.java:116)
	at io.cucumber.core.runtime.CucumberExecutionContext.runTestCase(CucumberExecutionContext.java:117)
	at io.cucumber.testng.TestNGCucumberRunner.runScenario(TestNGCucumberRunner.java:113)
	at com.DmartLabs.bdd.Runner.TestNgRunner.scenario(TestNgRunner.java:44)
	at sun.reflect.NativeMethodAccessorImpl.invoke0(Native Method)
	at sun.reflect.NativeMethodAccessorImpl.invoke(NativeMethodAccessorImpl.java:62)
	at sun.reflect.DelegatingMethodAccessorImpl.invoke(DelegatingMethodAccessorImpl.java:43)
	at java.lang.reflect.Method.invoke(Method.java:498)
	at org.testng.internal.MethodInvocationHelper.invokeMethod(MethodInvocationHelper.java:133)
	at org.testng.internal.TestInvoker.invokeMethod(TestInvoker.java:584)
	at org.testng.internal.TestInvoker.invokeTestMethod(TestInvoker.java:172)
	at org.testng.internal.MethodRunner.runInSequence(MethodRunner.java:46)
	at org.testng.internal.TestInvoker$MethodInvocationAgent.invoke(TestInvoker.java:804)
	at org.testng.internal.TestInvoker.invokeTestMethods(TestInvoker.java:145)
	at org.testng.internal.TestMethodWorker.invokeTestMethods(TestMethodWorker.java:146)
	at org.testng.internal.TestMethodWorker.run(TestMethodWorker.java:128)
	at java.util.ArrayList.forEach(ArrayList.java:1259)
	at org.testng.TestRunner.privateRun(TestRunner.java:770)
	at org.testng.TestRunner.run(TestRunner.java:591)
	at org.testng.SuiteRunner.runTest(SuiteRunner.java:402)
	at org.testng.SuiteRunner.runSequentially(SuiteRunner.java:396)
	at org.testng.SuiteRunner.privateRun(SuiteRunner.java:355)
	at org.testng.SuiteRunner.run(SuiteRunner.java:304)
	at org.testng.SuiteRunnerWorker.runSuite(SuiteRunnerWorker.java:53)
	at org.testng.SuiteRunnerWorker.run(SuiteRunnerWorker.java:96)
	at org.testng.TestNG.runSuitesSequentially(TestNG.java:1180)
	at org.testng.TestNG.runSuitesLocally(TestNG.java:1102)
	at org.testng.TestNG.runSuites(TestNG.java:1032)
	at org.testng.TestNG.run(TestNG.java:1000)
	at org.apache.maven.surefire.testng.TestNGExecutor.run(TestNGExecutor.java:284)
	at org.apache.maven.surefire.testng.TestNGXmlTestSuite.execute(TestNGXmlTestSuite.java:75)
	at org.apache.maven.surefire.testng.TestNGProvider.invoke(TestNGProvider.java:119)
	at org.apache.maven.surefire.booter.ForkedBooter.runSuitesInProcess(ForkedBooter.java:428)
	at org.apache.maven.surefire.booter.ForkedBooter.execute(ForkedBooter.java:162)
	at org.apache.maven.surefire.booter.ForkedBooter.run(ForkedBooter.java:562)
	at org.apache.maven.surefire.booter.ForkedBooter.main(ForkedBooter.java:548)
Caused by: java.lang.reflect.InvocationTargetException
	at sun.reflect.NativeMethodAccessorImpl.invoke0(Native Method)
	at sun.reflect.NativeMethodAccessorImpl.invoke(NativeMethodAccessorImpl.java:62)
	at sun.reflect.DelegatingMethodAccessorImpl.invoke(DelegatingMethodAccessorImpl.java:43)
	at java.lang.reflect.Method.invoke(Method.java:498)
	at io.appium.java_client.remote.AppiumCommandExecutor$1.createSession(AppiumCommandExecutor.java:193)
	... 67 more
Caused by: org.openqa.selenium.WebDriverException: An unknown server-side error occurred while processing the command. Original error: Device 22315523022723 was not in the list of connected devices
Build info: version: '3.141.59', revision: 'e82be7d358', time: '2018-11-14T08:17:03'
System info: host: 'DESKTOP-9RT33CF', ip: '172.16.1.138', os.name: 'Windows 10', os.arch: 'amd64', os.version: '10.0', java.version: '1.8.0_291'
Driver info: driver.version: AndroidDriver
remote stacktrace: UnknownError: An unknown server-side error occurred while processing the command. Original error: Device 22315523022723 was not in the list of connected devices
    at getResponseForW3CError (C:\Users\FD329\AppData\Roaming\npm\node_modules\appium\node_modules\appium-base-driver\lib\protocol\errors.js:804:9)
    at asyncHandler (C:\Users\FD329\AppData\Roaming\npm\node_modules\appium\node_modules\appium-base-driver\lib\protocol\protocol.js:380:37)
	at sun.reflect.NativeConstructorAccessorImpl.newInstance0(Native Method)
	at sun.reflect.NativeConstructorAccessorImpl.newInstance(NativeConstructorAccessorImpl.java:62)
	at sun.reflect.DelegatingConstructorAccessorImpl.newInstance(DelegatingConstructorAccessorImpl.java:45)
	at java.lang.reflect.Constructor.newInstance(Constructor.java:423)
	at org.openqa.selenium.remote.W3CHandshakeResponse.lambda$errorHandler$0(W3CHandshakeResponse.java:62)
	at org.openqa.selenium.remote.HandshakeResponse.lambda$getResponseFunction$0(HandshakeResponse.java:30)
	at org.openqa.selenium.remote.ProtocolHandshake.lambda$createSession$0(ProtocolHandshake.java:126)
	at java.util.stream.ReferencePipeline$3$1.accept(ReferencePipeline.java:193)
	at java.util.Spliterators$ArraySpliterator.tryAdvance(Spliterators.java:958)
	at java.util.stream.ReferencePipeline.forEachWithCancel(ReferencePipeline.java:126)
	at java.util.stream.AbstractPipeline.copyIntoWithCancel(AbstractPipeline.java:499)
	at java.util.stream.AbstractPipeline.copyInto(AbstractPipeline.java:486)
	at java.util.stream.AbstractPipeline.wrapAndCopyInto(AbstractPipeline.java:472)
	at java.util.stream.FindOps$FindOp.evaluateSequential(FindOps.java:152)
	at java.util.stream.AbstractPipeline.evaluate(AbstractPipeline.java:234)
	at java.util.stream.ReferencePipeline.findFirst(ReferencePipeline.java:464)
	at org.openqa.selenium.remote.ProtocolHandshake.createSession(ProtocolHandshake.java:128)
	... 72 more
log4j:WARN No appenders could be found for logger (freemarker.cache).
log4j:WARN Please initialize the log4j system properly.
log4j:WARN See http://logging.apache.org/log4j/1.2/faq.html#noconfig for more info.
]]></system-err>
  </testcase>
  <testcase name="scenario[&quot;One Delivery Two HUs&quot;, &quot;Optional[online BoxAndDispatchType:Pick the items in Delivery and load the Delivery into the truck]&quot;](2)" classname="com.DmartLabs.bdd.Runner.TestNgRunner" time="3.801">
    <failure message="Can not set io.appium.java_client.MobileElement field com.DmartLabs.bdd.pages.GenericLoginPage.username to null value" type="java.lang.IllegalArgumentException"><![CDATA[java.lang.IllegalArgumentException: Can not set io.appium.java_client.MobileElement field com.DmartLabs.bdd.pages.GenericLoginPage.username to null value
	at com.DmartLabs.bdd.Runner.TestNgRunner.scenario(TestNgRunner.java:44)
]]></failure>
    <system-out><![CDATA[
@PickerOneDeliveryTwoHUsOnlineBoxAndDispatchType
Scenario Outline: One Delivery Two HUs                                                       # src/test/resources/TestNg/11_PWP_PickerAndLoaderFlow_Online.feature:64
AlterSuite
prop.capabilities: null
Hooks: Set Appium Manager
size is2
@Start: ITestContext
list size***[com.DmartLabs.commonutils.AppiumManager@5fb97279, com.DmartLabs.commonutils.AppiumManager@3419e23b]
divise
AppiumJSPath: C:\Users\FD329\AppData\Roaming\npm\node_modules\appium\build\lib\main.js
nodePath: C:\Program Files\nodejs\node.exe
&amp#27;[35m[Appium]&amp#27;[39m Welcome to Appium v1.22.3
&amp#27;[35m[Appium]&amp#27;[39m Non-default server args:
&amp#27;[35m[Appium]&amp#27;[39m   address: 127.0.0.1
&amp#27;[35m[Appium]&amp#27;[39m   port: 58856
&amp#27;[35m[Appium]&amp#27;[39m   bootstrapPort: 58854
&amp#27;[35m[Appium]&amp#27;[39m   logFile: C:\Users\FD329\OneDrive\Desktop\QF_Mobile3_1_24\reports\Report_2024-03-05 12-02-29\22315523022723\logs\appium_log_1709620349593.txt
&amp#27;[35m[Appium]&amp#27;[39m   chromedriverPort: 58855
&amp#27;[35m[Appium]&amp#27;[39m Deprecated server args:
&amp#27;[35m[Appium]&amp#27;[39m   &amp#27;[31m--chromedriver-port&amp#27;[39m => --default-capabilities
&amp#27;[35m[Appium]&amp#27;[39m Default capabilities, which will be added to each request unless overridden by desired capabilities:
&amp#27;[35m[Appium]&amp#27;[39m   chromedriverPort: 58855
&amp#27;[35m[Appium]&amp#27;[39m Appium REST http interface listener started on 127.0.0.1:58856
&amp#27;[35m[HTTP]&amp#27;[39m &amp#27;[37m-->&amp#27;[39m &amp#27;[37mGET&amp#27;[39m &amp#27;[37m/wd/hub/status&amp#27;[39m
&amp#27;[35m[HTTP]&amp#27;[39m &amp#27;[90m{}&amp#27;[39m
[debug] &amp#27;[35m[GENERIC]&amp#27;[39m Calling AppiumDriver.getStatus() with args: []
[debug] &amp#27;[35m[GENERIC]&amp#27;[39m Responding to client with driver.getStatus() result: {"build":{"version":"1.22.3"}}
Appium Server Started
in side before
Create Driver...
true
Entering Set Caps Local Execution....
setting capabilities
setting isAndroid: true
configJSON: {"server":{"port":1234,"host":"localhost"},"cloudCapabilities":{"app":"lt://APP10160281841703072392455169","build":"krushna","w3c":"true","platformVersion":"13","name":"usa","video":"true","isRealMobile":"true","platformName":"android","region":"AP","deviceName":"Galaxy .*"},"capabilities":{"android":{"appPackage":"com.dlabs.meradmart.mobile","appActivity":"com.dlabs.meradmart.mobile.MainActivity","newCommandTimeout":600,"platformName":"Android","launchTimeout":90000}},"devices":[{"name":"22315523022723","version":"11.0.0","platform":"Android"}],"cloud_server":{"accessKey":"ZyDVxJ8RZPug8JkwdwdwdmTnWaMLcLf1LPTMxkWzwX6nIWWPbgfrQyjT","host":"@mobile-hub.lambdadwwtest.com/wd/hub","userName":"krushna.jenwdwwdwdwaqualitrix"},"properties":{"environment":"local","reportName":"Qualitrix Automation Report"}}Debug ....2
Entering Set Driver Local Execution....
Exception: Unable to create a new remote session. Please check the server log for more details. Original error: An unknown server-side error occurred while processing the command. Original error: Device 22315523022723 was not in the list of connected devices
Build info: version: '3.141.59', revision: 'e82be7d358', time: '2018-11-14T08:17:03'
System info: host: 'DESKTOP-9RT33CF', ip: '172.16.1.138', os.name: 'Windows 10', os.arch: 'amd64', os.version: '10.0', java.version: '1.8.0_291'
Driver info: driver.version: AndroidDriver
remote stacktrace: UnknownError: An unknown server-side error occurred while processing the command. Original error: Device 22315523022723 was not in the list of connected devices
    at getResponseForW3CError (C:\Users\FD329\AppData\Roaming\npm\node_modules\appium\node_modules\appium-base-driver\lib\protocol\errors.js:804:9)
    at asyncHandler (C:\Users\FD329\AppData\Roaming\npm\node_modules\appium\node_modules\appium-base-driver\lib\protocol\protocol.js:380:37)
Build info: version: '3.141.59', revision: 'e82be7d358', time: '2018-11-14T08:17:03'
System info: host: 'DESKTOP-9RT33CF', ip: '172.16.1.138', os.name: 'Windows 10', os.arch: 'amd64', os.version: '10.0', java.version: '1.8.0_291'
Driver info: driver.version: AndroidDriver
  Given Enter username "121346" and password "Sweety123@" to login to the picker application # com.DmartLabs.stepdefinitions.GenericStep.enterUsernameAndPasswordToLoginToThePickerApplication(java.lang.String,java.lang.String)
      java.lang.IllegalArgumentException: Can not set io.appium.java_client.MobileElement field com.DmartLabs.bdd.pages.GenericLoginPage.username to null value
	at sun.reflect.UnsafeFieldAccessorImpl.throwSetIllegalArgumentException(UnsafeFieldAccessorImpl.java:167)
	at sun.reflect.UnsafeFieldAccessorImpl.throwSetIllegalArgumentException(UnsafeFieldAccessorImpl.java:171)
	at sun.reflect.UnsafeObjectFieldAccessorImpl.set(UnsafeObjectFieldAccessorImpl.java:81)
	at java.lang.reflect.Field.set(Field.java:764)
	at org.openqa.selenium.support.PageFactory.proxyFields(PageFactory.java:117)
	at org.openqa.selenium.support.PageFactory.initElements(PageFactory.java:105)
	at com.DmartLabs.bdd.pages.GenericLoginPage.<init>(GenericLoginPage.java:15)
	at com.DmartLabs.stepdefinitions.GenericStep.<init>(GenericStep.java:9)
	at sun.reflect.NativeConstructorAccessorImpl.newInstance0(Native Method)
	at sun.reflect.NativeConstructorAccessorImpl.newInstance(NativeConstructorAccessorImpl.java:62)
	at sun.reflect.DelegatingConstructorAccessorImpl.newInstance(DelegatingConstructorAccessorImpl.java:45)
	at java.lang.reflect.Constructor.newInstance(Constructor.java:423)
	at org.picocontainer.injectors.AbstractInjector.newInstance(AbstractInjector.java:145)
	at org.picocontainer.injectors.ConstructorInjector$1.run(ConstructorInjector.java:342)
	at org.picocontainer.injectors.AbstractInjector$ThreadLocalCyclicDependencyGuard.observe(AbstractInjector.java:270)
	at org.picocontainer.injectors.ConstructorInjector.getComponentInstance(ConstructorInjector.java:364)
	at org.picocontainer.injectors.AbstractInjectionFactory$LifecycleAdapter.getComponentInstance(AbstractInjectionFactory.java:56)
	at org.picocontainer.behaviors.AbstractBehavior.getComponentInstance(AbstractBehavior.java:64)
	at org.picocontainer.behaviors.Stored.getComponentInstance(Stored.java:91)
	at org.picocontainer.DefaultPicoContainer.getInstance(DefaultPicoContainer.java:699)
	at org.picocontainer.DefaultPicoContainer.getComponent(DefaultPicoContainer.java:647)
	at org.picocontainer.DefaultPicoContainer.getComponent(DefaultPicoContainer.java:678)
	at io.cucumber.picocontainer.PicoFactory.getInstance(PicoFactory.java:49)
	at io.cucumber.java.AbstractGlueDefinition.invokeMethod(AbstractGlueDefinition.java:47)
	at io.cucumber.java.JavaStepDefinition.execute(JavaStepDefinition.java:29)
	at io.cucumber.core.runner.CoreStepDefinition.execute(CoreStepDefinition.java:66)
	at io.cucumber.core.runner.PickleStepDefinitionMatch.runStep(PickleStepDefinitionMatch.java:63)
	at io.cucumber.core.runner.ExecutionMode$1.execute(ExecutionMode.java:10)
	at io.cucumber.core.runner.TestStep.executeStep(TestStep.java:92)
	at io.cucumber.core.runner.TestStep.run(TestStep.java:64)
	at io.cucumber.core.runner.PickleStepTestStep.run(PickleStepTestStep.java:51)
	at io.cucumber.core.runner.TestCase.run(TestCase.java:104)
	at io.cucumber.core.runner.Runner.runPickle(Runner.java:71)
	at io.cucumber.testng.TestNGCucumberRunner.lambda$runScenario$0(TestNGCucumberRunner.java:116)
	at io.cucumber.core.runtime.CucumberExecutionContext.runTestCase(CucumberExecutionContext.java:117)
	at io.cucumber.testng.TestNGCucumberRunner.runScenario(TestNGCucumberRunner.java:113)
	at com.DmartLabs.bdd.Runner.TestNgRunner.scenario(TestNgRunner.java:44)
	at sun.reflect.NativeMethodAccessorImpl.invoke0(Native Method)
	at sun.reflect.NativeMethodAccessorImpl.invoke(NativeMethodAccessorImpl.java:62)
	at sun.reflect.DelegatingMethodAccessorImpl.invoke(DelegatingMethodAccessorImpl.java:43)
	at java.lang.reflect.Method.invoke(Method.java:498)
	at org.testng.internal.MethodInvocationHelper.invokeMethod(MethodInvocationHelper.java:133)
	at org.testng.internal.TestInvoker.invokeMethod(TestInvoker.java:584)
	at org.testng.internal.TestInvoker.invokeTestMethod(TestInvoker.java:172)
	at org.testng.internal.MethodRunner.runInSequence(MethodRunner.java:46)
	at org.testng.internal.TestInvoker$MethodInvocationAgent.invoke(TestInvoker.java:804)
	at org.testng.internal.TestInvoker.invokeTestMethods(TestInvoker.java:145)
	at org.testng.internal.TestMethodWorker.invokeTestMethods(TestMethodWorker.java:146)
	at org.testng.internal.TestMethodWorker.run(TestMethodWorker.java:128)
	at java.util.ArrayList.forEach(ArrayList.java:1259)
	at org.testng.TestRunner.privateRun(TestRunner.java:770)
	at org.testng.TestRunner.run(TestRunner.java:591)
	at org.testng.SuiteRunner.runTest(SuiteRunner.java:402)
	at org.testng.SuiteRunner.runSequentially(SuiteRunner.java:396)
	at org.testng.SuiteRunner.privateRun(SuiteRunner.java:355)
	at org.testng.SuiteRunner.run(SuiteRunner.java:304)
	at org.testng.SuiteRunnerWorker.runSuite(SuiteRunnerWorker.java:53)
	at org.testng.SuiteRunnerWorker.run(SuiteRunnerWorker.java:96)
	at org.testng.TestNG.runSuitesSequentially(TestNG.java:1180)
	at org.testng.TestNG.runSuitesLocally(TestNG.java:1102)
	at org.testng.TestNG.runSuites(TestNG.java:1032)
	at org.testng.TestNG.run(TestNG.java:1000)
	at org.apache.maven.surefire.testng.TestNGExecutor.run(TestNGExecutor.java:284)
	at org.apache.maven.surefire.testng.TestNGXmlTestSuite.execute(TestNGXmlTestSuite.java:75)
	at org.apache.maven.surefire.testng.TestNGProvider.invoke(TestNGProvider.java:119)
	at org.apache.maven.surefire.booter.ForkedBooter.runSuitesInProcess(ForkedBooter.java:428)
	at org.apache.maven.surefire.booter.ForkedBooter.execute(ForkedBooter.java:162)
	at org.apache.maven.surefire.booter.ForkedBooter.run(ForkedBooter.java:562)
	at org.apache.maven.surefire.booter.ForkedBooter.main(ForkedBooter.java:548)

      java.lang.NullPointerException
	at com.DmartLabs.stepdefinitions.Hooks.addScreenshot(Hooks.java:173)

  When user verify the items one By One  and move to pickList one HU BoxAndDispatchType      # com.DmartLabs.stepdefinitions.pickerOnlineFlowBoxAndPalletType11Step.userVerifyTheItemsOneByOneAndMoveToPickListOneHUBoxAndDispatchType(io.cucumber.datatable.DataTable)
  Then verify Items picked or not                                                            # com.DmartLabs.stepdefinitions.GenericStep.verifyItemsPickedOrNot()
  And Logout the user from application                                                       # com.DmartLabs.stepdefinitions.LogoutSteps.logoutTheUserFromApplication()
  Given Enter username "121346" and password "Sweety123@" to login to the picker application # com.DmartLabs.stepdefinitions.GenericStep.enterUsernameAndPasswordToLoginToThePickerApplication(java.lang.String,java.lang.String)
  And Verify that User is in PWP application's Home Page                                     # com.DmartLabs.stepdefinitions.HomePageSteps.verifyThatUserIsInHomePage()
  And Click on Loader Module to perform Loading operations                                   # com.DmartLabs.stepdefinitions.HomePageSteps.clickOnLoaderModuleToPerformLoadingOperations()
  And Verify that Loader is in Loader Page                                                   # com.DmartLabs.stepdefinitions.LoaderSteps.verifyThatLoaderIsInLoaderPage()
  When Get the delivery number to load the Delivery into the truck                           # com.DmartLabs.stepdefinitions.LoaderSteps.getTheDeliveryNumberToLoadTheDeliveryIntoTheTruck()
  And Search the delivery in a Loader Page                                                   # com.DmartLabs.stepdefinitions.LoaderSteps.searchTheDeliveryInALoaderPage()
  And Verify that vehicle is assigned for a Delivery                                         # com.DmartLabs.stepdefinitions.LoaderSteps.verifyThatTruckIsAssignedForADelivery()
  And Verify the dispatch type of a delivery                                                 # com.DmartLabs.stepdefinitions.LoaderSteps.verifyTheDispatchTypeOfADelivery()
  And Check the picking progress of a delivery                                               # com.DmartLabs.stepdefinitions.LoaderSteps.checkThePickingProgressOfADelivery()
  And Click on Delivery Card                                                                 # com.DmartLabs.stepdefinitions.LoaderSteps.clickOnDeliveryCard1()
  And Verify that loader is in Delivery Details Page                                         # com.DmartLabs.stepdefinitions.LoaderSteps.verifyThatLoaderIsInDeliveryDetailsPage()
  And Load the delivery into the truck                                                       # com.DmartLabs.stepdefinitions.LoaderSteps.loadTheDeliveryIntoTheTruck()
  And Confirm the loading                                                                    # com.DmartLabs.stepdefinitions.LoaderSteps.confirmTheLoading()
  Then Verify that loading operation is completed                                            # com.DmartLabs.stepdefinitions.LoaderSteps.verifyThatLoadingOperationIsCompleted()
  And Search the delivery in a Loader Page                                                   # com.DmartLabs.stepdefinitions.LoaderSteps.searchTheDeliveryInALoaderPage()
  And Verify that no results found message is displayed                                      # com.DmartLabs.stepdefinitions.LoaderSteps.verifyThatNoResultsFoundMessageIsDisplayed()
  And Logout the user from Loader application                                                # com.DmartLabs.stepdefinitions.LogoutSteps.logoutTheUserFromLoaderApplication()
@OnFinish: ITestContext
@Stop Appium Server
Stopped appium server...
]]></system-out>
    <system-err><![CDATA[org.openqa.selenium.SessionNotCreatedException: Unable to create a new remote session. Please check the server log for more details. Original error: An unknown server-side error occurred while processing the command. Original error: Device 22315523022723 was not in the list of connected devices
Build info: version: '3.141.59', revision: 'e82be7d358', time: '2018-11-14T08:17:03'
System info: host: 'DESKTOP-9RT33CF', ip: '172.16.1.138', os.name: 'Windows 10', os.arch: 'amd64', os.version: '10.0', java.version: '1.8.0_291'
Driver info: driver.version: AndroidDriver
remote stacktrace: UnknownError: An unknown server-side error occurred while processing the command. Original error: Device 22315523022723 was not in the list of connected devices
    at getResponseForW3CError (C:\Users\FD329\AppData\Roaming\npm\node_modules\appium\node_modules\appium-base-driver\lib\protocol\errors.js:804:9)
    at asyncHandler (C:\Users\FD329\AppData\Roaming\npm\node_modules\appium\node_modules\appium-base-driver\lib\protocol\protocol.js:380:37)
Build info: version: '3.141.59', revision: 'e82be7d358', time: '2018-11-14T08:17:03'
System info: host: 'DESKTOP-9RT33CF', ip: '172.16.1.138', os.name: 'Windows 10', os.arch: 'amd64', os.version: '10.0', java.version: '1.8.0_291'
Driver info: driver.version: AndroidDriver
	at io.appium.java_client.remote.AppiumCommandExecutor$1.createSession(AppiumCommandExecutor.java:216)
	at io.appium.java_client.remote.AppiumCommandExecutor.createSession(AppiumCommandExecutor.java:225)
	at io.appium.java_client.remote.AppiumCommandExecutor.execute(AppiumCommandExecutor.java:247)
	at org.openqa.selenium.remote.RemoteWebDriver.execute(RemoteWebDriver.java:552)
	at io.appium.java_client.DefaultGenericMobileDriver.execute(DefaultGenericMobileDriver.java:41)
	at io.appium.java_client.AppiumDriver.execute(AppiumDriver.java:1)
	at io.appium.java_client.android.AndroidDriver.execute(AndroidDriver.java:1)
	at org.openqa.selenium.remote.RemoteWebDriver.startSession(RemoteWebDriver.java:213)
	at io.appium.java_client.AppiumDriver.startSession(AppiumDriver.java:338)
	at org.openqa.selenium.remote.RemoteWebDriver.<init>(RemoteWebDriver.java:131)
	at io.appium.java_client.DefaultGenericMobileDriver.<init>(DefaultGenericMobileDriver.java:37)
	at io.appium.java_client.AppiumDriver.<init>(AppiumDriver.java:89)
	at io.appium.java_client.AppiumDriver.<init>(AppiumDriver.java:99)
	at io.appium.java_client.android.AndroidDriver.<init>(AndroidDriver.java:96)
	at com.DmartLabs.commonutils.AppiumManager.setDriver(AppiumManager.java:176)
	at com.DmartLabs.commonutils.AppiumManager.createDriver(AppiumManager.java:127)
	at com.DmartLabs.stepdefinitions.Hooks.setUp(Hooks.java:74)
	at sun.reflect.NativeMethodAccessorImpl.invoke0(Native Method)
	at sun.reflect.NativeMethodAccessorImpl.invoke(NativeMethodAccessorImpl.java:62)
	at sun.reflect.DelegatingMethodAccessorImpl.invoke(DelegatingMethodAccessorImpl.java:43)
	at java.lang.reflect.Method.invoke(Method.java:498)
	at io.cucumber.java.Invoker.doInvoke(Invoker.java:66)
	at io.cucumber.java.Invoker.invoke(Invoker.java:24)
	at io.cucumber.java.AbstractGlueDefinition.invokeMethod(AbstractGlueDefinition.java:47)
	at io.cucumber.java.JavaHookDefinition.execute(JavaHookDefinition.java:59)
	at io.cucumber.core.runner.CoreHookDefinition.execute(CoreHookDefinition.java:46)
	at io.cucumber.core.runner.HookDefinitionMatch.runStep(HookDefinitionMatch.java:21)
	at io.cucumber.core.runner.ExecutionMode$1.execute(ExecutionMode.java:10)
	at io.cucumber.core.runner.TestStep.executeStep(TestStep.java:92)
	at io.cucumber.core.runner.TestStep.run(TestStep.java:64)
	at io.cucumber.core.runner.TestCase.run(TestCase.java:98)
	at io.cucumber.core.runner.Runner.runPickle(Runner.java:71)
	at io.cucumber.testng.TestNGCucumberRunner.lambda$runScenario$0(TestNGCucumberRunner.java:116)
	at io.cucumber.core.runtime.CucumberExecutionContext.runTestCase(CucumberExecutionContext.java:117)
	at io.cucumber.testng.TestNGCucumberRunner.runScenario(TestNGCucumberRunner.java:113)
	at com.DmartLabs.bdd.Runner.TestNgRunner.scenario(TestNgRunner.java:44)
	at sun.reflect.NativeMethodAccessorImpl.invoke0(Native Method)
	at sun.reflect.NativeMethodAccessorImpl.invoke(NativeMethodAccessorImpl.java:62)
	at sun.reflect.DelegatingMethodAccessorImpl.invoke(DelegatingMethodAccessorImpl.java:43)
	at java.lang.reflect.Method.invoke(Method.java:498)
	at org.testng.internal.MethodInvocationHelper.invokeMethod(MethodInvocationHelper.java:133)
	at org.testng.internal.TestInvoker.invokeMethod(TestInvoker.java:584)
	at org.testng.internal.TestInvoker.invokeTestMethod(TestInvoker.java:172)
	at org.testng.internal.MethodRunner.runInSequence(MethodRunner.java:46)
	at org.testng.internal.TestInvoker$MethodInvocationAgent.invoke(TestInvoker.java:804)
	at org.testng.internal.TestInvoker.invokeTestMethods(TestInvoker.java:145)
	at org.testng.internal.TestMethodWorker.invokeTestMethods(TestMethodWorker.java:146)
	at org.testng.internal.TestMethodWorker.run(TestMethodWorker.java:128)
	at java.util.ArrayList.forEach(ArrayList.java:1259)
	at org.testng.TestRunner.privateRun(TestRunner.java:770)
	at org.testng.TestRunner.run(TestRunner.java:591)
	at org.testng.SuiteRunner.runTest(SuiteRunner.java:402)
	at org.testng.SuiteRunner.runSequentially(SuiteRunner.java:396)
	at org.testng.SuiteRunner.privateRun(SuiteRunner.java:355)
	at org.testng.SuiteRunner.run(SuiteRunner.java:304)
	at org.testng.SuiteRunnerWorker.runSuite(SuiteRunnerWorker.java:53)
	at org.testng.SuiteRunnerWorker.run(SuiteRunnerWorker.java:96)
	at org.testng.TestNG.runSuitesSequentially(TestNG.java:1180)
	at org.testng.TestNG.runSuitesLocally(TestNG.java:1102)
	at org.testng.TestNG.runSuites(TestNG.java:1032)
	at org.testng.TestNG.run(TestNG.java:1000)
	at org.apache.maven.surefire.testng.TestNGExecutor.run(TestNGExecutor.java:284)
	at org.apache.maven.surefire.testng.TestNGXmlTestSuite.execute(TestNGXmlTestSuite.java:75)
	at org.apache.maven.surefire.testng.TestNGProvider.invoke(TestNGProvider.java:119)
	at org.apache.maven.surefire.booter.ForkedBooter.runSuitesInProcess(ForkedBooter.java:428)
	at org.apache.maven.surefire.booter.ForkedBooter.execute(ForkedBooter.java:162)
	at org.apache.maven.surefire.booter.ForkedBooter.run(ForkedBooter.java:562)
	at org.apache.maven.surefire.booter.ForkedBooter.main(ForkedBooter.java:548)
Caused by: java.lang.reflect.InvocationTargetException
	at sun.reflect.NativeMethodAccessorImpl.invoke0(Native Method)
	at sun.reflect.NativeMethodAccessorImpl.invoke(NativeMethodAccessorImpl.java:62)
	at sun.reflect.DelegatingMethodAccessorImpl.invoke(DelegatingMethodAccessorImpl.java:43)
	at java.lang.reflect.Method.invoke(Method.java:498)
	at io.appium.java_client.remote.AppiumCommandExecutor$1.createSession(AppiumCommandExecutor.java:193)
	... 67 more
Caused by: org.openqa.selenium.WebDriverException: An unknown server-side error occurred while processing the command. Original error: Device 22315523022723 was not in the list of connected devices
Build info: version: '3.141.59', revision: 'e82be7d358', time: '2018-11-14T08:17:03'
System info: host: 'DESKTOP-9RT33CF', ip: '172.16.1.138', os.name: 'Windows 10', os.arch: 'amd64', os.version: '10.0', java.version: '1.8.0_291'
Driver info: driver.version: AndroidDriver
remote stacktrace: UnknownError: An unknown server-side error occurred while processing the command. Original error: Device 22315523022723 was not in the list of connected devices
    at getResponseForW3CError (C:\Users\FD329\AppData\Roaming\npm\node_modules\appium\node_modules\appium-base-driver\lib\protocol\errors.js:804:9)
    at asyncHandler (C:\Users\FD329\AppData\Roaming\npm\node_modules\appium\node_modules\appium-base-driver\lib\protocol\protocol.js:380:37)
	at sun.reflect.NativeConstructorAccessorImpl.newInstance0(Native Method)
	at sun.reflect.NativeConstructorAccessorImpl.newInstance(NativeConstructorAccessorImpl.java:62)
	at sun.reflect.DelegatingConstructorAccessorImpl.newInstance(DelegatingConstructorAccessorImpl.java:45)
	at java.lang.reflect.Constructor.newInstance(Constructor.java:423)
	at org.openqa.selenium.remote.W3CHandshakeResponse.lambda$errorHandler$0(W3CHandshakeResponse.java:62)
	at org.openqa.selenium.remote.HandshakeResponse.lambda$getResponseFunction$0(HandshakeResponse.java:30)
	at org.openqa.selenium.remote.ProtocolHandshake.lambda$createSession$0(ProtocolHandshake.java:126)
	at java.util.stream.ReferencePipeline$3$1.accept(ReferencePipeline.java:193)
	at java.util.Spliterators$ArraySpliterator.tryAdvance(Spliterators.java:958)
	at java.util.stream.ReferencePipeline.forEachWithCancel(ReferencePipeline.java:126)
	at java.util.stream.AbstractPipeline.copyIntoWithCancel(AbstractPipeline.java:499)
	at java.util.stream.AbstractPipeline.copyInto(AbstractPipeline.java:486)
	at java.util.stream.AbstractPipeline.wrapAndCopyInto(AbstractPipeline.java:472)
	at java.util.stream.FindOps$FindOp.evaluateSequential(FindOps.java:152)
	at java.util.stream.AbstractPipeline.evaluate(AbstractPipeline.java:234)
	at java.util.stream.ReferencePipeline.findFirst(ReferencePipeline.java:464)
	at org.openqa.selenium.remote.ProtocolHandshake.createSession(ProtocolHandshake.java:128)
	... 72 more
]]></system-err>
  </testcase>
  <testcase name="scenario[&quot;pick the items with invalid quantity&quot;, &quot;Optional[online BoxAndDispatchType:Pick the items in Delivery and load the Delivery into the truck]&quot;](3)" classname="com.DmartLabs.bdd.Runner.TestNgRunner" time="3.746">
    <failure message="Can not set io.appium.java_client.MobileElement field com.DmartLabs.bdd.pages.GenericLoginPage.username to null value" type="java.lang.IllegalArgumentException"><![CDATA[java.lang.IllegalArgumentException: Can not set io.appium.java_client.MobileElement field com.DmartLabs.bdd.pages.GenericLoginPage.username to null value
	at com.DmartLabs.bdd.Runner.TestNgRunner.scenario(TestNgRunner.java:44)
]]></failure>
    <system-out><![CDATA[
@PickerInvalidQunatityOnlineBoxAndDispatchType
Scenario Outline: pick the items with invalid quantity                                                 # src/test/resources/TestNg/11_PWP_PickerAndLoaderFlow_Online.feature:116
AlterSuite
prop.capabilities: null
Hooks: Set Appium Manager
size is3
@Start: ITestContext
list size***[com.DmartLabs.commonutils.AppiumManager@5fb97279, com.DmartLabs.commonutils.AppiumManager@3419e23b, com.DmartLabs.commonutils.AppiumManager@18460128]
divise
AppiumJSPath: C:\Users\FD329\AppData\Roaming\npm\node_modules\appium\build\lib\main.js
nodePath: C:\Program Files\nodejs\node.exe
&amp#27;[35m[Appium]&amp#27;[39m Welcome to Appium v1.22.3
&amp#27;[35m[Appium]&amp#27;[39m Non-default server args:
&amp#27;[35m[Appium]&amp#27;[39m   address: 127.0.0.1
&amp#27;[35m[Appium]&amp#27;[39m   port: 58889
&amp#27;[35m[Appium]&amp#27;[39m   bootstrapPort: 58887
&amp#27;[35m[Appium]&amp#27;[39m   logFile: C:\Users\FD329\OneDrive\Desktop\QF_Mobile3_1_24\reports\Report_2024-03-05 12-02-33\22315523022723\logs\appium_log_1709620353462.txt
&amp#27;[35m[Appium]&amp#27;[39m   chromedriverPort: 58888
&amp#27;[35m[Appium]&amp#27;[39m Deprecated server args:
&amp#27;[35m[Appium]&amp#27;[39m   &amp#27;[31m--chromedriver-port&amp#27;[39m => --default-capabilities
&amp#27;[35m[Appium]&amp#27;[39m Default capabilities, which will be added to each request unless overridden by desired capabilities:
&amp#27;[35m[Appium]&amp#27;[39m   chromedriverPort: 58888
&amp#27;[35m[Appium]&amp#27;[39m Appium REST http interface listener started on 127.0.0.1:58889
&amp#27;[35m[HTTP]&amp#27;[39m &amp#27;[37m-->&amp#27;[39m &amp#27;[37mGET&amp#27;[39m &amp#27;[37m/wd/hub/status&amp#27;[39m
&amp#27;[35m[HTTP]&amp#27;[39m &amp#27;[90m{}&amp#27;[39m
[debug] &amp#27;[35m[GENERIC]&amp#27;[39m Calling AppiumDriver.getStatus() with args: []
[debug] &amp#27;[35m[GENERIC]&amp#27;[39m Responding to client with driver.getStatus() result: {"build":{"version":"1.22.3"}}
Appium Server Started
in side before
Create Driver...
true
Entering Set Caps Local Execution....
setting capabilities
setting isAndroid: true
configJSON: {"server":{"port":1234,"host":"localhost"},"cloudCapabilities":{"app":"lt://APP10160281841703072392455169","build":"krushna","w3c":"true","platformVersion":"13","name":"usa","video":"true","isRealMobile":"true","platformName":"android","region":"AP","deviceName":"Galaxy .*"},"capabilities":{"android":{"appPackage":"com.dlabs.meradmart.mobile","appActivity":"com.dlabs.meradmart.mobile.MainActivity","newCommandTimeout":600,"platformName":"Android","launchTimeout":90000}},"devices":[{"name":"22315523022723","version":"11.0.0","platform":"Android"}],"cloud_server":{"accessKey":"ZyDVxJ8RZPug8JkwdwdwdmTnWaMLcLf1LPTMxkWzwX6nIWWPbgfrQyjT","host":"@mobile-hub.lambdadwwtest.com/wd/hub","userName":"krushna.jenwdwwdwdwaqualitrix"},"properties":{"environment":"local","reportName":"Qualitrix Automation Report"}}Debug ....2
Entering Set Driver Local Execution....
Exception: Unable to create a new remote session. Please check the server log for more details. Original error: An unknown server-side error occurred while processing the command. Original error: Device 22315523022723 was not in the list of connected devices
Build info: version: '3.141.59', revision: 'e82be7d358', time: '2018-11-14T08:17:03'
System info: host: 'DESKTOP-9RT33CF', ip: '172.16.1.138', os.name: 'Windows 10', os.arch: 'amd64', os.version: '10.0', java.version: '1.8.0_291'
Driver info: driver.version: AndroidDriver
remote stacktrace: UnknownError: An unknown server-side error occurred while processing the command. Original error: Device 22315523022723 was not in the list of connected devices
    at getResponseForW3CError (C:\Users\FD329\AppData\Roaming\npm\node_modules\appium\node_modules\appium-base-driver\lib\protocol\errors.js:804:9)
    at asyncHandler (C:\Users\FD329\AppData\Roaming\npm\node_modules\appium\node_modules\appium-base-driver\lib\protocol\protocol.js:380:37)
Build info: version: '3.141.59', revision: 'e82be7d358', time: '2018-11-14T08:17:03'
System info: host: 'DESKTOP-9RT33CF', ip: '172.16.1.138', os.name: 'Windows 10', os.arch: 'amd64', os.version: '10.0', java.version: '1.8.0_291'
Driver info: driver.version: AndroidDriver
  Given Enter username "121346" and password "Sweety123@" to login to the picker application           # com.DmartLabs.stepdefinitions.GenericStep.enterUsernameAndPasswordToLoginToThePickerApplication(java.lang.String,java.lang.String)
      java.lang.IllegalArgumentException: Can not set io.appium.java_client.MobileElement field com.DmartLabs.bdd.pages.GenericLoginPage.username to null value
	at sun.reflect.UnsafeFieldAccessorImpl.throwSetIllegalArgumentException(UnsafeFieldAccessorImpl.java:167)
	at sun.reflect.UnsafeFieldAccessorImpl.throwSetIllegalArgumentException(UnsafeFieldAccessorImpl.java:171)
	at sun.reflect.UnsafeObjectFieldAccessorImpl.set(UnsafeObjectFieldAccessorImpl.java:81)
	at java.lang.reflect.Field.set(Field.java:764)
	at org.openqa.selenium.support.PageFactory.proxyFields(PageFactory.java:117)
	at org.openqa.selenium.support.PageFactory.initElements(PageFactory.java:105)
	at com.DmartLabs.bdd.pages.GenericLoginPage.<init>(GenericLoginPage.java:15)
	at com.DmartLabs.stepdefinitions.GenericStep.<init>(GenericStep.java:9)
	at sun.reflect.NativeConstructorAccessorImpl.newInstance0(Native Method)
	at sun.reflect.NativeConstructorAccessorImpl.newInstance(NativeConstructorAccessorImpl.java:62)
	at sun.reflect.DelegatingConstructorAccessorImpl.newInstance(DelegatingConstructorAccessorImpl.java:45)
	at java.lang.reflect.Constructor.newInstance(Constructor.java:423)
	at org.picocontainer.injectors.AbstractInjector.newInstance(AbstractInjector.java:145)
	at org.picocontainer.injectors.ConstructorInjector$1.run(ConstructorInjector.java:342)
	at org.picocontainer.injectors.AbstractInjector$ThreadLocalCyclicDependencyGuard.observe(AbstractInjector.java:270)
	at org.picocontainer.injectors.ConstructorInjector.getComponentInstance(ConstructorInjector.java:364)
	at org.picocontainer.injectors.AbstractInjectionFactory$LifecycleAdapter.getComponentInstance(AbstractInjectionFactory.java:56)
	at org.picocontainer.behaviors.AbstractBehavior.getComponentInstance(AbstractBehavior.java:64)
	at org.picocontainer.behaviors.Stored.getComponentInstance(Stored.java:91)
	at org.picocontainer.DefaultPicoContainer.getInstance(DefaultPicoContainer.java:699)
	at org.picocontainer.DefaultPicoContainer.getComponent(DefaultPicoContainer.java:647)
	at org.picocontainer.DefaultPicoContainer.getComponent(DefaultPicoContainer.java:678)
	at io.cucumber.picocontainer.PicoFactory.getInstance(PicoFactory.java:49)
	at io.cucumber.java.AbstractGlueDefinition.invokeMethod(AbstractGlueDefinition.java:47)
	at io.cucumber.java.JavaStepDefinition.execute(JavaStepDefinition.java:29)
	at io.cucumber.core.runner.CoreStepDefinition.execute(CoreStepDefinition.java:66)
	at io.cucumber.core.runner.PickleStepDefinitionMatch.runStep(PickleStepDefinitionMatch.java:63)
	at io.cucumber.core.runner.ExecutionMode$1.execute(ExecutionMode.java:10)
	at io.cucumber.core.runner.TestStep.executeStep(TestStep.java:92)
	at io.cucumber.core.runner.TestStep.run(TestStep.java:64)
	at io.cucumber.core.runner.PickleStepTestStep.run(PickleStepTestStep.java:51)
	at io.cucumber.core.runner.TestCase.run(TestCase.java:104)
	at io.cucumber.core.runner.Runner.runPickle(Runner.java:71)
	at io.cucumber.testng.TestNGCucumberRunner.lambda$runScenario$0(TestNGCucumberRunner.java:116)
	at io.cucumber.core.runtime.CucumberExecutionContext.runTestCase(CucumberExecutionContext.java:117)
	at io.cucumber.testng.TestNGCucumberRunner.runScenario(TestNGCucumberRunner.java:113)
	at com.DmartLabs.bdd.Runner.TestNgRunner.scenario(TestNgRunner.java:44)
	at sun.reflect.NativeMethodAccessorImpl.invoke0(Native Method)
	at sun.reflect.NativeMethodAccessorImpl.invoke(NativeMethodAccessorImpl.java:62)
	at sun.reflect.DelegatingMethodAccessorImpl.invoke(DelegatingMethodAccessorImpl.java:43)
	at java.lang.reflect.Method.invoke(Method.java:498)
	at org.testng.internal.MethodInvocationHelper.invokeMethod(MethodInvocationHelper.java:133)
	at org.testng.internal.TestInvoker.invokeMethod(TestInvoker.java:584)
	at org.testng.internal.TestInvoker.invokeTestMethod(TestInvoker.java:172)
	at org.testng.internal.MethodRunner.runInSequence(MethodRunner.java:46)
	at org.testng.internal.TestInvoker$MethodInvocationAgent.invoke(TestInvoker.java:804)
	at org.testng.internal.TestInvoker.invokeTestMethods(TestInvoker.java:145)
	at org.testng.internal.TestMethodWorker.invokeTestMethods(TestMethodWorker.java:146)
	at org.testng.internal.TestMethodWorker.run(TestMethodWorker.java:128)
	at java.util.ArrayList.forEach(ArrayList.java:1259)
	at org.testng.TestRunner.privateRun(TestRunner.java:770)
	at org.testng.TestRunner.run(TestRunner.java:591)
	at org.testng.SuiteRunner.runTest(SuiteRunner.java:402)
	at org.testng.SuiteRunner.runSequentially(SuiteRunner.java:396)
	at org.testng.SuiteRunner.privateRun(SuiteRunner.java:355)
	at org.testng.SuiteRunner.run(SuiteRunner.java:304)
	at org.testng.SuiteRunnerWorker.runSuite(SuiteRunnerWorker.java:53)
	at org.testng.SuiteRunnerWorker.run(SuiteRunnerWorker.java:96)
	at org.testng.TestNG.runSuitesSequentially(TestNG.java:1180)
	at org.testng.TestNG.runSuitesLocally(TestNG.java:1102)
	at org.testng.TestNG.runSuites(TestNG.java:1032)
	at org.testng.TestNG.run(TestNG.java:1000)
	at org.apache.maven.surefire.testng.TestNGExecutor.run(TestNGExecutor.java:284)
	at org.apache.maven.surefire.testng.TestNGXmlTestSuite.execute(TestNGXmlTestSuite.java:75)
	at org.apache.maven.surefire.testng.TestNGProvider.invoke(TestNGProvider.java:119)
	at org.apache.maven.surefire.booter.ForkedBooter.runSuitesInProcess(ForkedBooter.java:428)
	at org.apache.maven.surefire.booter.ForkedBooter.execute(ForkedBooter.java:162)
	at org.apache.maven.surefire.booter.ForkedBooter.run(ForkedBooter.java:562)
	at org.apache.maven.surefire.booter.ForkedBooter.main(ForkedBooter.java:548)

      java.lang.NullPointerException
	at com.DmartLabs.stepdefinitions.Hooks.addScreenshot(Hooks.java:173)

  When user verify the items one By One  and move to pickList with invalid Quantity BoxAndDispatchType # com.DmartLabs.stepdefinitions.pickerOnlineFlowBoxAndPalletType11Step.userVerifyTheItemsOneByOneAndMoveToPickListWithInvalidQuantityBoxAndDispatchType(io.cucumber.datatable.DataTable)
  And user verify the items one By One  and move to pickList without InvalidQuantity                   # com.DmartLabs.stepdefinitions.pickerOnlineFlowBoxAndPalletType11Step.userVerifyTheItemsOneByOneAndMoveToPickListWithoutInvalidQuantity(io.cucumber.datatable.DataTable)
  And user verify the items one By One  and move to pickList without InvalidQuantity remaining items   # com.DmartLabs.stepdefinitions.pickerOnlineFlowBoxAndPalletType11Step.userVerifyTheItemsOneByOneAndMoveToPickListWithoutInvalidQuantityRemainingItems()
  Then verify Items picked or not                                                                      # com.DmartLabs.stepdefinitions.GenericStep.verifyItemsPickedOrNot()
  And Logout the user from application                                                                 # com.DmartLabs.stepdefinitions.LogoutSteps.logoutTheUserFromApplication()
  Given Enter username "121346" and password "Sweety123@" to login to the picker application           # com.DmartLabs.stepdefinitions.GenericStep.enterUsernameAndPasswordToLoginToThePickerApplication(java.lang.String,java.lang.String)
  And Verify that User is in PWP application's Home Page                                               # com.DmartLabs.stepdefinitions.HomePageSteps.verifyThatUserIsInHomePage()
  And Click on Loader Module to perform Loading operations                                             # com.DmartLabs.stepdefinitions.HomePageSteps.clickOnLoaderModuleToPerformLoadingOperations()
  And Verify that Loader is in Loader Page                                                             # com.DmartLabs.stepdefinitions.LoaderSteps.verifyThatLoaderIsInLoaderPage()
  When Get the delivery number to load the Delivery into the truck                                     # com.DmartLabs.stepdefinitions.LoaderSteps.getTheDeliveryNumberToLoadTheDeliveryIntoTheTruck()
  And Search the delivery in a Loader Page                                                             # com.DmartLabs.stepdefinitions.LoaderSteps.searchTheDeliveryInALoaderPage()
  And Verify that vehicle is assigned for a Delivery                                                   # com.DmartLabs.stepdefinitions.LoaderSteps.verifyThatTruckIsAssignedForADelivery()
  And Verify the dispatch type of a delivery                                                           # com.DmartLabs.stepdefinitions.LoaderSteps.verifyTheDispatchTypeOfADelivery()
  And Check the picking progress of a delivery                                                         # com.DmartLabs.stepdefinitions.LoaderSteps.checkThePickingProgressOfADelivery()
  And Click on Delivery Card                                                                           # com.DmartLabs.stepdefinitions.LoaderSteps.clickOnDeliveryCard1()
  And Verify that loader is in Delivery Details Page                                                   # com.DmartLabs.stepdefinitions.LoaderSteps.verifyThatLoaderIsInDeliveryDetailsPage()
  And Load the delivery into the truck                                                                 # com.DmartLabs.stepdefinitions.LoaderSteps.loadTheDeliveryIntoTheTruck()
  And Confirm the loading                                                                              # com.DmartLabs.stepdefinitions.LoaderSteps.confirmTheLoading()
  Then Verify that loading operation is completed                                                      # com.DmartLabs.stepdefinitions.LoaderSteps.verifyThatLoadingOperationIsCompleted()
  And Search the delivery in a Loader Page                                                             # com.DmartLabs.stepdefinitions.LoaderSteps.searchTheDeliveryInALoaderPage()
  And Verify that no results found message is displayed                                                # com.DmartLabs.stepdefinitions.LoaderSteps.verifyThatNoResultsFoundMessageIsDisplayed()
  And Logout the user from Loader application                                                          # com.DmartLabs.stepdefinitions.LogoutSteps.logoutTheUserFromLoaderApplication()
@OnFinish: ITestContext
@Stop Appium Server
Stopped appium server...
]]></system-out>
    <system-err><![CDATA[org.openqa.selenium.SessionNotCreatedException: Unable to create a new remote session. Please check the server log for more details. Original error: An unknown server-side error occurred while processing the command. Original error: Device 22315523022723 was not in the list of connected devices
Build info: version: '3.141.59', revision: 'e82be7d358', time: '2018-11-14T08:17:03'
System info: host: 'DESKTOP-9RT33CF', ip: '172.16.1.138', os.name: 'Windows 10', os.arch: 'amd64', os.version: '10.0', java.version: '1.8.0_291'
Driver info: driver.version: AndroidDriver
remote stacktrace: UnknownError: An unknown server-side error occurred while processing the command. Original error: Device 22315523022723 was not in the list of connected devices
    at getResponseForW3CError (C:\Users\FD329\AppData\Roaming\npm\node_modules\appium\node_modules\appium-base-driver\lib\protocol\errors.js:804:9)
    at asyncHandler (C:\Users\FD329\AppData\Roaming\npm\node_modules\appium\node_modules\appium-base-driver\lib\protocol\protocol.js:380:37)
Build info: version: '3.141.59', revision: 'e82be7d358', time: '2018-11-14T08:17:03'
System info: host: 'DESKTOP-9RT33CF', ip: '172.16.1.138', os.name: 'Windows 10', os.arch: 'amd64', os.version: '10.0', java.version: '1.8.0_291'
Driver info: driver.version: AndroidDriver
	at io.appium.java_client.remote.AppiumCommandExecutor$1.createSession(AppiumCommandExecutor.java:216)
	at io.appium.java_client.remote.AppiumCommandExecutor.createSession(AppiumCommandExecutor.java:225)
	at io.appium.java_client.remote.AppiumCommandExecutor.execute(AppiumCommandExecutor.java:247)
	at org.openqa.selenium.remote.RemoteWebDriver.execute(RemoteWebDriver.java:552)
	at io.appium.java_client.DefaultGenericMobileDriver.execute(DefaultGenericMobileDriver.java:41)
	at io.appium.java_client.AppiumDriver.execute(AppiumDriver.java:1)
	at io.appium.java_client.android.AndroidDriver.execute(AndroidDriver.java:1)
	at org.openqa.selenium.remote.RemoteWebDriver.startSession(RemoteWebDriver.java:213)
	at io.appium.java_client.AppiumDriver.startSession(AppiumDriver.java:338)
	at org.openqa.selenium.remote.RemoteWebDriver.<init>(RemoteWebDriver.java:131)
	at io.appium.java_client.DefaultGenericMobileDriver.<init>(DefaultGenericMobileDriver.java:37)
	at io.appium.java_client.AppiumDriver.<init>(AppiumDriver.java:89)
	at io.appium.java_client.AppiumDriver.<init>(AppiumDriver.java:99)
	at io.appium.java_client.android.AndroidDriver.<init>(AndroidDriver.java:96)
	at com.DmartLabs.commonutils.AppiumManager.setDriver(AppiumManager.java:176)
	at com.DmartLabs.commonutils.AppiumManager.createDriver(AppiumManager.java:127)
	at com.DmartLabs.stepdefinitions.Hooks.setUp(Hooks.java:74)
	at sun.reflect.NativeMethodAccessorImpl.invoke0(Native Method)
	at sun.reflect.NativeMethodAccessorImpl.invoke(NativeMethodAccessorImpl.java:62)
	at sun.reflect.DelegatingMethodAccessorImpl.invoke(DelegatingMethodAccessorImpl.java:43)
	at java.lang.reflect.Method.invoke(Method.java:498)
	at io.cucumber.java.Invoker.doInvoke(Invoker.java:66)
	at io.cucumber.java.Invoker.invoke(Invoker.java:24)
	at io.cucumber.java.AbstractGlueDefinition.invokeMethod(AbstractGlueDefinition.java:47)
	at io.cucumber.java.JavaHookDefinition.execute(JavaHookDefinition.java:59)
	at io.cucumber.core.runner.CoreHookDefinition.execute(CoreHookDefinition.java:46)
	at io.cucumber.core.runner.HookDefinitionMatch.runStep(HookDefinitionMatch.java:21)
	at io.cucumber.core.runner.ExecutionMode$1.execute(ExecutionMode.java:10)
	at io.cucumber.core.runner.TestStep.executeStep(TestStep.java:92)
	at io.cucumber.core.runner.TestStep.run(TestStep.java:64)
	at io.cucumber.core.runner.TestCase.run(TestCase.java:98)
	at io.cucumber.core.runner.Runner.runPickle(Runner.java:71)
	at io.cucumber.testng.TestNGCucumberRunner.lambda$runScenario$0(TestNGCucumberRunner.java:116)
	at io.cucumber.core.runtime.CucumberExecutionContext.runTestCase(CucumberExecutionContext.java:117)
	at io.cucumber.testng.TestNGCucumberRunner.runScenario(TestNGCucumberRunner.java:113)
	at com.DmartLabs.bdd.Runner.TestNgRunner.scenario(TestNgRunner.java:44)
	at sun.reflect.NativeMethodAccessorImpl.invoke0(Native Method)
	at sun.reflect.NativeMethodAccessorImpl.invoke(NativeMethodAccessorImpl.java:62)
	at sun.reflect.DelegatingMethodAccessorImpl.invoke(DelegatingMethodAccessorImpl.java:43)
	at java.lang.reflect.Method.invoke(Method.java:498)
	at org.testng.internal.MethodInvocationHelper.invokeMethod(MethodInvocationHelper.java:133)
	at org.testng.internal.TestInvoker.invokeMethod(TestInvoker.java:584)
	at org.testng.internal.TestInvoker.invokeTestMethod(TestInvoker.java:172)
	at org.testng.internal.MethodRunner.runInSequence(MethodRunner.java:46)
	at org.testng.internal.TestInvoker$MethodInvocationAgent.invoke(TestInvoker.java:804)
	at org.testng.internal.TestInvoker.invokeTestMethods(TestInvoker.java:145)
	at org.testng.internal.TestMethodWorker.invokeTestMethods(TestMethodWorker.java:146)
	at org.testng.internal.TestMethodWorker.run(TestMethodWorker.java:128)
	at java.util.ArrayList.forEach(ArrayList.java:1259)
	at org.testng.TestRunner.privateRun(TestRunner.java:770)
	at org.testng.TestRunner.run(TestRunner.java:591)
	at org.testng.SuiteRunner.runTest(SuiteRunner.java:402)
	at org.testng.SuiteRunner.runSequentially(SuiteRunner.java:396)
	at org.testng.SuiteRunner.privateRun(SuiteRunner.java:355)
	at org.testng.SuiteRunner.run(SuiteRunner.java:304)
	at org.testng.SuiteRunnerWorker.runSuite(SuiteRunnerWorker.java:53)
	at org.testng.SuiteRunnerWorker.run(SuiteRunnerWorker.java:96)
	at org.testng.TestNG.runSuitesSequentially(TestNG.java:1180)
	at org.testng.TestNG.runSuitesLocally(TestNG.java:1102)
	at org.testng.TestNG.runSuites(TestNG.java:1032)
	at org.testng.TestNG.run(TestNG.java:1000)
	at org.apache.maven.surefire.testng.TestNGExecutor.run(TestNGExecutor.java:284)
	at org.apache.maven.surefire.testng.TestNGXmlTestSuite.execute(TestNGXmlTestSuite.java:75)
	at org.apache.maven.surefire.testng.TestNGProvider.invoke(TestNGProvider.java:119)
	at org.apache.maven.surefire.booter.ForkedBooter.runSuitesInProcess(ForkedBooter.java:428)
	at org.apache.maven.surefire.booter.ForkedBooter.execute(ForkedBooter.java:162)
	at org.apache.maven.surefire.booter.ForkedBooter.run(ForkedBooter.java:562)
	at org.apache.maven.surefire.booter.ForkedBooter.main(ForkedBooter.java:548)
Caused by: java.lang.reflect.InvocationTargetException
	at sun.reflect.NativeMethodAccessorImpl.invoke0(Native Method)
	at sun.reflect.NativeMethodAccessorImpl.invoke(NativeMethodAccessorImpl.java:62)
	at sun.reflect.DelegatingMethodAccessorImpl.invoke(DelegatingMethodAccessorImpl.java:43)
	at java.lang.reflect.Method.invoke(Method.java:498)
	at io.appium.java_client.remote.AppiumCommandExecutor$1.createSession(AppiumCommandExecutor.java:193)
	... 67 more
Caused by: org.openqa.selenium.WebDriverException: An unknown server-side error occurred while processing the command. Original error: Device 22315523022723 was not in the list of connected devices
Build info: version: '3.141.59', revision: 'e82be7d358', time: '2018-11-14T08:17:03'
System info: host: 'DESKTOP-9RT33CF', ip: '172.16.1.138', os.name: 'Windows 10', os.arch: 'amd64', os.version: '10.0', java.version: '1.8.0_291'
Driver info: driver.version: AndroidDriver
remote stacktrace: UnknownError: An unknown server-side error occurred while processing the command. Original error: Device 22315523022723 was not in the list of connected devices
    at getResponseForW3CError (C:\Users\FD329\AppData\Roaming\npm\node_modules\appium\node_modules\appium-base-driver\lib\protocol\errors.js:804:9)
    at asyncHandler (C:\Users\FD329\AppData\Roaming\npm\node_modules\appium\node_modules\appium-base-driver\lib\protocol\protocol.js:380:37)
	at sun.reflect.NativeConstructorAccessorImpl.newInstance0(Native Method)
	at sun.reflect.NativeConstructorAccessorImpl.newInstance(NativeConstructorAccessorImpl.java:62)
	at sun.reflect.DelegatingConstructorAccessorImpl.newInstance(DelegatingConstructorAccessorImpl.java:45)
	at java.lang.reflect.Constructor.newInstance(Constructor.java:423)
	at org.openqa.selenium.remote.W3CHandshakeResponse.lambda$errorHandler$0(W3CHandshakeResponse.java:62)
	at org.openqa.selenium.remote.HandshakeResponse.lambda$getResponseFunction$0(HandshakeResponse.java:30)
	at org.openqa.selenium.remote.ProtocolHandshake.lambda$createSession$0(ProtocolHandshake.java:126)
	at java.util.stream.ReferencePipeline$3$1.accept(ReferencePipeline.java:193)
	at java.util.Spliterators$ArraySpliterator.tryAdvance(Spliterators.java:958)
	at java.util.stream.ReferencePipeline.forEachWithCancel(ReferencePipeline.java:126)
	at java.util.stream.AbstractPipeline.copyIntoWithCancel(AbstractPipeline.java:499)
	at java.util.stream.AbstractPipeline.copyInto(AbstractPipeline.java:486)
	at java.util.stream.AbstractPipeline.wrapAndCopyInto(AbstractPipeline.java:472)
	at java.util.stream.FindOps$FindOp.evaluateSequential(FindOps.java:152)
	at java.util.stream.AbstractPipeline.evaluate(AbstractPipeline.java:234)
	at java.util.stream.ReferencePipeline.findFirst(ReferencePipeline.java:464)
	at org.openqa.selenium.remote.ProtocolHandshake.createSession(ProtocolHandshake.java:128)
	... 72 more
]]></system-err>
  </testcase>
  <testcase name="scenario[&quot;pick the Picker1SevenItemsAndLoadBoxAndDispatchType&quot;, &quot;Optional[offline BoxAndDispatchType:Pick the items in Delivery and load the Delivery into the truck]&quot;](4)" classname="com.DmartLabs.bdd.Runner.TestNgRunner" time="3.79">
    <failure message="Can not set io.appium.java_client.MobileElement field com.DmartLabs.bdd.pages.GenericLoginPage.username to null value" type="java.lang.IllegalArgumentException"><![CDATA[java.lang.IllegalArgumentException: Can not set io.appium.java_client.MobileElement field com.DmartLabs.bdd.pages.GenericLoginPage.username to null value
	at com.DmartLabs.bdd.Runner.TestNgRunner.scenario(TestNgRunner.java:44)
]]></failure>
    <system-out><![CDATA[
@PickingSevenItemsOfflineBoxAndDispatchType
Scenario Outline: pick the Picker1SevenItemsAndLoadBoxAndDispatchType                                                                                                                # src/test/resources/TestNg/12_PWP_PickerAndLoaderFlow_Offline.feature:35
AlterSuite
prop.capabilities: null
Hooks: Set Appium Manager
size is4
@Start: ITestContext
list size***[com.DmartLabs.commonutils.AppiumManager@5fb97279, com.DmartLabs.commonutils.AppiumManager@3419e23b, com.DmartLabs.commonutils.AppiumManager@18460128, com.DmartLabs.commonutils.AppiumManager@75961f16]
divise
AppiumJSPath: C:\Users\FD329\AppData\Roaming\npm\node_modules\appium\build\lib\main.js
nodePath: C:\Program Files\nodejs\node.exe
&amp#27;[35m[Appium]&amp#27;[39m Welcome to Appium v1.22.3
&amp#27;[35m[Appium]&amp#27;[39m Non-default server args:
&amp#27;[35m[Appium]&amp#27;[39m   address: 127.0.0.1
&amp#27;[35m[Appium]&amp#27;[39m   port: 58911
&amp#27;[35m[Appium]&amp#27;[39m   bootstrapPort: 58909
&amp#27;[35m[Appium]&amp#27;[39m   logFile: C:\Users\FD329\OneDrive\Desktop\QF_Mobile3_1_24\reports\Report_2024-03-05 12-02-37\22315523022723\logs\appium_log_1709620357207.txt
&amp#27;[35m[Appium]&amp#27;[39m   chromedriverPort: 58910
&amp#27;[35m[Appium]&amp#27;[39m Deprecated server args:
&amp#27;[35m[Appium]&amp#27;[39m   &amp#27;[31m--chromedriver-port&amp#27;[39m => --default-capabilities
&amp#27;[35m[Appium]&amp#27;[39m Default capabilities, which will be added to each request unless overridden by desired capabilities:
&amp#27;[35m[Appium]&amp#27;[39m   chromedriverPort: 58910
&amp#27;[35m[Appium]&amp#27;[39m Appium REST http interface listener started on 127.0.0.1:58911
&amp#27;[35m[HTTP]&amp#27;[39m &amp#27;[37m-->&amp#27;[39m &amp#27;[37mGET&amp#27;[39m &amp#27;[37m/wd/hub/status&amp#27;[39m
&amp#27;[35m[HTTP]&amp#27;[39m &amp#27;[90m{}&amp#27;[39m
[debug] &amp#27;[35m[GENERIC]&amp#27;[39m Calling AppiumDriver.getStatus() with args: []
[debug] &amp#27;[35m[GENERIC]&amp#27;[39m Responding to client with driver.getStatus() result: {"build":{"version":"1.22.3"}}
Appium Server Started
in side before
Create Driver...
true
Entering Set Caps Local Execution....
setting capabilities
setting isAndroid: true
configJSON: {"server":{"port":1234,"host":"localhost"},"cloudCapabilities":{"app":"lt://APP10160281841703072392455169","build":"krushna","w3c":"true","platformVersion":"13","name":"usa","video":"true","isRealMobile":"true","platformName":"android","region":"AP","deviceName":"Galaxy .*"},"capabilities":{"android":{"appPackage":"com.dlabs.meradmart.mobile","appActivity":"com.dlabs.meradmart.mobile.MainActivity","newCommandTimeout":600,"platformName":"Android","launchTimeout":90000}},"devices":[{"name":"22315523022723","version":"11.0.0","platform":"Android"}],"cloud_server":{"accessKey":"ZyDVxJ8RZPug8JkwdwdwdmTnWaMLcLf1LPTMxkWzwX6nIWWPbgfrQyjT","host":"@mobile-hub.lambdadwwtest.com/wd/hub","userName":"krushna.jenwdwwdwdwaqualitrix"},"properties":{"environment":"local","reportName":"Qualitrix Automation Report"}}Debug ....2
Entering Set Driver Local Execution....
Exception: Unable to create a new remote session. Please check the server log for more details. Original error: An unknown server-side error occurred while processing the command. Original error: Device 22315523022723 was not in the list of connected devices
Build info: version: '3.141.59', revision: 'e82be7d358', time: '2018-11-14T08:17:03'
System info: host: 'DESKTOP-9RT33CF', ip: '172.16.1.138', os.name: 'Windows 10', os.arch: 'amd64', os.version: '10.0', java.version: '1.8.0_291'
Driver info: driver.version: AndroidDriver
remote stacktrace: UnknownError: An unknown server-side error occurred while processing the command. Original error: Device 22315523022723 was not in the list of connected devices
    at getResponseForW3CError (C:\Users\FD329\AppData\Roaming\npm\node_modules\appium\node_modules\appium-base-driver\lib\protocol\errors.js:804:9)
    at asyncHandler (C:\Users\FD329\AppData\Roaming\npm\node_modules\appium\node_modules\appium-base-driver\lib\protocol\protocol.js:380:37)
Build info: version: '3.141.59', revision: 'e82be7d358', time: '2018-11-14T08:17:03'
System info: host: 'DESKTOP-9RT33CF', ip: '172.16.1.138', os.name: 'Windows 10', os.arch: 'amd64', os.version: '10.0', java.version: '1.8.0_291'
Driver info: driver.version: AndroidDriver
  Given Enter username "121346" and password "Sweety123@" to login to the picker application                                                                                         # com.DmartLabs.stepdefinitions.GenericStep.enterUsernameAndPasswordToLoginToThePickerApplication(java.lang.String,java.lang.String)
      java.lang.IllegalArgumentException: Can not set io.appium.java_client.MobileElement field com.DmartLabs.bdd.pages.GenericLoginPage.username to null value
	at sun.reflect.UnsafeFieldAccessorImpl.throwSetIllegalArgumentException(UnsafeFieldAccessorImpl.java:167)
	at sun.reflect.UnsafeFieldAccessorImpl.throwSetIllegalArgumentException(UnsafeFieldAccessorImpl.java:171)
	at sun.reflect.UnsafeObjectFieldAccessorImpl.set(UnsafeObjectFieldAccessorImpl.java:81)
	at java.lang.reflect.Field.set(Field.java:764)
	at org.openqa.selenium.support.PageFactory.proxyFields(PageFactory.java:117)
	at org.openqa.selenium.support.PageFactory.initElements(PageFactory.java:105)
	at com.DmartLabs.bdd.pages.GenericLoginPage.<init>(GenericLoginPage.java:15)
	at com.DmartLabs.stepdefinitions.GenericStep.<init>(GenericStep.java:9)
	at sun.reflect.NativeConstructorAccessorImpl.newInstance0(Native Method)
	at sun.reflect.NativeConstructorAccessorImpl.newInstance(NativeConstructorAccessorImpl.java:62)
	at sun.reflect.DelegatingConstructorAccessorImpl.newInstance(DelegatingConstructorAccessorImpl.java:45)
	at java.lang.reflect.Constructor.newInstance(Constructor.java:423)
	at org.picocontainer.injectors.AbstractInjector.newInstance(AbstractInjector.java:145)
	at org.picocontainer.injectors.ConstructorInjector$1.run(ConstructorInjector.java:342)
	at org.picocontainer.injectors.AbstractInjector$ThreadLocalCyclicDependencyGuard.observe(AbstractInjector.java:270)
	at org.picocontainer.injectors.ConstructorInjector.getComponentInstance(ConstructorInjector.java:364)
	at org.picocontainer.injectors.AbstractInjectionFactory$LifecycleAdapter.getComponentInstance(AbstractInjectionFactory.java:56)
	at org.picocontainer.behaviors.AbstractBehavior.getComponentInstance(AbstractBehavior.java:64)
	at org.picocontainer.behaviors.Stored.getComponentInstance(Stored.java:91)
	at org.picocontainer.DefaultPicoContainer.getInstance(DefaultPicoContainer.java:699)
	at org.picocontainer.DefaultPicoContainer.getComponent(DefaultPicoContainer.java:647)
	at org.picocontainer.DefaultPicoContainer.getComponent(DefaultPicoContainer.java:678)
	at io.cucumber.picocontainer.PicoFactory.getInstance(PicoFactory.java:49)
	at io.cucumber.java.AbstractGlueDefinition.invokeMethod(AbstractGlueDefinition.java:47)
	at io.cucumber.java.JavaStepDefinition.execute(JavaStepDefinition.java:29)
	at io.cucumber.core.runner.CoreStepDefinition.execute(CoreStepDefinition.java:66)
	at io.cucumber.core.runner.PickleStepDefinitionMatch.runStep(PickleStepDefinitionMatch.java:63)
	at io.cucumber.core.runner.ExecutionMode$1.execute(ExecutionMode.java:10)
	at io.cucumber.core.runner.TestStep.executeStep(TestStep.java:92)
	at io.cucumber.core.runner.TestStep.run(TestStep.java:64)
	at io.cucumber.core.runner.PickleStepTestStep.run(PickleStepTestStep.java:51)
	at io.cucumber.core.runner.TestCase.run(TestCase.java:104)
	at io.cucumber.core.runner.Runner.runPickle(Runner.java:71)
	at io.cucumber.testng.TestNGCucumberRunner.lambda$runScenario$0(TestNGCucumberRunner.java:116)
	at io.cucumber.core.runtime.CucumberExecutionContext.runTestCase(CucumberExecutionContext.java:117)
	at io.cucumber.testng.TestNGCucumberRunner.runScenario(TestNGCucumberRunner.java:113)
	at com.DmartLabs.bdd.Runner.TestNgRunner.scenario(TestNgRunner.java:44)
	at sun.reflect.NativeMethodAccessorImpl.invoke0(Native Method)
	at sun.reflect.NativeMethodAccessorImpl.invoke(NativeMethodAccessorImpl.java:62)
	at sun.reflect.DelegatingMethodAccessorImpl.invoke(DelegatingMethodAccessorImpl.java:43)
	at java.lang.reflect.Method.invoke(Method.java:498)
	at org.testng.internal.MethodInvocationHelper.invokeMethod(MethodInvocationHelper.java:133)
	at org.testng.internal.TestInvoker.invokeMethod(TestInvoker.java:584)
	at org.testng.internal.TestInvoker.invokeTestMethod(TestInvoker.java:172)
	at org.testng.internal.MethodRunner.runInSequence(MethodRunner.java:46)
	at org.testng.internal.TestInvoker$MethodInvocationAgent.invoke(TestInvoker.java:804)
	at org.testng.internal.TestInvoker.invokeTestMethods(TestInvoker.java:145)
	at org.testng.internal.TestMethodWorker.invokeTestMethods(TestMethodWorker.java:146)
	at org.testng.internal.TestMethodWorker.run(TestMethodWorker.java:128)
	at java.util.ArrayList.forEach(ArrayList.java:1259)
	at org.testng.TestRunner.privateRun(TestRunner.java:770)
	at org.testng.TestRunner.run(TestRunner.java:591)
	at org.testng.SuiteRunner.runTest(SuiteRunner.java:402)
	at org.testng.SuiteRunner.runSequentially(SuiteRunner.java:396)
	at org.testng.SuiteRunner.privateRun(SuiteRunner.java:355)
	at org.testng.SuiteRunner.run(SuiteRunner.java:304)
	at org.testng.SuiteRunnerWorker.runSuite(SuiteRunnerWorker.java:53)
	at org.testng.SuiteRunnerWorker.run(SuiteRunnerWorker.java:96)
	at org.testng.TestNG.runSuitesSequentially(TestNG.java:1180)
	at org.testng.TestNG.runSuitesLocally(TestNG.java:1102)
	at org.testng.TestNG.runSuites(TestNG.java:1032)
	at org.testng.TestNG.run(TestNG.java:1000)
	at org.apache.maven.surefire.testng.TestNGExecutor.run(TestNGExecutor.java:284)
	at org.apache.maven.surefire.testng.TestNGXmlTestSuite.execute(TestNGXmlTestSuite.java:75)
	at org.apache.maven.surefire.testng.TestNGProvider.invoke(TestNGProvider.java:119)
	at org.apache.maven.surefire.booter.ForkedBooter.runSuitesInProcess(ForkedBooter.java:428)
	at org.apache.maven.surefire.booter.ForkedBooter.execute(ForkedBooter.java:162)
	at org.apache.maven.surefire.booter.ForkedBooter.run(ForkedBooter.java:562)
	at org.apache.maven.surefire.booter.ForkedBooter.main(ForkedBooter.java:548)

      java.lang.NullPointerException
	at com.DmartLabs.stepdefinitions.Hooks.addScreenshot(Hooks.java:173)

  When user verify the items one By One  and move to PickerSevenItems BoxAndDispatchTypeOffline                                                                                      # com.DmartLabs.stepdefinitions.pickerOfflineFlowBoxAndPalletType11Step.userVerifyTheItemsOneByOneAndMoveToPickerSevenItemsBoxAndDispatchTypeOffline()
  Then verify Items picked or not                                                                                                                                                    # com.DmartLabs.stepdefinitions.GenericStep.verifyItemsPickedOrNot()
  And Logout the user from application                                                                                                                                               # com.DmartLabs.stepdefinitions.LogoutSteps.logoutTheUserFromApplication()
  Given Enter username "121346" and password "Sweety123@" to login to the picker application                                                                                         # com.DmartLabs.stepdefinitions.GenericStep.enterUsernameAndPasswordToLoginToThePickerApplication(java.lang.String,java.lang.String)
  And Verify that User is in PWP application's Home Page                                                                                                                             # com.DmartLabs.stepdefinitions.HomePageSteps.verifyThatUserIsInHomePage()
  And Click on Loader Module to perform Loading operations                                                                                                                           # com.DmartLabs.stepdefinitions.HomePageSteps.clickOnLoaderModuleToPerformLoadingOperations()
  And Verify that Loader is in Loader Page                                                                                                                                           # com.DmartLabs.stepdefinitions.LoaderSteps.verifyThatLoaderIsInLoaderPage()
  When Get the delivery number to load the Delivery into the truck                                                                                                                   # com.DmartLabs.stepdefinitions.LoaderSteps.getTheDeliveryNumberToLoadTheDeliveryIntoTheTruck()
  And Search the delivery in a Loader Page                                                                                                                                           # com.DmartLabs.stepdefinitions.LoaderSteps.searchTheDeliveryInALoaderPage()
  And Verify that vehicle is assigned for a Delivery                                                                                                                                 # com.DmartLabs.stepdefinitions.LoaderSteps.verifyThatTruckIsAssignedForADelivery()
  And Verify the dispatch type of a delivery                                                                                                                                         # com.DmartLabs.stepdefinitions.LoaderSteps.verifyTheDispatchTypeOfADelivery()
  And Check the picking progress of a delivery                                                                                                                                       # com.DmartLabs.stepdefinitions.LoaderSteps.checkThePickingProgressOfADelivery()
  And Click on Delivery Card                                                                                                                                                         # com.DmartLabs.stepdefinitions.LoaderSteps.clickOnDeliveryCard1()
  And Verify that loader is in Delivery Details Page                                                                                                                                 # com.DmartLabs.stepdefinitions.LoaderSteps.verifyThatLoaderIsInDeliveryDetailsPage()
  And Go to OFFLINE Mode                                                                                                                                                             # com.DmartLabs.stepdefinitions.LoaderSteps.goToOFFLINEMode()
  And Verify that Loader is in offline mode                                                                                                                                          # com.DmartLabs.stepdefinitions.LoaderSteps.verifyThatLoaderIsInOfflineMode()
  And Load the delivery into the truck in Offline mode and verify that No Network Connection dialouge box and Remote Sync Icon is displayed or not for Pallet type dispatch delivery # com.DmartLabs.stepdefinitions.LoaderSteps.loadTheDeliveryIntoTheTruckInOfflineModeAndVerifyThatNoNetworkConnectionDialougeBoxAndRemoteSyncIconIsDisplayedOrNotForPalletTypeDispatchDelivery()
  And Click on CONFIRM Button in Offline mode                                                                                                                                        # com.DmartLabs.stepdefinitions.LoaderSteps.clickOnCONFIRMButtonInOfflineMode()
  And Verify that No Network Connection dialouge box is displayed                                                                                                                    # com.DmartLabs.stepdefinitions.LoaderSteps.verifyThatNoNetworkConnectionDialougeBoxIsDisplayed()
  And Go to ONLINE mode                                                                                                                                                              # com.DmartLabs.stepdefinitions.LoaderSteps.goToONLINEMode()
  And Confirm the loading                                                                                                                                                            # com.DmartLabs.stepdefinitions.LoaderSteps.confirmTheLoading()
  Then Verify that loading operation is completed                                                                                                                                    # com.DmartLabs.stepdefinitions.LoaderSteps.verifyThatLoadingOperationIsCompleted()
  And Logout the user from Loader application                                                                                                                                        # com.DmartLabs.stepdefinitions.LogoutSteps.logoutTheUserFromLoaderApplication()
@OnFinish: ITestContext
@Stop Appium Server
Stopped appium server...
]]></system-out>
    <system-err><![CDATA[org.openqa.selenium.SessionNotCreatedException: Unable to create a new remote session. Please check the server log for more details. Original error: An unknown server-side error occurred while processing the command. Original error: Device 22315523022723 was not in the list of connected devices
Build info: version: '3.141.59', revision: 'e82be7d358', time: '2018-11-14T08:17:03'
System info: host: 'DESKTOP-9RT33CF', ip: '172.16.1.138', os.name: 'Windows 10', os.arch: 'amd64', os.version: '10.0', java.version: '1.8.0_291'
Driver info: driver.version: AndroidDriver
remote stacktrace: UnknownError: An unknown server-side error occurred while processing the command. Original error: Device 22315523022723 was not in the list of connected devices
    at getResponseForW3CError (C:\Users\FD329\AppData\Roaming\npm\node_modules\appium\node_modules\appium-base-driver\lib\protocol\errors.js:804:9)
    at asyncHandler (C:\Users\FD329\AppData\Roaming\npm\node_modules\appium\node_modules\appium-base-driver\lib\protocol\protocol.js:380:37)
Build info: version: '3.141.59', revision: 'e82be7d358', time: '2018-11-14T08:17:03'
System info: host: 'DESKTOP-9RT33CF', ip: '172.16.1.138', os.name: 'Windows 10', os.arch: 'amd64', os.version: '10.0', java.version: '1.8.0_291'
Driver info: driver.version: AndroidDriver
	at io.appium.java_client.remote.AppiumCommandExecutor$1.createSession(AppiumCommandExecutor.java:216)
	at io.appium.java_client.remote.AppiumCommandExecutor.createSession(AppiumCommandExecutor.java:225)
	at io.appium.java_client.remote.AppiumCommandExecutor.execute(AppiumCommandExecutor.java:247)
	at org.openqa.selenium.remote.RemoteWebDriver.execute(RemoteWebDriver.java:552)
	at io.appium.java_client.DefaultGenericMobileDriver.execute(DefaultGenericMobileDriver.java:41)
	at io.appium.java_client.AppiumDriver.execute(AppiumDriver.java:1)
	at io.appium.java_client.android.AndroidDriver.execute(AndroidDriver.java:1)
	at org.openqa.selenium.remote.RemoteWebDriver.startSession(RemoteWebDriver.java:213)
	at io.appium.java_client.AppiumDriver.startSession(AppiumDriver.java:338)
	at org.openqa.selenium.remote.RemoteWebDriver.<init>(RemoteWebDriver.java:131)
	at io.appium.java_client.DefaultGenericMobileDriver.<init>(DefaultGenericMobileDriver.java:37)
	at io.appium.java_client.AppiumDriver.<init>(AppiumDriver.java:89)
	at io.appium.java_client.AppiumDriver.<init>(AppiumDriver.java:99)
	at io.appium.java_client.android.AndroidDriver.<init>(AndroidDriver.java:96)
	at com.DmartLabs.commonutils.AppiumManager.setDriver(AppiumManager.java:176)
	at com.DmartLabs.commonutils.AppiumManager.createDriver(AppiumManager.java:127)
	at com.DmartLabs.stepdefinitions.Hooks.setUp(Hooks.java:74)
	at sun.reflect.NativeMethodAccessorImpl.invoke0(Native Method)
	at sun.reflect.NativeMethodAccessorImpl.invoke(NativeMethodAccessorImpl.java:62)
	at sun.reflect.DelegatingMethodAccessorImpl.invoke(DelegatingMethodAccessorImpl.java:43)
	at java.lang.reflect.Method.invoke(Method.java:498)
	at io.cucumber.java.Invoker.doInvoke(Invoker.java:66)
	at io.cucumber.java.Invoker.invoke(Invoker.java:24)
	at io.cucumber.java.AbstractGlueDefinition.invokeMethod(AbstractGlueDefinition.java:47)
	at io.cucumber.java.JavaHookDefinition.execute(JavaHookDefinition.java:59)
	at io.cucumber.core.runner.CoreHookDefinition.execute(CoreHookDefinition.java:46)
	at io.cucumber.core.runner.HookDefinitionMatch.runStep(HookDefinitionMatch.java:21)
	at io.cucumber.core.runner.ExecutionMode$1.execute(ExecutionMode.java:10)
	at io.cucumber.core.runner.TestStep.executeStep(TestStep.java:92)
	at io.cucumber.core.runner.TestStep.run(TestStep.java:64)
	at io.cucumber.core.runner.TestCase.run(TestCase.java:98)
	at io.cucumber.core.runner.Runner.runPickle(Runner.java:71)
	at io.cucumber.testng.TestNGCucumberRunner.lambda$runScenario$0(TestNGCucumberRunner.java:116)
	at io.cucumber.core.runtime.CucumberExecutionContext.runTestCase(CucumberExecutionContext.java:117)
	at io.cucumber.testng.TestNGCucumberRunner.runScenario(TestNGCucumberRunner.java:113)
	at com.DmartLabs.bdd.Runner.TestNgRunner.scenario(TestNgRunner.java:44)
	at sun.reflect.NativeMethodAccessorImpl.invoke0(Native Method)
	at sun.reflect.NativeMethodAccessorImpl.invoke(NativeMethodAccessorImpl.java:62)
	at sun.reflect.DelegatingMethodAccessorImpl.invoke(DelegatingMethodAccessorImpl.java:43)
	at java.lang.reflect.Method.invoke(Method.java:498)
	at org.testng.internal.MethodInvocationHelper.invokeMethod(MethodInvocationHelper.java:133)
	at org.testng.internal.TestInvoker.invokeMethod(TestInvoker.java:584)
	at org.testng.internal.TestInvoker.invokeTestMethod(TestInvoker.java:172)
	at org.testng.internal.MethodRunner.runInSequence(MethodRunner.java:46)
	at org.testng.internal.TestInvoker$MethodInvocationAgent.invoke(TestInvoker.java:804)
	at org.testng.internal.TestInvoker.invokeTestMethods(TestInvoker.java:145)
	at org.testng.internal.TestMethodWorker.invokeTestMethods(TestMethodWorker.java:146)
	at org.testng.internal.TestMethodWorker.run(TestMethodWorker.java:128)
	at java.util.ArrayList.forEach(ArrayList.java:1259)
	at org.testng.TestRunner.privateRun(TestRunner.java:770)
	at org.testng.TestRunner.run(TestRunner.java:591)
	at org.testng.SuiteRunner.runTest(SuiteRunner.java:402)
	at org.testng.SuiteRunner.runSequentially(SuiteRunner.java:396)
	at org.testng.SuiteRunner.privateRun(SuiteRunner.java:355)
	at org.testng.SuiteRunner.run(SuiteRunner.java:304)
	at org.testng.SuiteRunnerWorker.runSuite(SuiteRunnerWorker.java:53)
	at org.testng.SuiteRunnerWorker.run(SuiteRunnerWorker.java:96)
	at org.testng.TestNG.runSuitesSequentially(TestNG.java:1180)
	at org.testng.TestNG.runSuitesLocally(TestNG.java:1102)
	at org.testng.TestNG.runSuites(TestNG.java:1032)
	at org.testng.TestNG.run(TestNG.java:1000)
	at org.apache.maven.surefire.testng.TestNGExecutor.run(TestNGExecutor.java:284)
	at org.apache.maven.surefire.testng.TestNGXmlTestSuite.execute(TestNGXmlTestSuite.java:75)
	at org.apache.maven.surefire.testng.TestNGProvider.invoke(TestNGProvider.java:119)
	at org.apache.maven.surefire.booter.ForkedBooter.runSuitesInProcess(ForkedBooter.java:428)
	at org.apache.maven.surefire.booter.ForkedBooter.execute(ForkedBooter.java:162)
	at org.apache.maven.surefire.booter.ForkedBooter.run(ForkedBooter.java:562)
	at org.apache.maven.surefire.booter.ForkedBooter.main(ForkedBooter.java:548)
Caused by: java.lang.reflect.InvocationTargetException
	at sun.reflect.NativeMethodAccessorImpl.invoke0(Native Method)
	at sun.reflect.NativeMethodAccessorImpl.invoke(NativeMethodAccessorImpl.java:62)
	at sun.reflect.DelegatingMethodAccessorImpl.invoke(DelegatingMethodAccessorImpl.java:43)
	at java.lang.reflect.Method.invoke(Method.java:498)
	at io.appium.java_client.remote.AppiumCommandExecutor$1.createSession(AppiumCommandExecutor.java:193)
	... 67 more
Caused by: org.openqa.selenium.WebDriverException: An unknown server-side error occurred while processing the command. Original error: Device 22315523022723 was not in the list of connected devices
Build info: version: '3.141.59', revision: 'e82be7d358', time: '2018-11-14T08:17:03'
System info: host: 'DESKTOP-9RT33CF', ip: '172.16.1.138', os.name: 'Windows 10', os.arch: 'amd64', os.version: '10.0', java.version: '1.8.0_291'
Driver info: driver.version: AndroidDriver
remote stacktrace: UnknownError: An unknown server-side error occurred while processing the command. Original error: Device 22315523022723 was not in the list of connected devices
    at getResponseForW3CError (C:\Users\FD329\AppData\Roaming\npm\node_modules\appium\node_modules\appium-base-driver\lib\protocol\errors.js:804:9)
    at asyncHandler (C:\Users\FD329\AppData\Roaming\npm\node_modules\appium\node_modules\appium-base-driver\lib\protocol\protocol.js:380:37)
	at sun.reflect.NativeConstructorAccessorImpl.newInstance0(Native Method)
	at sun.reflect.NativeConstructorAccessorImpl.newInstance(NativeConstructorAccessorImpl.java:62)
	at sun.reflect.DelegatingConstructorAccessorImpl.newInstance(DelegatingConstructorAccessorImpl.java:45)
	at java.lang.reflect.Constructor.newInstance(Constructor.java:423)
	at org.openqa.selenium.remote.W3CHandshakeResponse.lambda$errorHandler$0(W3CHandshakeResponse.java:62)
	at org.openqa.selenium.remote.HandshakeResponse.lambda$getResponseFunction$0(HandshakeResponse.java:30)
	at org.openqa.selenium.remote.ProtocolHandshake.lambda$createSession$0(ProtocolHandshake.java:126)
	at java.util.stream.ReferencePipeline$3$1.accept(ReferencePipeline.java:193)
	at java.util.Spliterators$ArraySpliterator.tryAdvance(Spliterators.java:958)
	at java.util.stream.ReferencePipeline.forEachWithCancel(ReferencePipeline.java:126)
	at java.util.stream.AbstractPipeline.copyIntoWithCancel(AbstractPipeline.java:499)
	at java.util.stream.AbstractPipeline.copyInto(AbstractPipeline.java:486)
	at java.util.stream.AbstractPipeline.wrapAndCopyInto(AbstractPipeline.java:472)
	at java.util.stream.FindOps$FindOp.evaluateSequential(FindOps.java:152)
	at java.util.stream.AbstractPipeline.evaluate(AbstractPipeline.java:234)
	at java.util.stream.ReferencePipeline.findFirst(ReferencePipeline.java:464)
	at org.openqa.selenium.remote.ProtocolHandshake.createSession(ProtocolHandshake.java:128)
	... 72 more
]]></system-err>
  </testcase>
  <testcase name="scenario[&quot;One Delivery Two HUs&quot;, &quot;Optional[offline BoxAndDispatchType:Pick the items in Delivery and load the Delivery into the truck]&quot;](5)" classname="com.DmartLabs.bdd.Runner.TestNgRunner" time="6.942">
    <failure message="Can not set io.appium.java_client.MobileElement field com.DmartLabs.bdd.pages.GenericLoginPage.username to null value" type="java.lang.IllegalArgumentException"><![CDATA[java.lang.IllegalArgumentException: Can not set io.appium.java_client.MobileElement field com.DmartLabs.bdd.pages.GenericLoginPage.username to null value
	at com.DmartLabs.bdd.Runner.TestNgRunner.scenario(TestNgRunner.java:44)
]]></failure>
    <system-out><![CDATA[
@PickerOneDeliveryTwoHUsOfflineBoxAndDispatchType
Scenario Outline: One Delivery Two HUs                                                                                                                                               # src/test/resources/TestNg/12_PWP_PickerAndLoaderFlow_Offline.feature:70
AlterSuite
prop.capabilities: null
Hooks: Set Appium Manager
size is5
@Start: ITestContext
list size***[com.DmartLabs.commonutils.AppiumManager@5fb97279, com.DmartLabs.commonutils.AppiumManager@3419e23b, com.DmartLabs.commonutils.AppiumManager@18460128, com.DmartLabs.commonutils.AppiumManager@75961f16, com.DmartLabs.commonutils.AppiumManager@78e22d35]
divise
AppiumJSPath: C:\Users\FD329\AppData\Roaming\npm\node_modules\appium\build\lib\main.js
nodePath: C:\Program Files\nodejs\node.exe
&amp#27;[35m[Appium]&amp#27;[39m Welcome to Appium v1.22.3
&amp#27;[35m[Appium]&amp#27;[39m Non-default server args:
&amp#27;[35m[Appium]&amp#27;[39m   address: 127.0.0.1
&amp#27;[35m[Appium]&amp#27;[39m   port: 58930
&amp#27;[35m[Appium]&amp#27;[39m   bootstrapPort: 58928
&amp#27;[35m[Appium]&amp#27;[39m   logFile: C:\Users\FD329\OneDrive\Desktop\QF_Mobile3_1_24\reports\Report_2024-03-05 12-02-40\22315523022723\logs\appium_log_1709620360972.txt
&amp#27;[35m[Appium]&amp#27;[39m   chromedriverPort: 58929
&amp#27;[35m[Appium]&amp#27;[39m Deprecated server args:
&amp#27;[35m[Appium]&amp#27;[39m   &amp#27;[31m--chromedriver-port&amp#27;[39m => --default-capabilities
&amp#27;[35m[Appium]&amp#27;[39m Default capabilities, which will be added to each request unless overridden by desired capabilities:
&amp#27;[35m[Appium]&amp#27;[39m   chromedriverPort: 58929
&amp#27;[35m[Appium]&amp#27;[39m Appium REST http interface listener started on 127.0.0.1:58930
&amp#27;[35m[HTTP]&amp#27;[39m &amp#27;[37m-->&amp#27;[39m &amp#27;[37mGET&amp#27;[39m &amp#27;[37m/wd/hub/status&amp#27;[39m
&amp#27;[35m[HTTP]&amp#27;[39m &amp#27;[90m{}&amp#27;[39m
[debug] &amp#27;[35m[GENERIC]&amp#27;[39m Calling AppiumDriver.getStatus() with args: []
[debug] &amp#27;[35m[GENERIC]&amp#27;[39m Responding to client with driver.getStatus() result: {"build":{"version":"1.22.3"}}
&amp#27;[35m[HTTP]&amp#27;[39m &amp#27;[37m<-- GET /wd/hub/status &amp#27;[39m&amp#27;[32m200&amp#27;[39m &amp#27;[90m9 ms - 68&amp#27;[39m
&amp#27;[35m[HTTP]&amp#27;[39m &amp#27;[90m&amp#27;[39m
Appium Server Started
in side before
Create Driver...
true
Entering Set Caps Local Execution....
setting capabilities
setting isAndroid: true
configJSON: {"server":{"port":1234,"host":"localhost"},"cloudCapabilities":{"app":"lt://APP10160281841703072392455169","build":"krushna","w3c":"true","platformVersion":"13","name":"usa","video":"true","isRealMobile":"true","platformName":"android","region":"AP","deviceName":"Galaxy .*"},"capabilities":{"android":{"appPackage":"com.dlabs.meradmart.mobile","appActivity":"com.dlabs.meradmart.mobile.MainActivity","newCommandTimeout":600,"platformName":"Android","launchTimeout":90000}},"devices":[{"name":"22315523022723","version":"11.0.0","platform":"Android"}],"cloud_server":{"accessKey":"ZyDVxJ8RZPug8JkwdwdwdmTnWaMLcLf1LPTMxkWzwX6nIWWPbgfrQyjT","host":"@mobile-hub.lambdadwwtest.com/wd/hub","userName":"krushna.jenwdwwdwdwaqualitrix"},"properties":{"environment":"local","reportName":"Qualitrix Automation Report"}}Debug ....2
Entering Set Driver Local Execution....
Exception: Unable to create a new remote session. Please check the server log for more details. Original error: An unknown server-side error occurred while processing the command. Original error: Device 22315523022723 was not in the list of connected devices
Build info: version: '3.141.59', revision: 'e82be7d358', time: '2018-11-14T08:17:03'
System info: host: 'DESKTOP-9RT33CF', ip: '172.16.1.138', os.name: 'Windows 10', os.arch: 'amd64', os.version: '10.0', java.version: '1.8.0_291'
Driver info: driver.version: AndroidDriver
remote stacktrace: UnknownError: An unknown server-side error occurred while processing the command. Original error: Device 22315523022723 was not in the list of connected devices
    at getResponseForW3CError (C:\Users\FD329\AppData\Roaming\npm\node_modules\appium\node_modules\appium-base-driver\lib\protocol\errors.js:804:9)
    at asyncHandler (C:\Users\FD329\AppData\Roaming\npm\node_modules\appium\node_modules\appium-base-driver\lib\protocol\protocol.js:380:37)
Build info: version: '3.141.59', revision: 'e82be7d358', time: '2018-11-14T08:17:03'
System info: host: 'DESKTOP-9RT33CF', ip: '172.16.1.138', os.name: 'Windows 10', os.arch: 'amd64', os.version: '10.0', java.version: '1.8.0_291'
Driver info: driver.version: AndroidDriver
  Given Enter username "121346" and password "Sweety123@" to login to the picker application                                                                                         # com.DmartLabs.stepdefinitions.GenericStep.enterUsernameAndPasswordToLoginToThePickerApplication(java.lang.String,java.lang.String)
      java.lang.IllegalArgumentException: Can not set io.appium.java_client.MobileElement field com.DmartLabs.bdd.pages.GenericLoginPage.username to null value
	at sun.reflect.UnsafeFieldAccessorImpl.throwSetIllegalArgumentException(UnsafeFieldAccessorImpl.java:167)
	at sun.reflect.UnsafeFieldAccessorImpl.throwSetIllegalArgumentException(UnsafeFieldAccessorImpl.java:171)
	at sun.reflect.UnsafeObjectFieldAccessorImpl.set(UnsafeObjectFieldAccessorImpl.java:81)
	at java.lang.reflect.Field.set(Field.java:764)
	at org.openqa.selenium.support.PageFactory.proxyFields(PageFactory.java:117)
	at org.openqa.selenium.support.PageFactory.initElements(PageFactory.java:105)
	at com.DmartLabs.bdd.pages.GenericLoginPage.<init>(GenericLoginPage.java:15)
	at com.DmartLabs.stepdefinitions.GenericStep.<init>(GenericStep.java:9)
	at sun.reflect.NativeConstructorAccessorImpl.newInstance0(Native Method)
	at sun.reflect.NativeConstructorAccessorImpl.newInstance(NativeConstructorAccessorImpl.java:62)
	at sun.reflect.DelegatingConstructorAccessorImpl.newInstance(DelegatingConstructorAccessorImpl.java:45)
	at java.lang.reflect.Constructor.newInstance(Constructor.java:423)
	at org.picocontainer.injectors.AbstractInjector.newInstance(AbstractInjector.java:145)
	at org.picocontainer.injectors.ConstructorInjector$1.run(ConstructorInjector.java:342)
	at org.picocontainer.injectors.AbstractInjector$ThreadLocalCyclicDependencyGuard.observe(AbstractInjector.java:270)
	at org.picocontainer.injectors.ConstructorInjector.getComponentInstance(ConstructorInjector.java:364)
	at org.picocontainer.injectors.AbstractInjectionFactory$LifecycleAdapter.getComponentInstance(AbstractInjectionFactory.java:56)
	at org.picocontainer.behaviors.AbstractBehavior.getComponentInstance(AbstractBehavior.java:64)
	at org.picocontainer.behaviors.Stored.getComponentInstance(Stored.java:91)
	at org.picocontainer.DefaultPicoContainer.getInstance(DefaultPicoContainer.java:699)
	at org.picocontainer.DefaultPicoContainer.getComponent(DefaultPicoContainer.java:647)
	at org.picocontainer.DefaultPicoContainer.getComponent(DefaultPicoContainer.java:678)
	at io.cucumber.picocontainer.PicoFactory.getInstance(PicoFactory.java:49)
	at io.cucumber.java.AbstractGlueDefinition.invokeMethod(AbstractGlueDefinition.java:47)
	at io.cucumber.java.JavaStepDefinition.execute(JavaStepDefinition.java:29)
	at io.cucumber.core.runner.CoreStepDefinition.execute(CoreStepDefinition.java:66)
	at io.cucumber.core.runner.PickleStepDefinitionMatch.runStep(PickleStepDefinitionMatch.java:63)
	at io.cucumber.core.runner.ExecutionMode$1.execute(ExecutionMode.java:10)
	at io.cucumber.core.runner.TestStep.executeStep(TestStep.java:92)
	at io.cucumber.core.runner.TestStep.run(TestStep.java:64)
	at io.cucumber.core.runner.PickleStepTestStep.run(PickleStepTestStep.java:51)
	at io.cucumber.core.runner.TestCase.run(TestCase.java:104)
	at io.cucumber.core.runner.Runner.runPickle(Runner.java:71)
	at io.cucumber.testng.TestNGCucumberRunner.lambda$runScenario$0(TestNGCucumberRunner.java:116)
	at io.cucumber.core.runtime.CucumberExecutionContext.runTestCase(CucumberExecutionContext.java:117)
	at io.cucumber.testng.TestNGCucumberRunner.runScenario(TestNGCucumberRunner.java:113)
	at com.DmartLabs.bdd.Runner.TestNgRunner.scenario(TestNgRunner.java:44)
	at sun.reflect.NativeMethodAccessorImpl.invoke0(Native Method)
	at sun.reflect.NativeMethodAccessorImpl.invoke(NativeMethodAccessorImpl.java:62)
	at sun.reflect.DelegatingMethodAccessorImpl.invoke(DelegatingMethodAccessorImpl.java:43)
	at java.lang.reflect.Method.invoke(Method.java:498)
	at org.testng.internal.MethodInvocationHelper.invokeMethod(MethodInvocationHelper.java:133)
	at org.testng.internal.TestInvoker.invokeMethod(TestInvoker.java:584)
	at org.testng.internal.TestInvoker.invokeTestMethod(TestInvoker.java:172)
	at org.testng.internal.MethodRunner.runInSequence(MethodRunner.java:46)
	at org.testng.internal.TestInvoker$MethodInvocationAgent.invoke(TestInvoker.java:804)
	at org.testng.internal.TestInvoker.invokeTestMethods(TestInvoker.java:145)
	at org.testng.internal.TestMethodWorker.invokeTestMethods(TestMethodWorker.java:146)
	at org.testng.internal.TestMethodWorker.run(TestMethodWorker.java:128)
	at java.util.ArrayList.forEach(ArrayList.java:1259)
	at org.testng.TestRunner.privateRun(TestRunner.java:770)
	at org.testng.TestRunner.run(TestRunner.java:591)
	at org.testng.SuiteRunner.runTest(SuiteRunner.java:402)
	at org.testng.SuiteRunner.runSequentially(SuiteRunner.java:396)
	at org.testng.SuiteRunner.privateRun(SuiteRunner.java:355)
	at org.testng.SuiteRunner.run(SuiteRunner.java:304)
	at org.testng.SuiteRunnerWorker.runSuite(SuiteRunnerWorker.java:53)
	at org.testng.SuiteRunnerWorker.run(SuiteRunnerWorker.java:96)
	at org.testng.TestNG.runSuitesSequentially(TestNG.java:1180)
	at org.testng.TestNG.runSuitesLocally(TestNG.java:1102)
	at org.testng.TestNG.runSuites(TestNG.java:1032)
	at org.testng.TestNG.run(TestNG.java:1000)
	at org.apache.maven.surefire.testng.TestNGExecutor.run(TestNGExecutor.java:284)
	at org.apache.maven.surefire.testng.TestNGXmlTestSuite.execute(TestNGXmlTestSuite.java:75)
	at org.apache.maven.surefire.testng.TestNGProvider.invoke(TestNGProvider.java:119)
	at org.apache.maven.surefire.booter.ForkedBooter.runSuitesInProcess(ForkedBooter.java:428)
	at org.apache.maven.surefire.booter.ForkedBooter.execute(ForkedBooter.java:162)
	at org.apache.maven.surefire.booter.ForkedBooter.run(ForkedBooter.java:562)
	at org.apache.maven.surefire.booter.ForkedBooter.main(ForkedBooter.java:548)

      java.lang.NullPointerException
	at com.DmartLabs.stepdefinitions.Hooks.addScreenshot(Hooks.java:173)

  When user verify the items one By One  and move to pickList one HU BoxAndDispatchTypeOffline                                                                                       # com.DmartLabs.stepdefinitions.pickerOfflineFlowBoxAndPalletType11Step.userVerifyTheItemsOneByOneAndMoveToPickListOneHUBoxAndDispatchTypeOffline(io.cucumber.datatable.DataTable)
  Then verify Items picked or not                                                                                                                                                    # com.DmartLabs.stepdefinitions.GenericStep.verifyItemsPickedOrNot()
  And Logout the user from application                                                                                                                                               # com.DmartLabs.stepdefinitions.LogoutSteps.logoutTheUserFromApplication()
  Given Enter username "121346" and password "Sweety123@" to login to the picker application                                                                                         # com.DmartLabs.stepdefinitions.GenericStep.enterUsernameAndPasswordToLoginToThePickerApplication(java.lang.String,java.lang.String)
  And Verify that User is in PWP application's Home Page                                                                                                                             # com.DmartLabs.stepdefinitions.HomePageSteps.verifyThatUserIsInHomePage()
  And Click on Loader Module to perform Loading operations                                                                                                                           # com.DmartLabs.stepdefinitions.HomePageSteps.clickOnLoaderModuleToPerformLoadingOperations()
  And Verify that Loader is in Loader Page                                                                                                                                           # com.DmartLabs.stepdefinitions.LoaderSteps.verifyThatLoaderIsInLoaderPage()
  When Get the delivery number to load the Delivery into the truck                                                                                                                   # com.DmartLabs.stepdefinitions.LoaderSteps.getTheDeliveryNumberToLoadTheDeliveryIntoTheTruck()
  And Search the delivery in a Loader Page                                                                                                                                           # com.DmartLabs.stepdefinitions.LoaderSteps.searchTheDeliveryInALoaderPage()
  And Verify that vehicle is assigned for a Delivery                                                                                                                                 # com.DmartLabs.stepdefinitions.LoaderSteps.verifyThatTruckIsAssignedForADelivery()
  And Verify the dispatch type of a delivery                                                                                                                                         # com.DmartLabs.stepdefinitions.LoaderSteps.verifyTheDispatchTypeOfADelivery()
  And Check the picking progress of a delivery                                                                                                                                       # com.DmartLabs.stepdefinitions.LoaderSteps.checkThePickingProgressOfADelivery()
  And Click on Delivery Card                                                                                                                                                         # com.DmartLabs.stepdefinitions.LoaderSteps.clickOnDeliveryCard1()
  And Verify that loader is in Delivery Details Page                                                                                                                                 # com.DmartLabs.stepdefinitions.LoaderSteps.verifyThatLoaderIsInDeliveryDetailsPage()
  And Go to OFFLINE Mode                                                                                                                                                             # com.DmartLabs.stepdefinitions.LoaderSteps.goToOFFLINEMode()
  And Verify that Loader is in offline mode                                                                                                                                          # com.DmartLabs.stepdefinitions.LoaderSteps.verifyThatLoaderIsInOfflineMode()
  And Load the delivery into the truck in Offline mode and verify that No Network Connection dialouge box and Remote Sync Icon is displayed or not for Pallet type dispatch delivery # com.DmartLabs.stepdefinitions.LoaderSteps.loadTheDeliveryIntoTheTruckInOfflineModeAndVerifyThatNoNetworkConnectionDialougeBoxAndRemoteSyncIconIsDisplayedOrNotForPalletTypeDispatchDelivery()
  And Click on CONFIRM Button in Offline mode                                                                                                                                        # com.DmartLabs.stepdefinitions.LoaderSteps.clickOnCONFIRMButtonInOfflineMode()
  And Verify that No Network Connection dialouge box is displayed                                                                                                                    # com.DmartLabs.stepdefinitions.LoaderSteps.verifyThatNoNetworkConnectionDialougeBoxIsDisplayed()
  And Go to ONLINE mode                                                                                                                                                              # com.DmartLabs.stepdefinitions.LoaderSteps.goToONLINEMode()
  And Confirm the loading                                                                                                                                                            # com.DmartLabs.stepdefinitions.LoaderSteps.confirmTheLoading()
  Then Verify that loading operation is completed                                                                                                                                    # com.DmartLabs.stepdefinitions.LoaderSteps.verifyThatLoadingOperationIsCompleted()
  And Logout the user from Loader application                                                                                                                                        # com.DmartLabs.stepdefinitions.LogoutSteps.logoutTheUserFromLoaderApplication()
@OnFinish: ITestContext
@Stop Appium Server
Stopped appium server...
]]></system-out>
    <system-err><![CDATA[org.openqa.selenium.SessionNotCreatedException: Unable to create a new remote session. Please check the server log for more details. Original error: An unknown server-side error occurred while processing the command. Original error: Device 22315523022723 was not in the list of connected devices
Build info: version: '3.141.59', revision: 'e82be7d358', time: '2018-11-14T08:17:03'
System info: host: 'DESKTOP-9RT33CF', ip: '172.16.1.138', os.name: 'Windows 10', os.arch: 'amd64', os.version: '10.0', java.version: '1.8.0_291'
Driver info: driver.version: AndroidDriver
remote stacktrace: UnknownError: An unknown server-side error occurred while processing the command. Original error: Device 22315523022723 was not in the list of connected devices
    at getResponseForW3CError (C:\Users\FD329\AppData\Roaming\npm\node_modules\appium\node_modules\appium-base-driver\lib\protocol\errors.js:804:9)
    at asyncHandler (C:\Users\FD329\AppData\Roaming\npm\node_modules\appium\node_modules\appium-base-driver\lib\protocol\protocol.js:380:37)
Build info: version: '3.141.59', revision: 'e82be7d358', time: '2018-11-14T08:17:03'
System info: host: 'DESKTOP-9RT33CF', ip: '172.16.1.138', os.name: 'Windows 10', os.arch: 'amd64', os.version: '10.0', java.version: '1.8.0_291'
Driver info: driver.version: AndroidDriver
	at io.appium.java_client.remote.AppiumCommandExecutor$1.createSession(AppiumCommandExecutor.java:216)
	at io.appium.java_client.remote.AppiumCommandExecutor.createSession(AppiumCommandExecutor.java:225)
	at io.appium.java_client.remote.AppiumCommandExecutor.execute(AppiumCommandExecutor.java:247)
	at org.openqa.selenium.remote.RemoteWebDriver.execute(RemoteWebDriver.java:552)
	at io.appium.java_client.DefaultGenericMobileDriver.execute(DefaultGenericMobileDriver.java:41)
	at io.appium.java_client.AppiumDriver.execute(AppiumDriver.java:1)
	at io.appium.java_client.android.AndroidDriver.execute(AndroidDriver.java:1)
	at org.openqa.selenium.remote.RemoteWebDriver.startSession(RemoteWebDriver.java:213)
	at io.appium.java_client.AppiumDriver.startSession(AppiumDriver.java:338)
	at org.openqa.selenium.remote.RemoteWebDriver.<init>(RemoteWebDriver.java:131)
	at io.appium.java_client.DefaultGenericMobileDriver.<init>(DefaultGenericMobileDriver.java:37)
	at io.appium.java_client.AppiumDriver.<init>(AppiumDriver.java:89)
	at io.appium.java_client.AppiumDriver.<init>(AppiumDriver.java:99)
	at io.appium.java_client.android.AndroidDriver.<init>(AndroidDriver.java:96)
	at com.DmartLabs.commonutils.AppiumManager.setDriver(AppiumManager.java:176)
	at com.DmartLabs.commonutils.AppiumManager.createDriver(AppiumManager.java:127)
	at com.DmartLabs.stepdefinitions.Hooks.setUp(Hooks.java:74)
	at sun.reflect.NativeMethodAccessorImpl.invoke0(Native Method)
	at sun.reflect.NativeMethodAccessorImpl.invoke(NativeMethodAccessorImpl.java:62)
	at sun.reflect.DelegatingMethodAccessorImpl.invoke(DelegatingMethodAccessorImpl.java:43)
	at java.lang.reflect.Method.invoke(Method.java:498)
	at io.cucumber.java.Invoker.doInvoke(Invoker.java:66)
	at io.cucumber.java.Invoker.invoke(Invoker.java:24)
	at io.cucumber.java.AbstractGlueDefinition.invokeMethod(AbstractGlueDefinition.java:47)
	at io.cucumber.java.JavaHookDefinition.execute(JavaHookDefinition.java:59)
	at io.cucumber.core.runner.CoreHookDefinition.execute(CoreHookDefinition.java:46)
	at io.cucumber.core.runner.HookDefinitionMatch.runStep(HookDefinitionMatch.java:21)
	at io.cucumber.core.runner.ExecutionMode$1.execute(ExecutionMode.java:10)
	at io.cucumber.core.runner.TestStep.executeStep(TestStep.java:92)
	at io.cucumber.core.runner.TestStep.run(TestStep.java:64)
	at io.cucumber.core.runner.TestCase.run(TestCase.java:98)
	at io.cucumber.core.runner.Runner.runPickle(Runner.java:71)
	at io.cucumber.testng.TestNGCucumberRunner.lambda$runScenario$0(TestNGCucumberRunner.java:116)
	at io.cucumber.core.runtime.CucumberExecutionContext.runTestCase(CucumberExecutionContext.java:117)
	at io.cucumber.testng.TestNGCucumberRunner.runScenario(TestNGCucumberRunner.java:113)
	at com.DmartLabs.bdd.Runner.TestNgRunner.scenario(TestNgRunner.java:44)
	at sun.reflect.NativeMethodAccessorImpl.invoke0(Native Method)
	at sun.reflect.NativeMethodAccessorImpl.invoke(NativeMethodAccessorImpl.java:62)
	at sun.reflect.DelegatingMethodAccessorImpl.invoke(DelegatingMethodAccessorImpl.java:43)
	at java.lang.reflect.Method.invoke(Method.java:498)
	at org.testng.internal.MethodInvocationHelper.invokeMethod(MethodInvocationHelper.java:133)
	at org.testng.internal.TestInvoker.invokeMethod(TestInvoker.java:584)
	at org.testng.internal.TestInvoker.invokeTestMethod(TestInvoker.java:172)
	at org.testng.internal.MethodRunner.runInSequence(MethodRunner.java:46)
	at org.testng.internal.TestInvoker$MethodInvocationAgent.invoke(TestInvoker.java:804)
	at org.testng.internal.TestInvoker.invokeTestMethods(TestInvoker.java:145)
	at org.testng.internal.TestMethodWorker.invokeTestMethods(TestMethodWorker.java:146)
	at org.testng.internal.TestMethodWorker.run(TestMethodWorker.java:128)
	at java.util.ArrayList.forEach(ArrayList.java:1259)
	at org.testng.TestRunner.privateRun(TestRunner.java:770)
	at org.testng.TestRunner.run(TestRunner.java:591)
	at org.testng.SuiteRunner.runTest(SuiteRunner.java:402)
	at org.testng.SuiteRunner.runSequentially(SuiteRunner.java:396)
	at org.testng.SuiteRunner.privateRun(SuiteRunner.java:355)
	at org.testng.SuiteRunner.run(SuiteRunner.java:304)
	at org.testng.SuiteRunnerWorker.runSuite(SuiteRunnerWorker.java:53)
	at org.testng.SuiteRunnerWorker.run(SuiteRunnerWorker.java:96)
	at org.testng.TestNG.runSuitesSequentially(TestNG.java:1180)
	at org.testng.TestNG.runSuitesLocally(TestNG.java:1102)
	at org.testng.TestNG.runSuites(TestNG.java:1032)
	at org.testng.TestNG.run(TestNG.java:1000)
	at org.apache.maven.surefire.testng.TestNGExecutor.run(TestNGExecutor.java:284)
	at org.apache.maven.surefire.testng.TestNGXmlTestSuite.execute(TestNGXmlTestSuite.java:75)
	at org.apache.maven.surefire.testng.TestNGProvider.invoke(TestNGProvider.java:119)
	at org.apache.maven.surefire.booter.ForkedBooter.runSuitesInProcess(ForkedBooter.java:428)
	at org.apache.maven.surefire.booter.ForkedBooter.execute(ForkedBooter.java:162)
	at org.apache.maven.surefire.booter.ForkedBooter.run(ForkedBooter.java:562)
	at org.apache.maven.surefire.booter.ForkedBooter.main(ForkedBooter.java:548)
Caused by: java.lang.reflect.InvocationTargetException
	at sun.reflect.NativeMethodAccessorImpl.invoke0(Native Method)
	at sun.reflect.NativeMethodAccessorImpl.invoke(NativeMethodAccessorImpl.java:62)
	at sun.reflect.DelegatingMethodAccessorImpl.invoke(DelegatingMethodAccessorImpl.java:43)
	at java.lang.reflect.Method.invoke(Method.java:498)
	at io.appium.java_client.remote.AppiumCommandExecutor$1.createSession(AppiumCommandExecutor.java:193)
	... 67 more
Caused by: org.openqa.selenium.WebDriverException: An unknown server-side error occurred while processing the command. Original error: Device 22315523022723 was not in the list of connected devices
Build info: version: '3.141.59', revision: 'e82be7d358', time: '2018-11-14T08:17:03'
System info: host: 'DESKTOP-9RT33CF', ip: '172.16.1.138', os.name: 'Windows 10', os.arch: 'amd64', os.version: '10.0', java.version: '1.8.0_291'
Driver info: driver.version: AndroidDriver
remote stacktrace: UnknownError: An unknown server-side error occurred while processing the command. Original error: Device 22315523022723 was not in the list of connected devices
    at getResponseForW3CError (C:\Users\FD329\AppData\Roaming\npm\node_modules\appium\node_modules\appium-base-driver\lib\protocol\errors.js:804:9)
    at asyncHandler (C:\Users\FD329\AppData\Roaming\npm\node_modules\appium\node_modules\appium-base-driver\lib\protocol\protocol.js:380:37)
	at sun.reflect.NativeConstructorAccessorImpl.newInstance0(Native Method)
	at sun.reflect.NativeConstructorAccessorImpl.newInstance(NativeConstructorAccessorImpl.java:62)
	at sun.reflect.DelegatingConstructorAccessorImpl.newInstance(DelegatingConstructorAccessorImpl.java:45)
	at java.lang.reflect.Constructor.newInstance(Constructor.java:423)
	at org.openqa.selenium.remote.W3CHandshakeResponse.lambda$errorHandler$0(W3CHandshakeResponse.java:62)
	at org.openqa.selenium.remote.HandshakeResponse.lambda$getResponseFunction$0(HandshakeResponse.java:30)
	at org.openqa.selenium.remote.ProtocolHandshake.lambda$createSession$0(ProtocolHandshake.java:126)
	at java.util.stream.ReferencePipeline$3$1.accept(ReferencePipeline.java:193)
	at java.util.Spliterators$ArraySpliterator.tryAdvance(Spliterators.java:958)
	at java.util.stream.ReferencePipeline.forEachWithCancel(ReferencePipeline.java:126)
	at java.util.stream.AbstractPipeline.copyIntoWithCancel(AbstractPipeline.java:499)
	at java.util.stream.AbstractPipeline.copyInto(AbstractPipeline.java:486)
	at java.util.stream.AbstractPipeline.wrapAndCopyInto(AbstractPipeline.java:472)
	at java.util.stream.FindOps$FindOp.evaluateSequential(FindOps.java:152)
	at java.util.stream.AbstractPipeline.evaluate(AbstractPipeline.java:234)
	at java.util.stream.ReferencePipeline.findFirst(ReferencePipeline.java:464)
	at org.openqa.selenium.remote.ProtocolHandshake.createSession(ProtocolHandshake.java:128)
	... 72 more
]]></system-err>
  </testcase>
  <testcase name="scenario[&quot;pick the items with invalid quantity&quot;, &quot;Optional[offline BoxAndDispatchType:Pick the items in Delivery and load the Delivery into the truck]&quot;](6)" classname="com.DmartLabs.bdd.Runner.TestNgRunner" time="4.033">
    <failure message="Can not set io.appium.java_client.MobileElement field com.DmartLabs.bdd.pages.GenericLoginPage.username to null value" type="java.lang.IllegalArgumentException"><![CDATA[java.lang.IllegalArgumentException: Can not set io.appium.java_client.MobileElement field com.DmartLabs.bdd.pages.GenericLoginPage.username to null value
	at com.DmartLabs.bdd.Runner.TestNgRunner.scenario(TestNgRunner.java:44)
]]></failure>
    <system-out><![CDATA[
@PickerInvalidQunatityOfflineBoxAndDispatchType
Scenario Outline: pick the items with invalid quantity                                                                                                                               # src/test/resources/TestNg/12_PWP_PickerAndLoaderFlow_Offline.feature:124
AlterSuite
prop.capabilities: null
Hooks: Set Appium Manager
size is6
@Start: ITestContext
list size***[com.DmartLabs.commonutils.AppiumManager@5fb97279, com.DmartLabs.commonutils.AppiumManager@3419e23b, com.DmartLabs.commonutils.AppiumManager@18460128, com.DmartLabs.commonutils.AppiumManager@75961f16, com.DmartLabs.commonutils.AppiumManager@78e22d35, com.DmartLabs.commonutils.AppiumManager@625d9132]
divise
AppiumJSPath: C:\Users\FD329\AppData\Roaming\npm\node_modules\appium\build\lib\main.js
nodePath: C:\Program Files\nodejs\node.exe
&amp#27;[35m[Appium]&amp#27;[39m Welcome to Appium v1.22.3
&amp#27;[35m[Appium]&amp#27;[39m Non-default server args:
&amp#27;[35m[Appium]&amp#27;[39m   address: 127.0.0.1
&amp#27;[35m[Appium]&amp#27;[39m   port: 58967
&amp#27;[35m[Appium]&amp#27;[39m   bootstrapPort: 58965
&amp#27;[35m[Appium]&amp#27;[39m   logFile: C:\Users\FD329\OneDrive\Desktop\QF_Mobile3_1_24\reports\Report_2024-03-05 12-02-47\22315523022723\logs\appium_log_1709620367935.txt
&amp#27;[35m[Appium]&amp#27;[39m   chromedriverPort: 58966
&amp#27;[35m[Appium]&amp#27;[39m Deprecated server args:
&amp#27;[35m[Appium]&amp#27;[39m   &amp#27;[31m--chromedriver-port&amp#27;[39m => --default-capabilities
&amp#27;[35m[Appium]&amp#27;[39m Default capabilities, which will be added to each request unless overridden by desired capabilities:
&amp#27;[35m[Appium]&amp#27;[39m   chromedriverPort: 58966
&amp#27;[35m[Appium]&amp#27;[39m Appium REST http interface listener started on 127.0.0.1:58967
&amp#27;[35m[HTTP]&amp#27;[39m &amp#27;[37m-->&amp#27;[39m &amp#27;[37mGET&amp#27;[39m &amp#27;[37m/wd/hub/status&amp#27;[39m
&amp#27;[35m[HTTP]&amp#27;[39m &amp#27;[90m{}&amp#27;[39m
[debug] &amp#27;[35m[GENERIC]&amp#27;[39m Calling AppiumDriver.getStatus() with args: []
[debug] &amp#27;[35m[GENERIC]&amp#27;[39m Responding to client with driver.getStatus() result: {"build":{"version":"1.22.3"}}
Appium Server Started
in side before
Create Driver...
true
Entering Set Caps Local Execution....
setting capabilities
setting isAndroid: true
configJSON: {"server":{"port":1234,"host":"localhost"},"cloudCapabilities":{"app":"lt://APP10160281841703072392455169","build":"krushna","w3c":"true","platformVersion":"13","name":"usa","video":"true","isRealMobile":"true","platformName":"android","region":"AP","deviceName":"Galaxy .*"},"capabilities":{"android":{"appPackage":"com.dlabs.meradmart.mobile","appActivity":"com.dlabs.meradmart.mobile.MainActivity","newCommandTimeout":600,"platformName":"Android","launchTimeout":90000}},"devices":[{"name":"22315523022723","version":"11.0.0","platform":"Android"}],"cloud_server":{"accessKey":"ZyDVxJ8RZPug8JkwdwdwdmTnWaMLcLf1LPTMxkWzwX6nIWWPbgfrQyjT","host":"@mobile-hub.lambdadwwtest.com/wd/hub","userName":"krushna.jenwdwwdwdwaqualitrix"},"properties":{"environment":"local","reportName":"Qualitrix Automation Report"}}Debug ....2
Entering Set Driver Local Execution....
Exception: Unable to create a new remote session. Please check the server log for more details. Original error: An unknown server-side error occurred while processing the command. Original error: Device 22315523022723 was not in the list of connected devices
Build info: version: '3.141.59', revision: 'e82be7d358', time: '2018-11-14T08:17:03'
System info: host: 'DESKTOP-9RT33CF', ip: '172.16.1.138', os.name: 'Windows 10', os.arch: 'amd64', os.version: '10.0', java.version: '1.8.0_291'
Driver info: driver.version: AndroidDriver
remote stacktrace: UnknownError: An unknown server-side error occurred while processing the command. Original error: Device 22315523022723 was not in the list of connected devices
    at getResponseForW3CError (C:\Users\FD329\AppData\Roaming\npm\node_modules\appium\node_modules\appium-base-driver\lib\protocol\errors.js:804:9)
    at asyncHandler (C:\Users\FD329\AppData\Roaming\npm\node_modules\appium\node_modules\appium-base-driver\lib\protocol\protocol.js:380:37)
Build info: version: '3.141.59', revision: 'e82be7d358', time: '2018-11-14T08:17:03'
System info: host: 'DESKTOP-9RT33CF', ip: '172.16.1.138', os.name: 'Windows 10', os.arch: 'amd64', os.version: '10.0', java.version: '1.8.0_291'
Driver info: driver.version: AndroidDriver
  Given Enter username "121346" and password "Sweety123@" to login to the picker application                                                                                         # com.DmartLabs.stepdefinitions.GenericStep.enterUsernameAndPasswordToLoginToThePickerApplication(java.lang.String,java.lang.String)
      java.lang.IllegalArgumentException: Can not set io.appium.java_client.MobileElement field com.DmartLabs.bdd.pages.GenericLoginPage.username to null value
	at sun.reflect.UnsafeFieldAccessorImpl.throwSetIllegalArgumentException(UnsafeFieldAccessorImpl.java:167)
	at sun.reflect.UnsafeFieldAccessorImpl.throwSetIllegalArgumentException(UnsafeFieldAccessorImpl.java:171)
	at sun.reflect.UnsafeObjectFieldAccessorImpl.set(UnsafeObjectFieldAccessorImpl.java:81)
	at java.lang.reflect.Field.set(Field.java:764)
	at org.openqa.selenium.support.PageFactory.proxyFields(PageFactory.java:117)
	at org.openqa.selenium.support.PageFactory.initElements(PageFactory.java:105)
	at com.DmartLabs.bdd.pages.GenericLoginPage.<init>(GenericLoginPage.java:15)
	at com.DmartLabs.stepdefinitions.GenericStep.<init>(GenericStep.java:9)
	at sun.reflect.NativeConstructorAccessorImpl.newInstance0(Native Method)
	at sun.reflect.NativeConstructorAccessorImpl.newInstance(NativeConstructorAccessorImpl.java:62)
	at sun.reflect.DelegatingConstructorAccessorImpl.newInstance(DelegatingConstructorAccessorImpl.java:45)
	at java.lang.reflect.Constructor.newInstance(Constructor.java:423)
	at org.picocontainer.injectors.AbstractInjector.newInstance(AbstractInjector.java:145)
	at org.picocontainer.injectors.ConstructorInjector$1.run(ConstructorInjector.java:342)
	at org.picocontainer.injectors.AbstractInjector$ThreadLocalCyclicDependencyGuard.observe(AbstractInjector.java:270)
	at org.picocontainer.injectors.ConstructorInjector.getComponentInstance(ConstructorInjector.java:364)
	at org.picocontainer.injectors.AbstractInjectionFactory$LifecycleAdapter.getComponentInstance(AbstractInjectionFactory.java:56)
	at org.picocontainer.behaviors.AbstractBehavior.getComponentInstance(AbstractBehavior.java:64)
	at org.picocontainer.behaviors.Stored.getComponentInstance(Stored.java:91)
	at org.picocontainer.DefaultPicoContainer.getInstance(DefaultPicoContainer.java:699)
	at org.picocontainer.DefaultPicoContainer.getComponent(DefaultPicoContainer.java:647)
	at org.picocontainer.DefaultPicoContainer.getComponent(DefaultPicoContainer.java:678)
	at io.cucumber.picocontainer.PicoFactory.getInstance(PicoFactory.java:49)
	at io.cucumber.java.AbstractGlueDefinition.invokeMethod(AbstractGlueDefinition.java:47)
	at io.cucumber.java.JavaStepDefinition.execute(JavaStepDefinition.java:29)
	at io.cucumber.core.runner.CoreStepDefinition.execute(CoreStepDefinition.java:66)
	at io.cucumber.core.runner.PickleStepDefinitionMatch.runStep(PickleStepDefinitionMatch.java:63)
	at io.cucumber.core.runner.ExecutionMode$1.execute(ExecutionMode.java:10)
	at io.cucumber.core.runner.TestStep.executeStep(TestStep.java:92)
	at io.cucumber.core.runner.TestStep.run(TestStep.java:64)
	at io.cucumber.core.runner.PickleStepTestStep.run(PickleStepTestStep.java:51)
	at io.cucumber.core.runner.TestCase.run(TestCase.java:104)
	at io.cucumber.core.runner.Runner.runPickle(Runner.java:71)
	at io.cucumber.testng.TestNGCucumberRunner.lambda$runScenario$0(TestNGCucumberRunner.java:116)
	at io.cucumber.core.runtime.CucumberExecutionContext.runTestCase(CucumberExecutionContext.java:117)
	at io.cucumber.testng.TestNGCucumberRunner.runScenario(TestNGCucumberRunner.java:113)
	at com.DmartLabs.bdd.Runner.TestNgRunner.scenario(TestNgRunner.java:44)
	at sun.reflect.NativeMethodAccessorImpl.invoke0(Native Method)
	at sun.reflect.NativeMethodAccessorImpl.invoke(NativeMethodAccessorImpl.java:62)
	at sun.reflect.DelegatingMethodAccessorImpl.invoke(DelegatingMethodAccessorImpl.java:43)
	at java.lang.reflect.Method.invoke(Method.java:498)
	at org.testng.internal.MethodInvocationHelper.invokeMethod(MethodInvocationHelper.java:133)
	at org.testng.internal.TestInvoker.invokeMethod(TestInvoker.java:584)
	at org.testng.internal.TestInvoker.invokeTestMethod(TestInvoker.java:172)
	at org.testng.internal.MethodRunner.runInSequence(MethodRunner.java:46)
	at org.testng.internal.TestInvoker$MethodInvocationAgent.invoke(TestInvoker.java:804)
	at org.testng.internal.TestInvoker.invokeTestMethods(TestInvoker.java:145)
	at org.testng.internal.TestMethodWorker.invokeTestMethods(TestMethodWorker.java:146)
	at org.testng.internal.TestMethodWorker.run(TestMethodWorker.java:128)
	at java.util.ArrayList.forEach(ArrayList.java:1259)
	at org.testng.TestRunner.privateRun(TestRunner.java:770)
	at org.testng.TestRunner.run(TestRunner.java:591)
	at org.testng.SuiteRunner.runTest(SuiteRunner.java:402)
	at org.testng.SuiteRunner.runSequentially(SuiteRunner.java:396)
	at org.testng.SuiteRunner.privateRun(SuiteRunner.java:355)
	at org.testng.SuiteRunner.run(SuiteRunner.java:304)
	at org.testng.SuiteRunnerWorker.runSuite(SuiteRunnerWorker.java:53)
	at org.testng.SuiteRunnerWorker.run(SuiteRunnerWorker.java:96)
	at org.testng.TestNG.runSuitesSequentially(TestNG.java:1180)
	at org.testng.TestNG.runSuitesLocally(TestNG.java:1102)
	at org.testng.TestNG.runSuites(TestNG.java:1032)
	at org.testng.TestNG.run(TestNG.java:1000)
	at org.apache.maven.surefire.testng.TestNGExecutor.run(TestNGExecutor.java:284)
	at org.apache.maven.surefire.testng.TestNGXmlTestSuite.execute(TestNGXmlTestSuite.java:75)
	at org.apache.maven.surefire.testng.TestNGProvider.invoke(TestNGProvider.java:119)
	at org.apache.maven.surefire.booter.ForkedBooter.runSuitesInProcess(ForkedBooter.java:428)
	at org.apache.maven.surefire.booter.ForkedBooter.execute(ForkedBooter.java:162)
	at org.apache.maven.surefire.booter.ForkedBooter.run(ForkedBooter.java:562)
	at org.apache.maven.surefire.booter.ForkedBooter.main(ForkedBooter.java:548)

      java.lang.NullPointerException
	at com.DmartLabs.stepdefinitions.Hooks.addScreenshot(Hooks.java:173)

  When user verify the items one By One  and move to pickList with invalid Quantity BoxAndDispatchTypeOffline                                                                        # com.DmartLabs.stepdefinitions.pickerOfflineFlowBoxAndPalletType11Step.userVerifyTheItemsOneByOneAndMoveToPickListWithInvalidQuantityBoxAndDispatchTypeOffline(io.cucumber.datatable.DataTable)
  And user verify the items one By One  and move to pickList without InvalidQuantityOffline                                                                                          # com.DmartLabs.stepdefinitions.pickerOfflineFlowBoxAndPalletType11Step.userVerifyTheItemsOneByOneAndMoveToPickListWithoutInvalidQuantityOffline(io.cucumber.datatable.DataTable)
  And user verify the items one By One  and move to pickList without InvalidQuantity remaining itemsOffline                                                                          # com.DmartLabs.stepdefinitions.pickerOfflineFlowBoxAndPalletType11Step.userVerifyTheItemsOneByOneAndMoveToPickListWithoutInvalidQuantityRemainingItemsOffline()
  Then verify Items picked or not                                                                                                                                                    # com.DmartLabs.stepdefinitions.GenericStep.verifyItemsPickedOrNot()
  And Logout the user from application                                                                                                                                               # com.DmartLabs.stepdefinitions.LogoutSteps.logoutTheUserFromApplication()
  Given Enter username "121346" and password "Sweety123@" to login to the picker application                                                                                         # com.DmartLabs.stepdefinitions.GenericStep.enterUsernameAndPasswordToLoginToThePickerApplication(java.lang.String,java.lang.String)
  And Verify that User is in PWP application's Home Page                                                                                                                             # com.DmartLabs.stepdefinitions.HomePageSteps.verifyThatUserIsInHomePage()
  And Click on Loader Module to perform Loading operations                                                                                                                           # com.DmartLabs.stepdefinitions.HomePageSteps.clickOnLoaderModuleToPerformLoadingOperations()
  And Verify that Loader is in Loader Page                                                                                                                                           # com.DmartLabs.stepdefinitions.LoaderSteps.verifyThatLoaderIsInLoaderPage()
  When Get the delivery number to load the Delivery into the truck                                                                                                                   # com.DmartLabs.stepdefinitions.LoaderSteps.getTheDeliveryNumberToLoadTheDeliveryIntoTheTruck()
  And Search the delivery in a Loader Page                                                                                                                                           # com.DmartLabs.stepdefinitions.LoaderSteps.searchTheDeliveryInALoaderPage()
  And Verify that vehicle is assigned for a Delivery                                                                                                                                 # com.DmartLabs.stepdefinitions.LoaderSteps.verifyThatTruckIsAssignedForADelivery()
  And Verify the dispatch type of a delivery                                                                                                                                         # com.DmartLabs.stepdefinitions.LoaderSteps.verifyTheDispatchTypeOfADelivery()
  And Check the picking progress of a delivery                                                                                                                                       # com.DmartLabs.stepdefinitions.LoaderSteps.checkThePickingProgressOfADelivery()
  And Click on Delivery Card                                                                                                                                                         # com.DmartLabs.stepdefinitions.LoaderSteps.clickOnDeliveryCard1()
  And Verify that loader is in Delivery Details Page                                                                                                                                 # com.DmartLabs.stepdefinitions.LoaderSteps.verifyThatLoaderIsInDeliveryDetailsPage()
  And Go to OFFLINE Mode                                                                                                                                                             # com.DmartLabs.stepdefinitions.LoaderSteps.goToOFFLINEMode()
  And Verify that Loader is in offline mode                                                                                                                                          # com.DmartLabs.stepdefinitions.LoaderSteps.verifyThatLoaderIsInOfflineMode()
  And Load the delivery into the truck in Offline mode and verify that No Network Connection dialouge box and Remote Sync Icon is displayed or not for Pallet type dispatch delivery # com.DmartLabs.stepdefinitions.LoaderSteps.loadTheDeliveryIntoTheTruckInOfflineModeAndVerifyThatNoNetworkConnectionDialougeBoxAndRemoteSyncIconIsDisplayedOrNotForPalletTypeDispatchDelivery()
  And Click on CONFIRM Button in Offline mode                                                                                                                                        # com.DmartLabs.stepdefinitions.LoaderSteps.clickOnCONFIRMButtonInOfflineMode()
  And Verify that No Network Connection dialouge box is displayed                                                                                                                    # com.DmartLabs.stepdefinitions.LoaderSteps.verifyThatNoNetworkConnectionDialougeBoxIsDisplayed()
  And Go to ONLINE mode                                                                                                                                                              # com.DmartLabs.stepdefinitions.LoaderSteps.goToONLINEMode()
  And Confirm the loading                                                                                                                                                            # com.DmartLabs.stepdefinitions.LoaderSteps.confirmTheLoading()
  Then Verify that loading operation is completed                                                                                                                                    # com.DmartLabs.stepdefinitions.LoaderSteps.verifyThatLoadingOperationIsCompleted()
  And Logout the user from Loader application                                                                                                                                        # com.DmartLabs.stepdefinitions.LogoutSteps.logoutTheUserFromLoaderApplication()
@OnFinish: ITestContext
@Stop Appium Server
Stopped appium server...
]]></system-out>
    <system-err><![CDATA[org.openqa.selenium.SessionNotCreatedException: Unable to create a new remote session. Please check the server log for more details. Original error: An unknown server-side error occurred while processing the command. Original error: Device 22315523022723 was not in the list of connected devices
Build info: version: '3.141.59', revision: 'e82be7d358', time: '2018-11-14T08:17:03'
System info: host: 'DESKTOP-9RT33CF', ip: '172.16.1.138', os.name: 'Windows 10', os.arch: 'amd64', os.version: '10.0', java.version: '1.8.0_291'
Driver info: driver.version: AndroidDriver
remote stacktrace: UnknownError: An unknown server-side error occurred while processing the command. Original error: Device 22315523022723 was not in the list of connected devices
    at getResponseForW3CError (C:\Users\FD329\AppData\Roaming\npm\node_modules\appium\node_modules\appium-base-driver\lib\protocol\errors.js:804:9)
    at asyncHandler (C:\Users\FD329\AppData\Roaming\npm\node_modules\appium\node_modules\appium-base-driver\lib\protocol\protocol.js:380:37)
Build info: version: '3.141.59', revision: 'e82be7d358', time: '2018-11-14T08:17:03'
System info: host: 'DESKTOP-9RT33CF', ip: '172.16.1.138', os.name: 'Windows 10', os.arch: 'amd64', os.version: '10.0', java.version: '1.8.0_291'
Driver info: driver.version: AndroidDriver
	at io.appium.java_client.remote.AppiumCommandExecutor$1.createSession(AppiumCommandExecutor.java:216)
	at io.appium.java_client.remote.AppiumCommandExecutor.createSession(AppiumCommandExecutor.java:225)
	at io.appium.java_client.remote.AppiumCommandExecutor.execute(AppiumCommandExecutor.java:247)
	at org.openqa.selenium.remote.RemoteWebDriver.execute(RemoteWebDriver.java:552)
	at io.appium.java_client.DefaultGenericMobileDriver.execute(DefaultGenericMobileDriver.java:41)
	at io.appium.java_client.AppiumDriver.execute(AppiumDriver.java:1)
	at io.appium.java_client.android.AndroidDriver.execute(AndroidDriver.java:1)
	at org.openqa.selenium.remote.RemoteWebDriver.startSession(RemoteWebDriver.java:213)
	at io.appium.java_client.AppiumDriver.startSession(AppiumDriver.java:338)
	at org.openqa.selenium.remote.RemoteWebDriver.<init>(RemoteWebDriver.java:131)
	at io.appium.java_client.DefaultGenericMobileDriver.<init>(DefaultGenericMobileDriver.java:37)
	at io.appium.java_client.AppiumDriver.<init>(AppiumDriver.java:89)
	at io.appium.java_client.AppiumDriver.<init>(AppiumDriver.java:99)
	at io.appium.java_client.android.AndroidDriver.<init>(AndroidDriver.java:96)
	at com.DmartLabs.commonutils.AppiumManager.setDriver(AppiumManager.java:176)
	at com.DmartLabs.commonutils.AppiumManager.createDriver(AppiumManager.java:127)
	at com.DmartLabs.stepdefinitions.Hooks.setUp(Hooks.java:74)
	at sun.reflect.NativeMethodAccessorImpl.invoke0(Native Method)
	at sun.reflect.NativeMethodAccessorImpl.invoke(NativeMethodAccessorImpl.java:62)
	at sun.reflect.DelegatingMethodAccessorImpl.invoke(DelegatingMethodAccessorImpl.java:43)
	at java.lang.reflect.Method.invoke(Method.java:498)
	at io.cucumber.java.Invoker.doInvoke(Invoker.java:66)
	at io.cucumber.java.Invoker.invoke(Invoker.java:24)
	at io.cucumber.java.AbstractGlueDefinition.invokeMethod(AbstractGlueDefinition.java:47)
	at io.cucumber.java.JavaHookDefinition.execute(JavaHookDefinition.java:59)
	at io.cucumber.core.runner.CoreHookDefinition.execute(CoreHookDefinition.java:46)
	at io.cucumber.core.runner.HookDefinitionMatch.runStep(HookDefinitionMatch.java:21)
	at io.cucumber.core.runner.ExecutionMode$1.execute(ExecutionMode.java:10)
	at io.cucumber.core.runner.TestStep.executeStep(TestStep.java:92)
	at io.cucumber.core.runner.TestStep.run(TestStep.java:64)
	at io.cucumber.core.runner.TestCase.run(TestCase.java:98)
	at io.cucumber.core.runner.Runner.runPickle(Runner.java:71)
	at io.cucumber.testng.TestNGCucumberRunner.lambda$runScenario$0(TestNGCucumberRunner.java:116)
	at io.cucumber.core.runtime.CucumberExecutionContext.runTestCase(CucumberExecutionContext.java:117)
	at io.cucumber.testng.TestNGCucumberRunner.runScenario(TestNGCucumberRunner.java:113)
	at com.DmartLabs.bdd.Runner.TestNgRunner.scenario(TestNgRunner.java:44)
	at sun.reflect.NativeMethodAccessorImpl.invoke0(Native Method)
	at sun.reflect.NativeMethodAccessorImpl.invoke(NativeMethodAccessorImpl.java:62)
	at sun.reflect.DelegatingMethodAccessorImpl.invoke(DelegatingMethodAccessorImpl.java:43)
	at java.lang.reflect.Method.invoke(Method.java:498)
	at org.testng.internal.MethodInvocationHelper.invokeMethod(MethodInvocationHelper.java:133)
	at org.testng.internal.TestInvoker.invokeMethod(TestInvoker.java:584)
	at org.testng.internal.TestInvoker.invokeTestMethod(TestInvoker.java:172)
	at org.testng.internal.MethodRunner.runInSequence(MethodRunner.java:46)
	at org.testng.internal.TestInvoker$MethodInvocationAgent.invoke(TestInvoker.java:804)
	at org.testng.internal.TestInvoker.invokeTestMethods(TestInvoker.java:145)
	at org.testng.internal.TestMethodWorker.invokeTestMethods(TestMethodWorker.java:146)
	at org.testng.internal.TestMethodWorker.run(TestMethodWorker.java:128)
	at java.util.ArrayList.forEach(ArrayList.java:1259)
	at org.testng.TestRunner.privateRun(TestRunner.java:770)
	at org.testng.TestRunner.run(TestRunner.java:591)
	at org.testng.SuiteRunner.runTest(SuiteRunner.java:402)
	at org.testng.SuiteRunner.runSequentially(SuiteRunner.java:396)
	at org.testng.SuiteRunner.privateRun(SuiteRunner.java:355)
	at org.testng.SuiteRunner.run(SuiteRunner.java:304)
	at org.testng.SuiteRunnerWorker.runSuite(SuiteRunnerWorker.java:53)
	at org.testng.SuiteRunnerWorker.run(SuiteRunnerWorker.java:96)
	at org.testng.TestNG.runSuitesSequentially(TestNG.java:1180)
	at org.testng.TestNG.runSuitesLocally(TestNG.java:1102)
	at org.testng.TestNG.runSuites(TestNG.java:1032)
	at org.testng.TestNG.run(TestNG.java:1000)
	at org.apache.maven.surefire.testng.TestNGExecutor.run(TestNGExecutor.java:284)
	at org.apache.maven.surefire.testng.TestNGXmlTestSuite.execute(TestNGXmlTestSuite.java:75)
	at org.apache.maven.surefire.testng.TestNGProvider.invoke(TestNGProvider.java:119)
	at org.apache.maven.surefire.booter.ForkedBooter.runSuitesInProcess(ForkedBooter.java:428)
	at org.apache.maven.surefire.booter.ForkedBooter.execute(ForkedBooter.java:162)
	at org.apache.maven.surefire.booter.ForkedBooter.run(ForkedBooter.java:562)
	at org.apache.maven.surefire.booter.ForkedBooter.main(ForkedBooter.java:548)
Caused by: java.lang.reflect.InvocationTargetException
	at sun.reflect.NativeMethodAccessorImpl.invoke0(Native Method)
	at sun.reflect.NativeMethodAccessorImpl.invoke(NativeMethodAccessorImpl.java:62)
	at sun.reflect.DelegatingMethodAccessorImpl.invoke(DelegatingMethodAccessorImpl.java:43)
	at java.lang.reflect.Method.invoke(Method.java:498)
	at io.appium.java_client.remote.AppiumCommandExecutor$1.createSession(AppiumCommandExecutor.java:193)
	... 67 more
Caused by: org.openqa.selenium.WebDriverException: An unknown server-side error occurred while processing the command. Original error: Device 22315523022723 was not in the list of connected devices
Build info: version: '3.141.59', revision: 'e82be7d358', time: '2018-11-14T08:17:03'
System info: host: 'DESKTOP-9RT33CF', ip: '172.16.1.138', os.name: 'Windows 10', os.arch: 'amd64', os.version: '10.0', java.version: '1.8.0_291'
Driver info: driver.version: AndroidDriver
remote stacktrace: UnknownError: An unknown server-side error occurred while processing the command. Original error: Device 22315523022723 was not in the list of connected devices
    at getResponseForW3CError (C:\Users\FD329\AppData\Roaming\npm\node_modules\appium\node_modules\appium-base-driver\lib\protocol\errors.js:804:9)
    at asyncHandler (C:\Users\FD329\AppData\Roaming\npm\node_modules\appium\node_modules\appium-base-driver\lib\protocol\protocol.js:380:37)
	at sun.reflect.NativeConstructorAccessorImpl.newInstance0(Native Method)
	at sun.reflect.NativeConstructorAccessorImpl.newInstance(NativeConstructorAccessorImpl.java:62)
	at sun.reflect.DelegatingConstructorAccessorImpl.newInstance(DelegatingConstructorAccessorImpl.java:45)
	at java.lang.reflect.Constructor.newInstance(Constructor.java:423)
	at org.openqa.selenium.remote.W3CHandshakeResponse.lambda$errorHandler$0(W3CHandshakeResponse.java:62)
	at org.openqa.selenium.remote.HandshakeResponse.lambda$getResponseFunction$0(HandshakeResponse.java:30)
	at org.openqa.selenium.remote.ProtocolHandshake.lambda$createSession$0(ProtocolHandshake.java:126)
	at java.util.stream.ReferencePipeline$3$1.accept(ReferencePipeline.java:193)
	at java.util.Spliterators$ArraySpliterator.tryAdvance(Spliterators.java:958)
	at java.util.stream.ReferencePipeline.forEachWithCancel(ReferencePipeline.java:126)
	at java.util.stream.AbstractPipeline.copyIntoWithCancel(AbstractPipeline.java:499)
	at java.util.stream.AbstractPipeline.copyInto(AbstractPipeline.java:486)
	at java.util.stream.AbstractPipeline.wrapAndCopyInto(AbstractPipeline.java:472)
	at java.util.stream.FindOps$FindOp.evaluateSequential(FindOps.java:152)
	at java.util.stream.AbstractPipeline.evaluate(AbstractPipeline.java:234)
	at java.util.stream.ReferencePipeline.findFirst(ReferencePipeline.java:464)
	at org.openqa.selenium.remote.ProtocolHandshake.createSession(ProtocolHandshake.java:128)
	... 72 more
]]></system-err>
  </testcase>
</testsuite>